{"C:\\app_build\\Iexist\\backend\\app.ts": {"path":"C:\\app_build\\Iexist\\backend\\app.ts","statementMap":{"0":{"start":{"line":2,"column":0},"end":{"line":2,"column":67}},"1":{"start":{"line":3,"column":0},"end":{"line":3,"column":51}},"2":{"start":{"line":4,"column":0},"end":{"line":4,"column":60}},"3":{"start":{"line":5,"column":0},"end":{"line":5,"column":58}},"4":{"start":{"line":6,"column":0},"end":{"line":6,"column":79}},"5":{"start":{"line":7,"column":0},"end":{"line":7,"column":61}},"6":{"start":{"line":8,"column":0},"end":{"line":8,"column":59}},"7":{"start":{"line":9,"column":0},"end":{"line":9,"column":62}},"8":{"start":{"line":10,"column":0},"end":{"line":10,"column":57}},"9":{"start":{"line":11,"column":0},"end":{"line":11,"column":53}},"10":{"start":{"line":12,"column":0},"end":{"line":12,"column":56}},"11":{"start":{"line":13,"column":0},"end":{"line":13,"column":38}},"12":{"start":{"line":14,"column":0},"end":{"line":14,"column":45}},"13":{"start":{"line":15,"column":0},"end":{"line":15,"column":40}},"14":{"start":{"line":16,"column":0},"end":{"line":16,"column":37}},"15":{"start":{"line":17,"column":12},"end":{"line":17,"column":21}},"16":{"start":{"line":18,"column":19},"end":{"line":18,"column":65}},"17":{"start":{"line":20,"column":0},"end":{"line":20,"column":24}},"18":{"start":{"line":21,"column":0},"end":{"line":21,"column":24}},"19":{"start":{"line":22,"column":0},"end":{"line":22,"column":48}},"20":{"start":{"line":23,"column":0},"end":{"line":25,"column":1}},"21":{"start":{"line":24,"column":2},"end":{"line":24,"column":22}},"22":{"start":{"line":26,"column":0},"end":{"line":26,"column":20}},"23":{"start":{"line":29,"column":0},"end":{"line":34,"column":3}},"24":{"start":{"line":30,"column":2},"end":{"line":33,"column":5}},"25":{"start":{"line":37,"column":0},"end":{"line":37,"column":24}},"26":{"start":{"line":40,"column":0},"end":{"line":40,"column":34}},"27":{"start":{"line":41,"column":0},"end":{"line":41,"column":48}},"28":{"start":{"line":42,"column":0},"end":{"line":42,"column":50}},"29":{"start":{"line":43,"column":0},"end":{"line":43,"column":39}},"30":{"start":{"line":46,"column":23},"end":{"line":46,"column":39}},"31":{"start":{"line":47,"column":0},"end":{"line":49,"column":3}},"32":{"start":{"line":48,"column":2},"end":{"line":48,"column":51}},"33":{"start":{"line":51,"column":0},"end":{"line":51,"column":38}},"34":{"start":{"line":62,"column":0},"end":{"line":90,"column":3}},"35":{"start":{"line":63,"column":2},"end":{"line":68,"column":3}},"36":{"start":{"line":64,"column":4},"end":{"line":67,"column":7}},"37":{"start":{"line":70,"column":28},"end":{"line":70,"column":36}},"38":{"start":{"line":73,"column":2},"end":{"line":79,"column":3}},"39":{"start":{"line":74,"column":4},"end":{"line":77,"column":7}},"40":{"start":{"line":78,"column":4},"end":{"line":78,"column":46}},"41":{"start":{"line":82,"column":2},"end":{"line":84,"column":3}},"42":{"start":{"line":83,"column":4},"end":{"line":83,"column":53}},"43":{"start":{"line":86,"column":2},"end":{"line":89,"column":5}},"44":{"start":{"line":93,"column":0},"end":{"line":93,"column":71}},"45":{"start":{"line":94,"column":0},"end":{"line":94,"column":75}},"46":{"start":{"line":95,"column":0},"end":{"line":95,"column":76}},"47":{"start":{"line":96,"column":0},"end":{"line":96,"column":103}},"48":{"start":{"line":98,"column":0},"end":{"line":98,"column":34}},"49":{"start":{"line":99,"column":0},"end":{"line":99,"column":25}},"50":{"start":{"line":100,"column":0},"end":{"line":100,"column":32}},"51":{"start":{"line":103,"column":0},"end":{"line":111,"column":3}},"52":{"start":{"line":105,"column":2},"end":{"line":105,"column":58}},"53":{"start":{"line":107,"column":2},"end":{"line":110,"column":5}},"54":{"start":{"line":113,"column":0},"end":{"line":113,"column":19}}},"fnMap":{"0":{"name":"(anonymous_10)","decl":{"start":{"line":29,"column":13},"end":{"line":29,"column":14}},"loc":{"start":{"line":29,"column":51},"end":{"line":34,"column":1}}},"1":{"name":"(anonymous_11)","decl":{"start":{"line":47,"column":41},"end":{"line":47,"column":42}},"loc":{"start":{"line":47,"column":99},"end":{"line":49,"column":1}}},"2":{"name":"(anonymous_12)","decl":{"start":{"line":62,"column":36},"end":{"line":62,"column":37}},"loc":{"start":{"line":62,"column":68},"end":{"line":90,"column":1}}},"3":{"name":"(anonymous_13)","decl":{"start":{"line":103,"column":8},"end":{"line":103,"column":9}},"loc":{"start":{"line":103,"column":46},"end":{"line":111,"column":1}}}},"branchMap":{"0":{"loc":{"start":{"line":23,"column":0},"end":{"line":25,"column":1}},"type":"if","locations":[{"start":{"line":23,"column":0},"end":{"line":25,"column":1}}]},"1":{"loc":{"start":{"line":63,"column":2},"end":{"line":68,"column":3}},"type":"if","locations":[{"start":{"line":63,"column":2},"end":{"line":68,"column":3}}]},"2":{"loc":{"start":{"line":73,"column":2},"end":{"line":79,"column":3}},"type":"if","locations":[{"start":{"line":73,"column":2},"end":{"line":79,"column":3}}]},"3":{"loc":{"start":{"line":73,"column":6},"end":{"line":73,"column":28}},"type":"binary-expr","locations":[{"start":{"line":73,"column":6},"end":{"line":73,"column":11}},{"start":{"line":73,"column":15},"end":{"line":73,"column":28}}]},"4":{"loc":{"start":{"line":82,"column":2},"end":{"line":84,"column":3}},"type":"if","locations":[{"start":{"line":82,"column":2},"end":{"line":84,"column":3}}]}},"s":{"0":105,"1":105,"2":105,"3":105,"4":105,"5":105,"6":105,"7":105,"8":105,"9":105,"10":105,"11":105,"12":105,"13":105,"14":105,"15":105,"16":105,"17":105,"18":105,"19":105,"20":105,"21":0,"22":105,"23":105,"24":4,"25":105,"26":105,"27":105,"28":105,"29":105,"30":105,"31":105,"32":0,"33":105,"34":105,"35":1,"36":0,"37":1,"38":1,"39":1,"40":1,"41":1,"42":1,"43":1,"44":105,"45":105,"46":105,"47":105,"48":105,"49":105,"50":105,"51":105,"52":8,"53":8,"54":105},"f":{"0":4,"1":0,"2":1,"3":8},"b":{"0":[0],"1":[0],"2":[1],"3":[1,1],"4":[1]}}
,"C:\\app_build\\Iexist\\backend\\server.ts": {"path":"C:\\app_build\\Iexist\\backend\\server.ts","statementMap":{"0":{"start":{"line":3,"column":0},"end":{"line":3,"column":24}},"1":{"start":{"line":4,"column":0},"end":{"line":4,"column":28}},"2":{"start":{"line":5,"column":0},"end":{"line":5,"column":30}},"3":{"start":{"line":7,"column":0},"end":{"line":7,"column":24}},"4":{"start":{"line":8,"column":0},"end":{"line":8,"column":38}},"5":{"start":{"line":9,"column":0},"end":{"line":9,"column":61}},"6":{"start":{"line":10,"column":0},"end":{"line":10,"column":56}},"7":{"start":{"line":11,"column":0},"end":{"line":11,"column":39}},"8":{"start":{"line":12,"column":0},"end":{"line":12,"column":50}},"9":{"start":{"line":13,"column":0},"end":{"line":13,"column":53}},"10":{"start":{"line":14,"column":0},"end":{"line":14,"column":46}},"11":{"start":{"line":15,"column":0},"end":{"line":15,"column":41}},"12":{"start":{"line":16,"column":0},"end":{"line":16,"column":56}},"13":{"start":{"line":17,"column":0},"end":{"line":17,"column":40}},"14":{"start":{"line":18,"column":0},"end":{"line":18,"column":51}},"15":{"start":{"line":19,"column":0},"end":{"line":19,"column":41}},"16":{"start":{"line":20,"column":0},"end":{"line":20,"column":38}},"17":{"start":{"line":21,"column":0},"end":{"line":21,"column":40}},"18":{"start":{"line":24,"column":0},"end":{"line":24,"column":61}},"19":{"start":{"line":25,"column":0},"end":{"line":25,"column":50}},"20":{"start":{"line":28,"column":0},"end":{"line":28,"column":16}},"21":{"start":{"line":31,"column":0},"end":{"line":34,"column":1}},"22":{"start":{"line":32,"column":22},"end":{"line":32,"column":58}},"23":{"start":{"line":33,"column":2},"end":{"line":33,"column":39}},"24":{"start":{"line":36,"column":12},"end":{"line":36,"column":21}},"25":{"start":{"line":233,"column":2},"end":{"line":233,"column":5}},"26":{"start":{"line":39,"column":0},"end":{"line":42,"column":1}},"27":{"start":{"line":40,"column":17},"end":{"line":40,"column":34}},"28":{"start":{"line":41,"column":2},"end":{"line":41,"column":25}},"29":{"start":{"line":45,"column":0},"end":{"line":45,"column":16}},"30":{"start":{"line":46,"column":0},"end":{"line":46,"column":24}},"31":{"start":{"line":47,"column":0},"end":{"line":47,"column":24}},"32":{"start":{"line":48,"column":0},"end":{"line":48,"column":48}},"33":{"start":{"line":49,"column":0},"end":{"line":49,"column":69}},"34":{"start":{"line":53,"column":0},"end":{"line":80,"column":1}},"35":{"start":{"line":54,"column":2},"end":{"line":67,"column":5}},"36":{"start":{"line":69,"column":2},"end":{"line":79,"column":5}},"37":{"start":{"line":83,"column":27},"end":{"line":103,"column":1}},"38":{"start":{"line":84,"column":2},"end":{"line":102,"column":3}},"39":{"start":{"line":86,"column":4},"end":{"line":86,"column":38}},"40":{"start":{"line":89,"column":4},"end":{"line":91,"column":5}},"41":{"start":{"line":90,"column":6},"end":{"line":90,"column":64}},"42":{"start":{"line":93,"column":4},"end":{"line":93,"column":45}},"43":{"start":{"line":96,"column":4},"end":{"line":101,"column":5}},"44":{"start":{"line":97,"column":6},"end":{"line":97,"column":37}},"45":{"start":{"line":98,"column":6},"end":{"line":98,"column":35}},"46":{"start":{"line":100,"column":6},"end":{"line":100,"column":54}},"47":{"start":{"line":83,"column":13},"end":{"line":83,"column":27}},"48":{"start":{"line":106,"column":47},"end":{"line":106,"column":51}},"49":{"start":{"line":109,"column":0},"end":{"line":109,"column":33}},"50":{"start":{"line":110,"column":0},"end":{"line":110,"column":34}},"51":{"start":{"line":111,"column":0},"end":{"line":111,"column":40}},"52":{"start":{"line":112,"column":0},"end":{"line":112,"column":36}},"53":{"start":{"line":113,"column":0},"end":{"line":113,"column":46}},"54":{"start":{"line":114,"column":0},"end":{"line":114,"column":44}},"55":{"start":{"line":115,"column":0},"end":{"line":115,"column":48}},"56":{"start":{"line":116,"column":0},"end":{"line":116,"column":50}},"57":{"start":{"line":117,"column":0},"end":{"line":117,"column":34}},"58":{"start":{"line":118,"column":0},"end":{"line":118,"column":35}},"59":{"start":{"line":119,"column":0},"end":{"line":119,"column":32}},"60":{"start":{"line":122,"column":0},"end":{"line":127,"column":3}},"61":{"start":{"line":123,"column":2},"end":{"line":126,"column":5}},"62":{"start":{"line":130,"column":0},"end":{"line":130,"column":22}},"63":{"start":{"line":133,"column":0},"end":{"line":139,"column":3}},"64":{"start":{"line":134,"column":2},"end":{"line":134,"column":31}},"65":{"start":{"line":135,"column":2},"end":{"line":138,"column":5}},"66":{"start":{"line":141,"column":13},"end":{"line":141,"column":92}},"67":{"start":{"line":143,"column":36},"end":{"line":143,"column":40}},"68":{"start":{"line":233,"column":18},"end":{"line":233,"column":32}},"69":{"start":{"line":145,"column":20},"end":{"line":173,"column":1}},"70":{"start":{"line":146,"column":2},"end":{"line":172,"column":3}},"71":{"start":{"line":147,"column":4},"end":{"line":147,"column":35}},"72":{"start":{"line":149,"column":4},"end":{"line":158,"column":5}},"73":{"start":{"line":150,"column":6},"end":{"line":150,"column":41}},"74":{"start":{"line":153,"column":6},"end":{"line":155,"column":7}},"75":{"start":{"line":154,"column":8},"end":{"line":154,"column":59}},"76":{"start":{"line":157,"column":6},"end":{"line":157,"column":34}},"77":{"start":{"line":160,"column":4},"end":{"line":165,"column":7}},"78":{"start":{"line":161,"column":6},"end":{"line":164,"column":9}},"79":{"start":{"line":162,"column":8},"end":{"line":162,"column":47}},"80":{"start":{"line":163,"column":8},"end":{"line":163,"column":42}},"81":{"start":{"line":167,"column":4},"end":{"line":167,"column":38}},"82":{"start":{"line":168,"column":4},"end":{"line":170,"column":5}},"83":{"start":{"line":169,"column":6},"end":{"line":169,"column":58}},"84":{"start":{"line":171,"column":4},"end":{"line":171,"column":16}},"85":{"start":{"line":233,"column":34},"end":{"line":233,"column":45}},"86":{"start":{"line":175,"column":19},"end":{"line":230,"column":1}},"87":{"start":{"line":176,"column":2},"end":{"line":229,"column":3}},"88":{"start":{"line":178,"column":4},"end":{"line":182,"column":5}},"89":{"start":{"line":179,"column":6},"end":{"line":179,"column":39}},"90":{"start":{"line":180,"column":6},"end":{"line":180,"column":31}},"91":{"start":{"line":181,"column":6},"end":{"line":181,"column":41}},"92":{"start":{"line":185,"column":4},"end":{"line":204,"column":5}},"93":{"start":{"line":186,"column":6},"end":{"line":202,"column":9}},"94":{"start":{"line":187,"column":29},"end":{"line":190,"column":16}},"95":{"start":{"line":188,"column":10},"end":{"line":188,"column":43}},"96":{"start":{"line":189,"column":10},"end":{"line":189,"column":20}},"97":{"start":{"line":192,"column":8},"end":{"line":201,"column":11}},"98":{"start":{"line":193,"column":10},"end":{"line":193,"column":37}},"99":{"start":{"line":194,"column":10},"end":{"line":200,"column":11}},"100":{"start":{"line":195,"column":12},"end":{"line":195,"column":44}},"101":{"start":{"line":196,"column":12},"end":{"line":196,"column":22}},"102":{"start":{"line":198,"column":12},"end":{"line":198,"column":41}},"103":{"start":{"line":199,"column":12},"end":{"line":199,"column":22}},"104":{"start":{"line":203,"column":6},"end":{"line":203,"column":28}},"105":{"start":{"line":207,"column":4},"end":{"line":215,"column":5}},"106":{"start":{"line":208,"column":6},"end":{"line":211,"column":9}},"107":{"start":{"line":210,"column":31},"end":{"line":210,"column":56}},"108":{"start":{"line":212,"column":6},"end":{"line":212,"column":36}},"109":{"start":{"line":214,"column":6},"end":{"line":214,"column":47}},"110":{"start":{"line":217,"column":4},"end":{"line":217,"column":49}},"111":{"start":{"line":219,"column":4},"end":{"line":223,"column":5}},"112":{"start":{"line":220,"column":6},"end":{"line":222,"column":14}},"113":{"start":{"line":221,"column":8},"end":{"line":221,"column":36}},"114":{"start":{"line":225,"column":4},"end":{"line":225,"column":16}},"115":{"start":{"line":227,"column":4},"end":{"line":227,"column":40}},"116":{"start":{"line":228,"column":4},"end":{"line":228,"column":17}},"117":{"start":{"line":234,"column":2},"end":{"line":234,"column":12}}},"fnMap":{"0":{"name":"(anonymous_1)","decl":{"start":{"line":83,"column":27},"end":{"line":83,"column":32}},"loc":{"start":{"line":83,"column":38},"end":{"line":103,"column":1}}},"1":{"name":"(anonymous_2)","decl":{"start":{"line":122,"column":13},"end":{"line":122,"column":14}},"loc":{"start":{"line":122,"column":26},"end":{"line":127,"column":1}}},"2":{"name":"(anonymous_3)","decl":{"start":{"line":133,"column":8},"end":{"line":133,"column":9}},"loc":{"start":{"line":133,"column":96},"end":{"line":139,"column":1}}},"3":{"name":"(anonymous_4)","decl":{"start":{"line":145,"column":20},"end":{"line":145,"column":25}},"loc":{"start":{"line":145,"column":31},"end":{"line":173,"column":1}}},"4":{"name":"(anonymous_5)","decl":{"start":{"line":160,"column":31},"end":{"line":160,"column":32}},"loc":{"start":{"line":160,"column":43},"end":{"line":165,"column":5}}},"5":{"name":"(anonymous_6)","decl":{"start":{"line":161,"column":40},"end":{"line":161,"column":43}},"loc":{"start":{"line":161,"column":45},"end":{"line":164,"column":7}}},"6":{"name":"(anonymous_7)","decl":{"start":{"line":175,"column":19},"end":{"line":175,"column":24}},"loc":{"start":{"line":175,"column":30},"end":{"line":230,"column":1}}},"7":{"name":"(anonymous_8)","decl":{"start":{"line":186,"column":30},"end":{"line":186,"column":31}},"loc":{"start":{"line":186,"column":42},"end":{"line":202,"column":7}}},"8":{"name":"(anonymous_9)","decl":{"start":{"line":187,"column":40},"end":{"line":187,"column":43}},"loc":{"start":{"line":187,"column":45},"end":{"line":190,"column":9}}},"9":{"name":"(anonymous_10)","decl":{"start":{"line":192,"column":30},"end":{"line":192,"column":31}},"loc":{"start":{"line":192,"column":38},"end":{"line":201,"column":9}}},"10":{"name":"(anonymous_11)","decl":{"start":{"line":210,"column":20},"end":{"line":210,"column":27}},"loc":{"start":{"line":210,"column":31},"end":{"line":210,"column":56}}},"11":{"name":"(anonymous_12)","decl":{"start":{"line":220,"column":17},"end":{"line":220,"column":20}},"loc":{"start":{"line":220,"column":22},"end":{"line":222,"column":7}}}},"branchMap":{"0":{"loc":{"start":{"line":24,"column":23},"end":{"line":24,"column":60}},"type":"binary-expr","locations":[{"start":{"line":24,"column":23},"end":{"line":24,"column":43}},{"start":{"line":24,"column":47},"end":{"line":24,"column":60}}]},"1":{"loc":{"start":{"line":31,"column":0},"end":{"line":34,"column":1}},"type":"if","locations":[{"start":{"line":31,"column":0},"end":{"line":34,"column":1}}]},"2":{"loc":{"start":{"line":39,"column":0},"end":{"line":42,"column":1}},"type":"if","locations":[{"start":{"line":39,"column":0},"end":{"line":42,"column":1}}]},"3":{"loc":{"start":{"line":53,"column":0},"end":{"line":80,"column":1}},"type":"if","locations":[{"start":{"line":53,"column":0},"end":{"line":80,"column":1}},{"start":{"line":68,"column":7},"end":{"line":80,"column":1}}]},"4":{"loc":{"start":{"line":89,"column":4},"end":{"line":91,"column":5}},"type":"if","locations":[{"start":{"line":89,"column":4},"end":{"line":91,"column":5}}]},"5":{"loc":{"start":{"line":89,"column":8},"end":{"line":89,"column":76}},"type":"binary-expr","locations":[{"start":{"line":89,"column":8},"end":{"line":89,"column":39}},{"start":{"line":89,"column":43},"end":{"line":89,"column":76}}]},"6":{"loc":{"start":{"line":141,"column":13},"end":{"line":141,"column":92}},"type":"cond-expr","locations":[{"start":{"line":141,"column":47},"end":{"line":141,"column":51}},{"start":{"line":141,"column":55},"end":{"line":141,"column":91}}]},"7":{"loc":{"start":{"line":141,"column":64},"end":{"line":141,"column":90}},"type":"binary-expr","locations":[{"start":{"line":141,"column":64},"end":{"line":141,"column":80}},{"start":{"line":141,"column":84},"end":{"line":141,"column":90}}]},"8":{"loc":{"start":{"line":149,"column":4},"end":{"line":158,"column":5}},"type":"if","locations":[{"start":{"line":149,"column":4},"end":{"line":158,"column":5}},{"start":{"line":156,"column":11},"end":{"line":158,"column":5}}]},"9":{"loc":{"start":{"line":153,"column":6},"end":{"line":155,"column":7}},"type":"if","locations":[{"start":{"line":153,"column":6},"end":{"line":155,"column":7}}]},"10":{"loc":{"start":{"line":168,"column":4},"end":{"line":170,"column":5}},"type":"if","locations":[{"start":{"line":168,"column":4},"end":{"line":170,"column":5}}]},"11":{"loc":{"start":{"line":178,"column":4},"end":{"line":182,"column":5}},"type":"if","locations":[{"start":{"line":178,"column":4},"end":{"line":182,"column":5}}]},"12":{"loc":{"start":{"line":185,"column":4},"end":{"line":204,"column":5}},"type":"if","locations":[{"start":{"line":185,"column":4},"end":{"line":204,"column":5}}]},"13":{"loc":{"start":{"line":194,"column":10},"end":{"line":200,"column":11}},"type":"if","locations":[{"start":{"line":194,"column":10},"end":{"line":200,"column":11}},{"start":{"line":197,"column":17},"end":{"line":200,"column":11}}]},"14":{"loc":{"start":{"line":219,"column":4},"end":{"line":223,"column":5}},"type":"if","locations":[{"start":{"line":219,"column":4},"end":{"line":223,"column":5}}]}},"s":{"0":14,"1":14,"2":14,"3":14,"4":14,"5":14,"6":14,"7":14,"8":14,"9":14,"10":14,"11":14,"12":14,"13":14,"14":14,"15":14,"16":14,"17":14,"18":14,"19":14,"20":14,"21":14,"22":14,"23":14,"24":14,"25":14,"26":14,"27":0,"28":0,"29":14,"30":14,"31":14,"32":14,"33":14,"34":14,"35":14,"36":0,"37":14,"38":0,"39":0,"40":0,"41":0,"42":0,"43":0,"44":0,"45":0,"46":0,"47":14,"48":14,"49":14,"50":14,"51":14,"52":14,"53":14,"54":14,"55":14,"56":14,"57":14,"58":14,"59":14,"60":14,"61":1,"62":14,"63":14,"64":0,"65":0,"66":14,"67":14,"68":14,"69":14,"70":8,"71":8,"72":8,"73":8,"74":8,"75":8,"76":0,"77":8,"78":8,"79":8,"80":8,"81":0,"82":0,"83":0,"84":0,"85":14,"86":14,"87":8,"88":8,"89":8,"90":8,"91":8,"92":8,"93":8,"94":8,"95":0,"96":0,"97":8,"98":8,"99":8,"100":0,"101":0,"102":8,"103":8,"104":8,"105":8,"106":8,"107":8,"108":8,"109":0,"110":8,"111":8,"112":8,"113":2,"114":8,"115":0,"116":0,"117":14},"f":{"0":0,"1":1,"2":0,"3":8,"4":8,"5":8,"6":8,"7":8,"8":0,"9":8,"10":8,"11":2},"b":{"0":[14,0],"1":[14],"2":[0],"3":[14,0],"4":[0],"5":[0,0],"6":[14,0],"7":[0,0],"8":[8,0],"9":[8],"10":[0],"11":[8],"12":[8],"13":[0,8],"14":[8]}}
,"C:\\app_build\\Iexist\\backend\\config\\config.ts": {"path":"C:\\app_build\\Iexist\\backend\\config\\config.ts","statementMap":{"0":{"start":{"line":1,"column":15},"end":{"line":48,"column":11}},"1":{"start":{"line":50,"column":0},"end":{"line":50,"column":22}}},"fnMap":{},"branchMap":{"0":{"loc":{"start":{"line":3,"column":10},"end":{"line":3,"column":42}},"type":"binary-expr","locations":[{"start":{"line":3,"column":10},"end":{"line":3,"column":34}},{"start":{"line":3,"column":38},"end":{"line":3,"column":42}}]},"1":{"loc":{"start":{"line":4,"column":13},"end":{"line":4,"column":50}},"type":"binary-expr","locations":[{"start":{"line":4,"column":13},"end":{"line":4,"column":33}},{"start":{"line":4,"column":37},"end":{"line":4,"column":50}}]},"2":{"loc":{"start":{"line":7,"column":10},"end":{"line":7,"column":44}},"type":"binary-expr","locations":[{"start":{"line":7,"column":10},"end":{"line":7,"column":29}},{"start":{"line":7,"column":33},"end":{"line":7,"column":44}}]},"3":{"loc":{"start":{"line":8,"column":10},"end":{"line":8,"column":45}},"type":"binary-expr","locations":[{"start":{"line":8,"column":10},"end":{"line":8,"column":37}},{"start":{"line":8,"column":41},"end":{"line":8,"column":45}}]},"4":{"loc":{"start":{"line":9,"column":14},"end":{"line":9,"column":45}},"type":"binary-expr","locations":[{"start":{"line":9,"column":14},"end":{"line":9,"column":33}},{"start":{"line":9,"column":37},"end":{"line":9,"column":45}}]},"5":{"loc":{"start":{"line":10,"column":14},"end":{"line":10,"column":53}},"type":"binary-expr","locations":[{"start":{"line":10,"column":14},"end":{"line":10,"column":37}},{"start":{"line":10,"column":41},"end":{"line":10,"column":53}}]},"6":{"loc":{"start":{"line":11,"column":10},"end":{"line":11,"column":41}},"type":"binary-expr","locations":[{"start":{"line":11,"column":10},"end":{"line":11,"column":29}},{"start":{"line":11,"column":33},"end":{"line":11,"column":41}}]},"7":{"loc":{"start":{"line":15,"column":12},"end":{"line":15,"column":44}},"type":"binary-expr","locations":[{"start":{"line":15,"column":12},"end":{"line":15,"column":34}},{"start":{"line":15,"column":38},"end":{"line":15,"column":44}}]},"8":{"loc":{"start":{"line":16,"column":13},"end":{"line":16,"column":47}},"type":"binary-expr","locations":[{"start":{"line":16,"column":13},"end":{"line":16,"column":36}},{"start":{"line":16,"column":40},"end":{"line":16,"column":47}}]},"9":{"loc":{"start":{"line":19,"column":12},"end":{"line":19,"column":63}},"type":"binary-expr","locations":[{"start":{"line":19,"column":12},"end":{"line":19,"column":36}},{"start":{"line":19,"column":40},"end":{"line":19,"column":63}}]},"10":{"loc":{"start":{"line":20,"column":21},"end":{"line":20,"column":75}},"type":"binary-expr","locations":[{"start":{"line":20,"column":21},"end":{"line":20,"column":48}},{"start":{"line":20,"column":52},"end":{"line":20,"column":75}}]},"11":{"loc":{"start":{"line":24,"column":11},"end":{"line":24,"column":52}},"type":"binary-expr","locations":[{"start":{"line":24,"column":11},"end":{"line":24,"column":36}},{"start":{"line":24,"column":40},"end":{"line":24,"column":52}}]},"12":{"loc":{"start":{"line":25,"column":17},"end":{"line":25,"column":78}},"type":"binary-expr","locations":[{"start":{"line":25,"column":17},"end":{"line":25,"column":48}},{"start":{"line":25,"column":52},"end":{"line":25,"column":78}}]},"13":{"loc":{"start":{"line":26,"column":13},"end":{"line":26,"column":51}},"type":"binary-expr","locations":[{"start":{"line":26,"column":13},"end":{"line":26,"column":40}},{"start":{"line":26,"column":44},"end":{"line":26,"column":51}}]},"14":{"loc":{"start":{"line":27,"column":9},"end":{"line":27,"column":68}},"type":"binary-expr","locations":[{"start":{"line":27,"column":9},"end":{"line":27,"column":32}},{"start":{"line":27,"column":36},"end":{"line":27,"column":68}}]},"15":{"loc":{"start":{"line":30,"column":15},"end":{"line":30,"column":58}},"type":"binary-expr","locations":[{"start":{"line":30,"column":15},"end":{"line":30,"column":37}},{"start":{"line":30,"column":41},"end":{"line":30,"column":58}}]},"16":{"loc":{"start":{"line":31,"column":19},"end":{"line":31,"column":54}},"type":"binary-expr","locations":[{"start":{"line":31,"column":19},"end":{"line":31,"column":45}},{"start":{"line":31,"column":49},"end":{"line":31,"column":54}}]},"17":{"loc":{"start":{"line":32,"column":18},"end":{"line":32,"column":57}},"type":"binary-expr","locations":[{"start":{"line":32,"column":18},"end":{"line":32,"column":51}},{"start":{"line":32,"column":55},"end":{"line":32,"column":57}}]},"18":{"loc":{"start":{"line":33,"column":26},"end":{"line":33,"column":70}},"type":"binary-expr","locations":[{"start":{"line":33,"column":26},"end":{"line":33,"column":61}},{"start":{"line":33,"column":65},"end":{"line":33,"column":70}}]},"19":{"loc":{"start":{"line":34,"column":27},"end":{"line":34,"column":71}},"type":"binary-expr","locations":[{"start":{"line":34,"column":27},"end":{"line":34,"column":63}},{"start":{"line":34,"column":67},"end":{"line":34,"column":71}}]},"20":{"loc":{"start":{"line":37,"column":21},"end":{"line":37,"column":64}},"type":"binary-expr","locations":[{"start":{"line":37,"column":21},"end":{"line":37,"column":58}},{"start":{"line":37,"column":62},"end":{"line":37,"column":64}}]},"21":{"loc":{"start":{"line":38,"column":17},"end":{"line":38,"column":57}},"type":"binary-expr","locations":[{"start":{"line":38,"column":17},"end":{"line":38,"column":50}},{"start":{"line":38,"column":54},"end":{"line":38,"column":57}}]},"22":{"loc":{"start":{"line":41,"column":14},"end":{"line":41,"column":64}},"type":"binary-expr","locations":[{"start":{"line":41,"column":14},"end":{"line":41,"column":54}},{"start":{"line":41,"column":58},"end":{"line":41,"column":64}}]},"23":{"loc":{"start":{"line":42,"column":9},"end":{"line":42,"column":50}},"type":"binary-expr","locations":[{"start":{"line":42,"column":9},"end":{"line":42,"column":43}},{"start":{"line":42,"column":47},"end":{"line":42,"column":50}}]},"24":{"loc":{"start":{"line":45,"column":11},"end":{"line":45,"column":43}},"type":"binary-expr","locations":[{"start":{"line":45,"column":11},"end":{"line":45,"column":32}},{"start":{"line":45,"column":36},"end":{"line":45,"column":43}}]},"25":{"loc":{"start":{"line":46,"column":12},"end":{"line":46,"column":43}},"type":"binary-expr","locations":[{"start":{"line":46,"column":12},"end":{"line":46,"column":34}},{"start":{"line":46,"column":38},"end":{"line":46,"column":43}}]}},"s":{"0":4,"1":4},"f":{},"b":{"0":[4,0],"1":[4,0],"2":[4,0],"3":[4,0],"4":[4,0],"5":[4,0],"6":[4,0],"7":[4,0],"8":[4,0],"9":[4,0],"10":[4,0],"11":[4,0],"12":[4,0],"13":[4,0],"14":[4,0],"15":[4,0],"16":[4,0],"17":[4,0],"18":[4,0],"19":[4,0],"20":[4,0],"21":[4,0],"22":[4,0],"23":[4,0],"24":[4,0],"25":[4,0]}}
,"C:\\app_build\\Iexist\\backend\\config\\security.ts": {"path":"C:\\app_build\\Iexist\\backend\\config\\security.ts","statementMap":{"0":{"start":{"line":2,"column":0},"end":{"line":2,"column":28}},"1":{"start":{"line":3,"column":0},"end":{"line":3,"column":22}},"2":{"start":{"line":4,"column":0},"end":{"line":4,"column":41}},"3":{"start":{"line":6,"column":30},"end":{"line":61,"column":1}},"4":{"start":{"line":8,"column":2},"end":{"line":20,"column":6}},"5":{"start":{"line":23,"column":2},"end":{"line":23,"column":17}},"6":{"start":{"line":26,"column":2},"end":{"line":26,"column":26}},"7":{"start":{"line":29,"column":2},"end":{"line":40,"column":5}},"8":{"start":{"line":31,"column":4},"end":{"line":38,"column":5}},"9":{"start":{"line":32,"column":6},"end":{"line":37,"column":7}},"10":{"start":{"line":33,"column":8},"end":{"line":36,"column":9}},"11":{"start":{"line":35,"column":10},"end":{"line":35,"column":64}},"12":{"start":{"line":39,"column":4},"end":{"line":39,"column":11}},"13":{"start":{"line":43,"column":2},"end":{"line":49,"column":5}},"14":{"start":{"line":44,"column":4},"end":{"line":44,"column":55}},"15":{"start":{"line":45,"column":4},"end":{"line":45,"column":51}},"16":{"start":{"line":46,"column":4},"end":{"line":46,"column":55}},"17":{"start":{"line":47,"column":4},"end":{"line":47,"column":86}},"18":{"start":{"line":48,"column":4},"end":{"line":48,"column":11}},"19":{"start":{"line":52,"column":2},"end":{"line":60,"column":5}},"20":{"start":{"line":53,"column":4},"end":{"line":58,"column":5}},"21":{"start":{"line":54,"column":6},"end":{"line":57,"column":9}},"22":{"start":{"line":59,"column":4},"end":{"line":59,"column":14}},"23":{"start":{"line":6,"column":13},"end":{"line":6,"column":30}}},"fnMap":{"0":{"name":"(anonymous_1)","decl":{"start":{"line":6,"column":30},"end":{"line":6,"column":31}},"loc":{"start":{"line":6,"column":57},"end":{"line":61,"column":1}}},"1":{"name":"(anonymous_2)","decl":{"start":{"line":29,"column":10},"end":{"line":29,"column":11}},"loc":{"start":{"line":29,"column":62},"end":{"line":40,"column":3}}},"2":{"name":"(anonymous_3)","decl":{"start":{"line":43,"column":10},"end":{"line":43,"column":11}},"loc":{"start":{"line":43,"column":62},"end":{"line":49,"column":3}}},"3":{"name":"(anonymous_4)","decl":{"start":{"line":52,"column":10},"end":{"line":52,"column":11}},"loc":{"start":{"line":52,"column":74},"end":{"line":60,"column":3}}}},"branchMap":{"0":{"loc":{"start":{"line":31,"column":4},"end":{"line":38,"column":5}},"type":"if","locations":[{"start":{"line":31,"column":4},"end":{"line":38,"column":5}}]},"1":{"loc":{"start":{"line":33,"column":8},"end":{"line":36,"column":9}},"type":"if","locations":[{"start":{"line":33,"column":8},"end":{"line":36,"column":9}}]},"2":{"loc":{"start":{"line":53,"column":4},"end":{"line":58,"column":5}},"type":"if","locations":[{"start":{"line":53,"column":4},"end":{"line":58,"column":5}}]}},"s":{"0":105,"1":105,"2":105,"3":105,"4":105,"5":105,"6":105,"7":105,"8":270,"9":270,"10":239,"11":182,"12":270,"13":105,"14":270,"15":270,"16":270,"17":270,"18":270,"19":105,"20":0,"21":0,"22":0,"23":105},"f":{"0":105,"1":270,"2":270,"3":0},"b":{"0":[270],"1":[182],"2":[0]}}
,"C:\\app_build\\Iexist\\backend\\controllers\\challengeController.ts": {"path":"C:\\app_build\\Iexist\\backend\\controllers\\challengeController.ts","statementMap":{"0":{"start":{"line":2,"column":0},"end":{"line":2,"column":31}},"1":{"start":{"line":3,"column":0},"end":{"line":3,"column":27}},"2":{"start":{"line":6,"column":22},"end":{"line":10,"column":1}},"3":{"start":{"line":7,"column":21},"end":{"line":7,"column":35}},"4":{"start":{"line":8,"column":2},"end":{"line":8,"column":34}},"5":{"start":{"line":9,"column":2},"end":{"line":9,"column":20}},"6":{"start":{"line":39,"column":28},"end":{"line":652,"column":2}},"7":{"start":{"line":42,"column":4},"end":{"line":153,"column":5}},"8":{"start":{"line":43,"column":6},"end":{"line":43,"column":53}},"9":{"start":{"line":51,"column":10},"end":{"line":51,"column":18}},"10":{"start":{"line":53,"column":6},"end":{"line":59,"column":9}},"11":{"start":{"line":61,"column":22},"end":{"line":61,"column":39}},"12":{"start":{"line":63,"column":6},"end":{"line":70,"column":7}},"13":{"start":{"line":64,"column":8},"end":{"line":64,"column":37}},"14":{"start":{"line":65,"column":8},"end":{"line":65,"column":40}},"15":{"start":{"line":66,"column":8},"end":{"line":69,"column":11}},"16":{"start":{"line":73,"column":24},"end":{"line":73,"column":44}},"17":{"start":{"line":74,"column":22},"end":{"line":74,"column":40}},"18":{"start":{"line":76,"column":6},"end":{"line":83,"column":7}},"19":{"start":{"line":77,"column":8},"end":{"line":77,"column":37}},"20":{"start":{"line":78,"column":8},"end":{"line":78,"column":59}},"21":{"start":{"line":79,"column":8},"end":{"line":82,"column":11}},"22":{"start":{"line":85,"column":6},"end":{"line":92,"column":7}},"23":{"start":{"line":86,"column":8},"end":{"line":86,"column":37}},"24":{"start":{"line":87,"column":8},"end":{"line":87,"column":47}},"25":{"start":{"line":88,"column":8},"end":{"line":91,"column":11}},"26":{"start":{"line":95,"column":24},"end":{"line":95,"column":72}},"27":{"start":{"line":96,"column":6},"end":{"line":103,"column":7}},"28":{"start":{"line":97,"column":8},"end":{"line":97,"column":37}},"29":{"start":{"line":98,"column":8},"end":{"line":98,"column":57}},"30":{"start":{"line":99,"column":8},"end":{"line":102,"column":11}},"31":{"start":{"line":105,"column":6},"end":{"line":105,"column":31}},"32":{"start":{"line":108,"column":24},"end":{"line":119,"column":25}},"33":{"start":{"line":121,"column":6},"end":{"line":121,"column":69}},"34":{"start":{"line":124,"column":6},"end":{"line":124,"column":35}},"35":{"start":{"line":125,"column":6},"end":{"line":129,"column":26}},"36":{"start":{"line":131,"column":6},"end":{"line":131,"column":35}},"37":{"start":{"line":132,"column":6},"end":{"line":132,"column":33}},"38":{"start":{"line":133,"column":6},"end":{"line":133,"column":32}},"39":{"start":{"line":135,"column":6},"end":{"line":141,"column":9}},"40":{"start":{"line":143,"column":6},"end":{"line":145,"column":7}},"41":{"start":{"line":144,"column":8},"end":{"line":144,"column":37}},"42":{"start":{"line":146,"column":6},"end":{"line":146,"column":41}},"43":{"start":{"line":148,"column":6},"end":{"line":152,"column":9}},"44":{"start":{"line":160,"column":4},"end":{"line":260,"column":5}},"45":{"start":{"line":161,"column":22},"end":{"line":161,"column":39}},"46":{"start":{"line":162,"column":6},"end":{"line":167,"column":7}},"47":{"start":{"line":163,"column":8},"end":{"line":166,"column":11}},"48":{"start":{"line":175,"column":10},"end":{"line":175,"column":19}},"49":{"start":{"line":177,"column":21},"end":{"line":177,"column":55}},"50":{"start":{"line":178,"column":18},"end":{"line":178,"column":28}},"51":{"start":{"line":181,"column":29},"end":{"line":181,"column":31}},"52":{"start":{"line":182,"column":6},"end":{"line":201,"column":7}},"53":{"start":{"line":183,"column":8},"end":{"line":200,"column":9}},"54":{"start":{"line":185,"column":12},"end":{"line":188,"column":14}},"55":{"start":{"line":189,"column":12},"end":{"line":189,"column":18}},"56":{"start":{"line":191,"column":12},"end":{"line":193,"column":14}},"57":{"start":{"line":194,"column":12},"end":{"line":194,"column":18}},"58":{"start":{"line":196,"column":12},"end":{"line":198,"column":14}},"59":{"start":{"line":199,"column":12},"end":{"line":199,"column":18}},"60":{"start":{"line":204,"column":46},"end":{"line":204,"column":64}},"61":{"start":{"line":205,"column":6},"end":{"line":207,"column":7}},"62":{"start":{"line":206,"column":8},"end":{"line":206,"column":49}},"63":{"start":{"line":209,"column":25},"end":{"line":222,"column":8}},"64":{"start":{"line":225,"column":34},"end":{"line":240,"column":8}},"65":{"start":{"line":226,"column":38},"end":{"line":226,"column":83}},"66":{"start":{"line":227,"column":8},"end":{"line":239,"column":10}},"67":{"start":{"line":238,"column":14},"end":{"line":238,"column":45}},"68":{"start":{"line":242,"column":6},"end":{"line":253,"column":9}},"69":{"start":{"line":255,"column":6},"end":{"line":255,"column":44}},"70":{"start":{"line":256,"column":6},"end":{"line":259,"column":9}},"71":{"start":{"line":267,"column":4},"end":{"line":329,"column":5}},"72":{"start":{"line":268,"column":22},"end":{"line":268,"column":39}},"73":{"start":{"line":269,"column":26},"end":{"line":269,"column":47}},"74":{"start":{"line":271,"column":6},"end":{"line":276,"column":7}},"75":{"start":{"line":272,"column":8},"end":{"line":275,"column":11}},"76":{"start":{"line":278,"column":24},"end":{"line":292,"column":8}},"77":{"start":{"line":294,"column":6},"end":{"line":299,"column":7}},"78":{"start":{"line":295,"column":8},"end":{"line":298,"column":11}},"79":{"start":{"line":301,"column":36},"end":{"line":301,"column":81}},"80":{"start":{"line":302,"column":29},"end":{"line":304,"column":42}},"81":{"start":{"line":304,"column":10},"end":{"line":304,"column":41}},"82":{"start":{"line":306,"column":33},"end":{"line":317,"column":8}},"83":{"start":{"line":319,"column":6},"end":{"line":322,"column":9}},"84":{"start":{"line":324,"column":6},"end":{"line":324,"column":44}},"85":{"start":{"line":325,"column":6},"end":{"line":328,"column":9}},"86":{"start":{"line":337,"column":4},"end":{"line":403,"column":5}},"87":{"start":{"line":338,"column":6},"end":{"line":338,"column":53}},"88":{"start":{"line":339,"column":26},"end":{"line":339,"column":53}},"89":{"start":{"line":340,"column":22},"end":{"line":340,"column":39}},"90":{"start":{"line":342,"column":6},"end":{"line":348,"column":7}},"91":{"start":{"line":343,"column":8},"end":{"line":343,"column":54}},"92":{"start":{"line":343,"column":25},"end":{"line":343,"column":54}},"93":{"start":{"line":344,"column":8},"end":{"line":347,"column":11}},"94":{"start":{"line":350,"column":24},"end":{"line":353,"column":8}},"95":{"start":{"line":355,"column":6},"end":{"line":361,"column":7}},"96":{"start":{"line":356,"column":8},"end":{"line":356,"column":54}},"97":{"start":{"line":356,"column":25},"end":{"line":356,"column":54}},"98":{"start":{"line":357,"column":8},"end":{"line":360,"column":11}},"99":{"start":{"line":363,"column":26},"end":{"line":369,"column":8}},"100":{"start":{"line":371,"column":6},"end":{"line":377,"column":7}},"101":{"start":{"line":372,"column":8},"end":{"line":372,"column":54}},"102":{"start":{"line":372,"column":25},"end":{"line":372,"column":54}},"103":{"start":{"line":373,"column":8},"end":{"line":376,"column":11}},"104":{"start":{"line":379,"column":6},"end":{"line":385,"column":9}},"105":{"start":{"line":387,"column":6},"end":{"line":387,"column":70}},"106":{"start":{"line":389,"column":6},"end":{"line":389,"column":33}},"107":{"start":{"line":390,"column":6},"end":{"line":393,"column":9}},"108":{"start":{"line":395,"column":6},"end":{"line":397,"column":7}},"109":{"start":{"line":396,"column":8},"end":{"line":396,"column":37}},"110":{"start":{"line":398,"column":6},"end":{"line":398,"column":41}},"111":{"start":{"line":399,"column":6},"end":{"line":402,"column":9}},"112":{"start":{"line":411,"column":4},"end":{"line":525,"column":5}},"113":{"start":{"line":412,"column":6},"end":{"line":412,"column":53}},"114":{"start":{"line":413,"column":26},"end":{"line":413,"column":47}},"115":{"start":{"line":414,"column":22},"end":{"line":414,"column":39}},"116":{"start":{"line":416,"column":6},"end":{"line":421,"column":9}},"117":{"start":{"line":423,"column":6},"end":{"line":429,"column":7}},"118":{"start":{"line":424,"column":8},"end":{"line":424,"column":54}},"119":{"start":{"line":424,"column":25},"end":{"line":424,"column":54}},"120":{"start":{"line":425,"column":8},"end":{"line":428,"column":11}},"121":{"start":{"line":432,"column":24},"end":{"line":435,"column":8}},"122":{"start":{"line":437,"column":6},"end":{"line":444,"column":7}},"123":{"start":{"line":438,"column":8},"end":{"line":438,"column":54}},"124":{"start":{"line":438,"column":25},"end":{"line":438,"column":54}},"125":{"start":{"line":439,"column":8},"end":{"line":439,"column":56}},"126":{"start":{"line":440,"column":8},"end":{"line":443,"column":11}},"127":{"start":{"line":447,"column":34},"end":{"line":453,"column":8}},"128":{"start":{"line":455,"column":6},"end":{"line":461,"column":7}},"129":{"start":{"line":456,"column":8},"end":{"line":456,"column":54}},"130":{"start":{"line":456,"column":25},"end":{"line":456,"column":54}},"131":{"start":{"line":457,"column":8},"end":{"line":460,"column":11}},"132":{"start":{"line":464,"column":6},"end":{"line":477,"column":7}},"133":{"start":{"line":465,"column":8},"end":{"line":465,"column":54}},"134":{"start":{"line":465,"column":25},"end":{"line":465,"column":54}},"135":{"start":{"line":466,"column":8},"end":{"line":476,"column":11}},"136":{"start":{"line":480,"column":30},"end":{"line":480,"column":63}},"137":{"start":{"line":481,"column":34},"end":{"line":481,"column":68}},"138":{"start":{"line":483,"column":6},"end":{"line":486,"column":9}},"139":{"start":{"line":488,"column":6},"end":{"line":494,"column":7}},"140":{"start":{"line":489,"column":8},"end":{"line":489,"column":54}},"141":{"start":{"line":489,"column":25},"end":{"line":489,"column":54}},"142":{"start":{"line":490,"column":8},"end":{"line":493,"column":11}},"143":{"start":{"line":497,"column":29},"end":{"line":501,"column":25}},"144":{"start":{"line":504,"column":6},"end":{"line":504,"column":70}},"145":{"start":{"line":506,"column":6},"end":{"line":506,"column":33}},"146":{"start":{"line":507,"column":6},"end":{"line":513,"column":9}},"147":{"start":{"line":516,"column":6},"end":{"line":518,"column":7}},"148":{"start":{"line":517,"column":8},"end":{"line":517,"column":37}},"149":{"start":{"line":519,"column":6},"end":{"line":519,"column":44}},"150":{"start":{"line":520,"column":6},"end":{"line":524,"column":9}},"151":{"start":{"line":532,"column":4},"end":{"line":536,"column":7}},"152":{"start":{"line":539,"column":4},"end":{"line":650,"column":5}},"153":{"start":{"line":540,"column":6},"end":{"line":540,"column":53}},"154":{"start":{"line":541,"column":44},"end":{"line":541,"column":52}},"155":{"start":{"line":542,"column":26},"end":{"line":542,"column":47}},"156":{"start":{"line":543,"column":22},"end":{"line":543,"column":39}},"157":{"start":{"line":545,"column":6},"end":{"line":551,"column":7}},"158":{"start":{"line":546,"column":8},"end":{"line":546,"column":54}},"159":{"start":{"line":546,"column":25},"end":{"line":546,"column":54}},"160":{"start":{"line":547,"column":8},"end":{"line":550,"column":11}},"161":{"start":{"line":554,"column":26},"end":{"line":560,"column":8}},"162":{"start":{"line":562,"column":6},"end":{"line":568,"column":7}},"163":{"start":{"line":563,"column":8},"end":{"line":563,"column":54}},"164":{"start":{"line":563,"column":25},"end":{"line":563,"column":54}},"165":{"start":{"line":564,"column":8},"end":{"line":567,"column":11}},"166":{"start":{"line":571,"column":22},"end":{"line":574,"column":8}},"167":{"start":{"line":576,"column":6},"end":{"line":582,"column":7}},"168":{"start":{"line":577,"column":8},"end":{"line":577,"column":54}},"169":{"start":{"line":577,"column":25},"end":{"line":577,"column":54}},"170":{"start":{"line":578,"column":8},"end":{"line":581,"column":11}},"171":{"start":{"line":585,"column":20},"end":{"line":585,"column":30}},"172":{"start":{"line":586,"column":6},"end":{"line":586,"column":33}},"173":{"start":{"line":587,"column":23},"end":{"line":587,"column":38}},"174":{"start":{"line":588,"column":6},"end":{"line":588,"column":47}},"175":{"start":{"line":590,"column":26},"end":{"line":600,"column":8}},"176":{"start":{"line":602,"column":6},"end":{"line":608,"column":7}},"177":{"start":{"line":603,"column":8},"end":{"line":603,"column":54}},"178":{"start":{"line":603,"column":25},"end":{"line":603,"column":54}},"179":{"start":{"line":604,"column":8},"end":{"line":607,"column":11}},"180":{"start":{"line":611,"column":25},"end":{"line":618,"column":25}},"181":{"start":{"line":620,"column":6},"end":{"line":620,"column":33}},"182":{"start":{"line":621,"column":6},"end":{"line":631,"column":9}},"183":{"start":{"line":634,"column":6},"end":{"line":636,"column":7}},"184":{"start":{"line":635,"column":8},"end":{"line":635,"column":37}},"185":{"start":{"line":639,"column":6},"end":{"line":643,"column":7}},"186":{"start":{"line":640,"column":8},"end":{"line":640,"column":45}},"187":{"start":{"line":642,"column":8},"end":{"line":642,"column":46}},"188":{"start":{"line":645,"column":6},"end":{"line":649,"column":9}},"189":{"start":{"line":654,"column":0},"end":{"line":654,"column":35}}},"fnMap":{"0":{"name":"(anonymous_1)","decl":{"start":{"line":6,"column":22},"end":{"line":6,"column":23}},"loc":{"start":{"line":6,"column":43},"end":{"line":10,"column":1}}},"1":{"name":"(anonymous_2)","decl":{"start":{"line":40,"column":19},"end":{"line":40,"column":24}},"loc":{"start":{"line":40,"column":89},"end":{"line":154,"column":3}}},"2":{"name":"(anonymous_3)","decl":{"start":{"line":156,"column":17},"end":{"line":156,"column":22}},"loc":{"start":{"line":159,"column":6},"end":{"line":261,"column":3}}},"3":{"name":"(anonymous_4)","decl":{"start":{"line":225,"column":54},"end":{"line":225,"column":63}},"loc":{"start":{"line":225,"column":66},"end":{"line":240,"column":7}}},"4":{"name":"(anonymous_5)","decl":{"start":{"line":237,"column":39},"end":{"line":237,"column":40}},"loc":{"start":{"line":238,"column":14},"end":{"line":238,"column":45}}},"5":{"name":"(anonymous_6)","decl":{"start":{"line":263,"column":18},"end":{"line":263,"column":23}},"loc":{"start":{"line":266,"column":6},"end":{"line":330,"column":3}}},"6":{"name":"(anonymous_7)","decl":{"start":{"line":303,"column":35},"end":{"line":303,"column":36}},"loc":{"start":{"line":304,"column":10},"end":{"line":304,"column":41}}},"7":{"name":"(anonymous_8)","decl":{"start":{"line":332,"column":18},"end":{"line":332,"column":23}},"loc":{"start":{"line":335,"column":6},"end":{"line":404,"column":3}}},"8":{"name":"(anonymous_9)","decl":{"start":{"line":406,"column":26},"end":{"line":406,"column":31}},"loc":{"start":{"line":409,"column":6},"end":{"line":526,"column":3}}},"9":{"name":"(anonymous_10)","decl":{"start":{"line":528,"column":27},"end":{"line":528,"column":32}},"loc":{"start":{"line":531,"column":6},"end":{"line":651,"column":3}}}},"branchMap":{"0":{"loc":{"start":{"line":49,"column":8},"end":{"line":49,"column":24}},"type":"default-arg","locations":[{"start":{"line":49,"column":20},"end":{"line":49,"column":24}}]},"1":{"loc":{"start":{"line":61,"column":22},"end":{"line":61,"column":39}},"type":"cond-expr","locations":[{"start":{"line":61,"column":30},"end":{"line":61,"column":32}},{"start":{"line":61,"column":30},"end":{"line":61,"column":39}}]},"2":{"loc":{"start":{"line":61,"column":22},"end":{"line":61,"column":32}},"type":"binary-expr","locations":[{"start":{"line":61,"column":22},"end":{"line":61,"column":32}},{"start":{"line":61,"column":30},"end":{"line":61,"column":32}}]},"3":{"loc":{"start":{"line":63,"column":6},"end":{"line":70,"column":7}},"type":"if","locations":[{"start":{"line":63,"column":6},"end":{"line":70,"column":7}}]},"4":{"loc":{"start":{"line":76,"column":6},"end":{"line":83,"column":7}},"type":"if","locations":[{"start":{"line":76,"column":6},"end":{"line":83,"column":7}}]},"5":{"loc":{"start":{"line":76,"column":10},"end":{"line":76,"column":64}},"type":"binary-expr","locations":[{"start":{"line":76,"column":10},"end":{"line":76,"column":36}},{"start":{"line":76,"column":40},"end":{"line":76,"column":64}}]},"6":{"loc":{"start":{"line":85,"column":6},"end":{"line":92,"column":7}},"type":"if","locations":[{"start":{"line":85,"column":6},"end":{"line":92,"column":7}}]},"7":{"loc":{"start":{"line":96,"column":6},"end":{"line":103,"column":7}},"type":"if","locations":[{"start":{"line":96,"column":6},"end":{"line":103,"column":7}}]},"8":{"loc":{"start":{"line":111,"column":21},"end":{"line":111,"column":48}},"type":"binary-expr","locations":[{"start":{"line":111,"column":21},"end":{"line":111,"column":40}},{"start":{"line":111,"column":44},"end":{"line":111,"column":48}}]},"9":{"loc":{"start":{"line":111,"column":21},"end":{"line":111,"column":40}},"type":"cond-expr","locations":[{"start":{"line":111,"column":32},"end":{"line":111,"column":34}},{"start":{"line":111,"column":21},"end":{"line":111,"column":40}}]},"10":{"loc":{"start":{"line":111,"column":21},"end":{"line":111,"column":34}},"type":"binary-expr","locations":[{"start":{"line":111,"column":21},"end":{"line":111,"column":34}},{"start":{"line":111,"column":21},"end":{"line":111,"column":34}}]},"11":{"loc":{"start":{"line":115,"column":26},"end":{"line":115,"column":50}},"type":"binary-expr","locations":[{"start":{"line":115,"column":26},"end":{"line":115,"column":42}},{"start":{"line":115,"column":46},"end":{"line":115,"column":50}}]},"12":{"loc":{"start":{"line":143,"column":6},"end":{"line":145,"column":7}},"type":"if","locations":[{"start":{"line":143,"column":6},"end":{"line":145,"column":7}}]},"13":{"loc":{"start":{"line":151,"column":17},"end":{"line":151,"column":69}},"type":"cond-expr","locations":[{"start":{"line":151,"column":42},"end":{"line":151,"column":55}},{"start":{"line":151,"column":58},"end":{"line":151,"column":69}}]},"14":{"loc":{"start":{"line":161,"column":22},"end":{"line":161,"column":39}},"type":"cond-expr","locations":[{"start":{"line":161,"column":30},"end":{"line":161,"column":32}},{"start":{"line":161,"column":30},"end":{"line":161,"column":39}}]},"15":{"loc":{"start":{"line":161,"column":22},"end":{"line":161,"column":32}},"type":"binary-expr","locations":[{"start":{"line":161,"column":22},"end":{"line":161,"column":32}},{"start":{"line":161,"column":30},"end":{"line":161,"column":32}}]},"16":{"loc":{"start":{"line":162,"column":6},"end":{"line":167,"column":7}},"type":"if","locations":[{"start":{"line":162,"column":6},"end":{"line":167,"column":7}}]},"17":{"loc":{"start":{"line":170,"column":8},"end":{"line":170,"column":18}},"type":"default-arg","locations":[{"start":{"line":170,"column":15},"end":{"line":170,"column":18}}]},"18":{"loc":{"start":{"line":171,"column":8},"end":{"line":171,"column":20}},"type":"default-arg","locations":[{"start":{"line":171,"column":16},"end":{"line":171,"column":20}}]},"19":{"loc":{"start":{"line":173,"column":8},"end":{"line":173,"column":30}},"type":"default-arg","locations":[{"start":{"line":173,"column":18},"end":{"line":173,"column":30}}]},"20":{"loc":{"start":{"line":174,"column":8},"end":{"line":174,"column":22}},"type":"default-arg","locations":[{"start":{"line":174,"column":16},"end":{"line":174,"column":22}}]},"21":{"loc":{"start":{"line":182,"column":6},"end":{"line":201,"column":7}},"type":"if","locations":[{"start":{"line":182,"column":6},"end":{"line":201,"column":7}}]},"22":{"loc":{"start":{"line":183,"column":8},"end":{"line":200,"column":9}},"type":"switch","locations":[{"start":{"line":184,"column":10},"end":{"line":189,"column":18}},{"start":{"line":190,"column":10},"end":{"line":194,"column":18}},{"start":{"line":195,"column":10},"end":{"line":199,"column":18}}]},"23":{"loc":{"start":{"line":205,"column":6},"end":{"line":207,"column":7}},"type":"if","locations":[{"start":{"line":205,"column":6},"end":{"line":207,"column":7}}]},"24":{"loc":{"start":{"line":226,"column":38},"end":{"line":226,"column":83}},"type":"binary-expr","locations":[{"start":{"line":226,"column":38},"end":{"line":226,"column":77}},{"start":{"line":226,"column":81},"end":{"line":226,"column":83}}]},"25":{"loc":{"start":{"line":236,"column":27},"end":{"line":238,"column":46}},"type":"binary-expr","locations":[{"start":{"line":236,"column":27},"end":{"line":236,"column":63}},{"start":{"line":237,"column":12},"end":{"line":238,"column":46}}]},"26":{"loc":{"start":{"line":268,"column":22},"end":{"line":268,"column":39}},"type":"cond-expr","locations":[{"start":{"line":268,"column":30},"end":{"line":268,"column":32}},{"start":{"line":268,"column":30},"end":{"line":268,"column":39}}]},"27":{"loc":{"start":{"line":268,"column":22},"end":{"line":268,"column":32}},"type":"binary-expr","locations":[{"start":{"line":268,"column":22},"end":{"line":268,"column":32}},{"start":{"line":268,"column":30},"end":{"line":268,"column":32}}]},"28":{"loc":{"start":{"line":271,"column":6},"end":{"line":276,"column":7}},"type":"if","locations":[{"start":{"line":271,"column":6},"end":{"line":276,"column":7}}]},"29":{"loc":{"start":{"line":294,"column":6},"end":{"line":299,"column":7}},"type":"if","locations":[{"start":{"line":294,"column":6},"end":{"line":299,"column":7}}]},"30":{"loc":{"start":{"line":301,"column":36},"end":{"line":301,"column":81}},"type":"binary-expr","locations":[{"start":{"line":301,"column":36},"end":{"line":301,"column":75}},{"start":{"line":301,"column":79},"end":{"line":301,"column":81}}]},"31":{"loc":{"start":{"line":302,"column":29},"end":{"line":304,"column":42}},"type":"binary-expr","locations":[{"start":{"line":302,"column":29},"end":{"line":302,"column":65}},{"start":{"line":303,"column":8},"end":{"line":304,"column":42}}]},"32":{"loc":{"start":{"line":340,"column":22},"end":{"line":340,"column":39}},"type":"cond-expr","locations":[{"start":{"line":340,"column":30},"end":{"line":340,"column":32}},{"start":{"line":340,"column":30},"end":{"line":340,"column":39}}]},"33":{"loc":{"start":{"line":340,"column":22},"end":{"line":340,"column":32}},"type":"binary-expr","locations":[{"start":{"line":340,"column":22},"end":{"line":340,"column":32}},{"start":{"line":340,"column":30},"end":{"line":340,"column":32}}]},"34":{"loc":{"start":{"line":342,"column":6},"end":{"line":348,"column":7}},"type":"if","locations":[{"start":{"line":342,"column":6},"end":{"line":348,"column":7}}]},"35":{"loc":{"start":{"line":343,"column":8},"end":{"line":343,"column":54}},"type":"if","locations":[{"start":{"line":343,"column":8},"end":{"line":343,"column":54}}]},"36":{"loc":{"start":{"line":355,"column":6},"end":{"line":361,"column":7}},"type":"if","locations":[{"start":{"line":355,"column":6},"end":{"line":361,"column":7}}]},"37":{"loc":{"start":{"line":356,"column":8},"end":{"line":356,"column":54}},"type":"if","locations":[{"start":{"line":356,"column":8},"end":{"line":356,"column":54}}]},"38":{"loc":{"start":{"line":371,"column":6},"end":{"line":377,"column":7}},"type":"if","locations":[{"start":{"line":371,"column":6},"end":{"line":377,"column":7}}]},"39":{"loc":{"start":{"line":372,"column":8},"end":{"line":372,"column":54}},"type":"if","locations":[{"start":{"line":372,"column":8},"end":{"line":372,"column":54}}]},"40":{"loc":{"start":{"line":395,"column":6},"end":{"line":397,"column":7}},"type":"if","locations":[{"start":{"line":395,"column":6},"end":{"line":397,"column":7}}]},"41":{"loc":{"start":{"line":414,"column":22},"end":{"line":414,"column":39}},"type":"cond-expr","locations":[{"start":{"line":414,"column":30},"end":{"line":414,"column":32}},{"start":{"line":414,"column":30},"end":{"line":414,"column":39}}]},"42":{"loc":{"start":{"line":414,"column":22},"end":{"line":414,"column":32}},"type":"binary-expr","locations":[{"start":{"line":414,"column":22},"end":{"line":414,"column":32}},{"start":{"line":414,"column":30},"end":{"line":414,"column":32}}]},"43":{"loc":{"start":{"line":423,"column":6},"end":{"line":429,"column":7}},"type":"if","locations":[{"start":{"line":423,"column":6},"end":{"line":429,"column":7}}]},"44":{"loc":{"start":{"line":424,"column":8},"end":{"line":424,"column":54}},"type":"if","locations":[{"start":{"line":424,"column":8},"end":{"line":424,"column":54}}]},"45":{"loc":{"start":{"line":437,"column":6},"end":{"line":444,"column":7}},"type":"if","locations":[{"start":{"line":437,"column":6},"end":{"line":444,"column":7}}]},"46":{"loc":{"start":{"line":438,"column":8},"end":{"line":438,"column":54}},"type":"if","locations":[{"start":{"line":438,"column":8},"end":{"line":438,"column":54}}]},"47":{"loc":{"start":{"line":455,"column":6},"end":{"line":461,"column":7}},"type":"if","locations":[{"start":{"line":455,"column":6},"end":{"line":461,"column":7}}]},"48":{"loc":{"start":{"line":456,"column":8},"end":{"line":456,"column":54}},"type":"if","locations":[{"start":{"line":456,"column":8},"end":{"line":456,"column":54}}]},"49":{"loc":{"start":{"line":464,"column":6},"end":{"line":477,"column":7}},"type":"if","locations":[{"start":{"line":464,"column":6},"end":{"line":477,"column":7}}]},"50":{"loc":{"start":{"line":465,"column":8},"end":{"line":465,"column":54}},"type":"if","locations":[{"start":{"line":465,"column":8},"end":{"line":465,"column":54}}]},"51":{"loc":{"start":{"line":488,"column":6},"end":{"line":494,"column":7}},"type":"if","locations":[{"start":{"line":488,"column":6},"end":{"line":494,"column":7}}]},"52":{"loc":{"start":{"line":488,"column":10},"end":{"line":488,"column":67}},"type":"binary-expr","locations":[{"start":{"line":488,"column":10},"end":{"line":488,"column":25}},{"start":{"line":488,"column":29},"end":{"line":488,"column":67}}]},"53":{"loc":{"start":{"line":489,"column":8},"end":{"line":489,"column":54}},"type":"if","locations":[{"start":{"line":489,"column":8},"end":{"line":489,"column":54}}]},"54":{"loc":{"start":{"line":516,"column":6},"end":{"line":518,"column":7}},"type":"if","locations":[{"start":{"line":516,"column":6},"end":{"line":518,"column":7}}]},"55":{"loc":{"start":{"line":523,"column":15},"end":{"line":523,"column":67}},"type":"cond-expr","locations":[{"start":{"line":523,"column":40},"end":{"line":523,"column":53}},{"start":{"line":523,"column":56},"end":{"line":523,"column":67}}]},"56":{"loc":{"start":{"line":543,"column":22},"end":{"line":543,"column":39}},"type":"cond-expr","locations":[{"start":{"line":543,"column":30},"end":{"line":543,"column":32}},{"start":{"line":543,"column":30},"end":{"line":543,"column":39}}]},"57":{"loc":{"start":{"line":543,"column":22},"end":{"line":543,"column":32}},"type":"binary-expr","locations":[{"start":{"line":543,"column":22},"end":{"line":543,"column":32}},{"start":{"line":543,"column":30},"end":{"line":543,"column":32}}]},"58":{"loc":{"start":{"line":545,"column":6},"end":{"line":551,"column":7}},"type":"if","locations":[{"start":{"line":545,"column":6},"end":{"line":551,"column":7}}]},"59":{"loc":{"start":{"line":546,"column":8},"end":{"line":546,"column":54}},"type":"if","locations":[{"start":{"line":546,"column":8},"end":{"line":546,"column":54}}]},"60":{"loc":{"start":{"line":562,"column":6},"end":{"line":568,"column":7}},"type":"if","locations":[{"start":{"line":562,"column":6},"end":{"line":568,"column":7}}]},"61":{"loc":{"start":{"line":563,"column":8},"end":{"line":563,"column":54}},"type":"if","locations":[{"start":{"line":563,"column":8},"end":{"line":563,"column":54}}]},"62":{"loc":{"start":{"line":576,"column":6},"end":{"line":582,"column":7}},"type":"if","locations":[{"start":{"line":576,"column":6},"end":{"line":582,"column":7}}]},"63":{"loc":{"start":{"line":577,"column":8},"end":{"line":577,"column":54}},"type":"if","locations":[{"start":{"line":577,"column":8},"end":{"line":577,"column":54}}]},"64":{"loc":{"start":{"line":602,"column":6},"end":{"line":608,"column":7}},"type":"if","locations":[{"start":{"line":602,"column":6},"end":{"line":608,"column":7}}]},"65":{"loc":{"start":{"line":603,"column":8},"end":{"line":603,"column":54}},"type":"if","locations":[{"start":{"line":603,"column":8},"end":{"line":603,"column":54}}]},"66":{"loc":{"start":{"line":616,"column":14},"end":{"line":616,"column":40}},"type":"cond-expr","locations":[{"start":{"line":616,"column":14},"end":{"line":616,"column":27}},{"start":{"line":616,"column":31},"end":{"line":616,"column":40}}]},"67":{"loc":{"start":{"line":616,"column":14},"end":{"line":616,"column":31}},"type":"binary-expr","locations":[{"start":{"line":616,"column":14},"end":{"line":616,"column":31}},{"start":{"line":616,"column":14},"end":{"line":616,"column":31}}]},"68":{"loc":{"start":{"line":634,"column":6},"end":{"line":636,"column":7}},"type":"if","locations":[{"start":{"line":634,"column":6},"end":{"line":636,"column":7}}]},"69":{"loc":{"start":{"line":639,"column":6},"end":{"line":643,"column":7}},"type":"if","locations":[{"start":{"line":639,"column":6},"end":{"line":643,"column":7}},{"start":{"line":641,"column":13},"end":{"line":643,"column":7}}]},"70":{"loc":{"start":{"line":648,"column":22},"end":{"line":648,"column":74}},"type":"cond-expr","locations":[{"start":{"line":648,"column":47},"end":{"line":648,"column":60}},{"start":{"line":648,"column":63},"end":{"line":648,"column":74}}]}},"s":{"0":106,"1":106,"2":106,"3":0,"4":0,"5":0,"6":106,"7":2,"8":2,"9":2,"10":2,"11":2,"12":2,"13":0,"14":0,"15":0,"16":2,"17":2,"18":2,"19":0,"20":0,"21":0,"22":2,"23":0,"24":0,"25":0,"26":2,"27":2,"28":0,"29":0,"30":0,"31":2,"32":2,"33":1,"34":1,"35":1,"36":1,"37":1,"38":1,"39":1,"40":1,"41":1,"42":1,"43":1,"44":2,"45":2,"46":2,"47":0,"48":2,"49":2,"50":2,"51":2,"52":2,"53":0,"54":0,"55":0,"56":0,"57":0,"58":0,"59":0,"60":2,"61":2,"62":2,"63":2,"64":2,"65":2,"66":2,"67":2,"68":2,"69":0,"70":0,"71":2,"72":2,"73":2,"74":2,"75":1,"76":1,"77":0,"78":0,"79":0,"80":0,"81":0,"82":0,"83":0,"84":1,"85":1,"86":2,"87":2,"88":2,"89":2,"90":2,"91":1,"92":1,"93":1,"94":1,"95":1,"96":0,"97":0,"98":0,"99":1,"100":1,"101":0,"102":0,"103":0,"104":1,"105":1,"106":1,"107":0,"108":1,"109":1,"110":1,"111":1,"112":1,"113":1,"114":1,"115":1,"116":1,"117":1,"118":0,"119":0,"120":0,"121":1,"122":1,"123":0,"124":0,"125":0,"126":0,"127":1,"128":1,"129":0,"130":0,"131":0,"132":1,"133":0,"134":0,"135":0,"136":1,"137":1,"138":1,"139":1,"140":0,"141":0,"142":0,"143":1,"144":0,"145":0,"146":0,"147":1,"148":1,"149":1,"150":1,"151":4,"152":4,"153":4,"154":4,"155":4,"156":4,"157":4,"158":0,"159":0,"160":0,"161":4,"162":4,"163":0,"164":0,"165":0,"166":4,"167":4,"168":0,"169":0,"170":0,"171":4,"172":4,"173":4,"174":4,"175":4,"176":4,"177":1,"178":1,"179":1,"180":3,"181":1,"182":1,"183":2,"184":2,"185":2,"186":1,"187":1,"188":2,"189":106},"f":{"0":0,"1":2,"2":2,"3":2,"4":2,"5":2,"6":0,"7":2,"8":1,"9":4},"b":{"0":[0],"1":[0,2],"2":[2,2],"3":[0],"4":[0],"5":[2,2],"6":[0],"7":[0],"8":[2,0],"9":[0,2],"10":[2,2],"11":[2,2],"12":[1],"13":[1,0],"14":[0,2],"15":[2,2],"16":[0],"17":[0],"18":[0],"19":[0],"20":[0],"21":[0],"22":[0,0,0],"23":[2],"24":[2,0],"25":[2,2],"26":[1,1],"27":[2,1],"28":[1],"29":[0],"30":[0,0],"31":[0,0],"32":[1,1],"33":[2,1],"34":[1],"35":[1],"36":[0],"37":[0],"38":[0],"39":[0],"40":[1],"41":[0,1],"42":[1,1],"43":[0],"44":[0],"45":[0],"46":[0],"47":[0],"48":[0],"49":[0],"50":[0],"51":[0],"52":[1,1],"53":[0],"54":[1],"55":[1,0],"56":[0,4],"57":[4,4],"58":[0],"59":[0],"60":[0],"61":[0],"62":[0],"63":[0],"64":[1],"65":[1],"66":[2,1],"67":[3,2],"68":[2],"69":[1,1],"70":[1,1]}}
,"C:\\app_build\\Iexist\\backend\\controllers\\comfortWallController.ts": {"path":"C:\\app_build\\Iexist\\backend\\controllers\\comfortWallController.ts","statementMap":{"0":{"start":{"line":2,"column":0},"end":{"line":2,"column":27}},"1":{"start":{"line":6,"column":21},"end":{"line":6,"column":25}},"2":{"start":{"line":7,"column":25},"end":{"line":7,"column":26}},"3":{"start":{"line":38,"column":30},"end":{"line":494,"column":2}},"4":{"start":{"line":41,"column":4},"end":{"line":41,"column":22}},"5":{"start":{"line":42,"column":4},"end":{"line":42,"column":24}},"6":{"start":{"line":43,"column":4},"end":{"line":43,"column":92}},"7":{"start":{"line":50,"column":24},"end":{"line":50,"column":56}},"8":{"start":{"line":51,"column":4},"end":{"line":138,"column":5}},"9":{"start":{"line":52,"column":69},"end":{"line":52,"column":77}},"10":{"start":{"line":53,"column":22},"end":{"line":53,"column":39}},"11":{"start":{"line":55,"column":6},"end":{"line":61,"column":7}},"12":{"start":{"line":56,"column":8},"end":{"line":56,"column":37}},"13":{"start":{"line":57,"column":8},"end":{"line":60,"column":11}},"14":{"start":{"line":63,"column":6},"end":{"line":69,"column":7}},"15":{"start":{"line":64,"column":8},"end":{"line":64,"column":37}},"16":{"start":{"line":65,"column":8},"end":{"line":68,"column":11}},"17":{"start":{"line":71,"column":6},"end":{"line":77,"column":7}},"18":{"start":{"line":72,"column":8},"end":{"line":72,"column":37}},"19":{"start":{"line":73,"column":8},"end":{"line":76,"column":11}},"20":{"start":{"line":80,"column":6},"end":{"line":93,"column":7}},"21":{"start":{"line":81,"column":8},"end":{"line":81,"column":77}},"22":{"start":{"line":84,"column":8},"end":{"line":84,"column":35}},"23":{"start":{"line":85,"column":28},"end":{"line":85,"column":64}},"24":{"start":{"line":86,"column":8},"end":{"line":92,"column":11}},"25":{"start":{"line":96,"column":19},"end":{"line":105,"column":25}},"26":{"start":{"line":108,"column":6},"end":{"line":121,"column":7}},"27":{"start":{"line":109,"column":8},"end":{"line":120,"column":9}},"28":{"start":{"line":110,"column":10},"end":{"line":116,"column":12}},"29":{"start":{"line":111,"column":45},"end":{"line":114,"column":14}},"30":{"start":{"line":118,"column":10},"end":{"line":118,"column":47}},"31":{"start":{"line":123,"column":6},"end":{"line":123,"column":33}},"32":{"start":{"line":124,"column":6},"end":{"line":130,"column":9}},"33":{"start":{"line":132,"column":6},"end":{"line":132,"column":35}},"34":{"start":{"line":133,"column":6},"end":{"line":133,"column":48}},"35":{"start":{"line":134,"column":6},"end":{"line":137,"column":9}},"36":{"start":{"line":142,"column":4},"end":{"line":207,"column":5}},"37":{"start":{"line":143,"column":22},"end":{"line":143,"column":39}},"38":{"start":{"line":144,"column":6},"end":{"line":149,"column":7}},"39":{"start":{"line":145,"column":8},"end":{"line":148,"column":11}},"40":{"start":{"line":151,"column":36},"end":{"line":151,"column":45}},"41":{"start":{"line":152,"column":19},"end":{"line":152,"column":29}},"42":{"start":{"line":155,"column":6},"end":{"line":166,"column":7}},"43":{"start":{"line":157,"column":10},"end":{"line":157,"column":65}},"44":{"start":{"line":158,"column":10},"end":{"line":158,"column":16}},"45":{"start":{"line":160,"column":10},"end":{"line":160,"column":67}},"46":{"start":{"line":161,"column":10},"end":{"line":161,"column":16}},"47":{"start":{"line":164,"column":10},"end":{"line":164,"column":65}},"48":{"start":{"line":165,"column":10},"end":{"line":165,"column":16}},"49":{"start":{"line":169,"column":20},"end":{"line":184,"column":8}},"50":{"start":{"line":171,"column":21},"end":{"line":182,"column":null}},"51":{"start":{"line":186,"column":6},"end":{"line":200,"column":9}},"52":{"start":{"line":190,"column":29},"end":{"line":190,"column":39}},"53":{"start":{"line":191,"column":12},"end":{"line":196,"column":null}},"54":{"start":{"line":202,"column":6},"end":{"line":202,"column":44}},"55":{"start":{"line":203,"column":6},"end":{"line":206,"column":9}},"56":{"start":{"line":211,"column":4},"end":{"line":311,"column":5}},"57":{"start":{"line":212,"column":22},"end":{"line":212,"column":39}},"58":{"start":{"line":213,"column":6},"end":{"line":218,"column":7}},"59":{"start":{"line":214,"column":8},"end":{"line":217,"column":11}},"60":{"start":{"line":221,"column":6},"end":{"line":248,"column":7}},"61":{"start":{"line":222,"column":8},"end":{"line":247,"column":11}},"62":{"start":{"line":250,"column":76},"end":{"line":250,"column":85}},"63":{"start":{"line":251,"column":21},"end":{"line":251,"column":55}},"64":{"start":{"line":253,"column":31},"end":{"line":253,"column":33}},"65":{"start":{"line":254,"column":6},"end":{"line":256,"column":7}},"66":{"start":{"line":255,"column":8},"end":{"line":255,"column":41}},"67":{"start":{"line":258,"column":40},"end":{"line":260,"column":34}},"68":{"start":{"line":262,"column":20},"end":{"line":281,"column":8}},"69":{"start":{"line":283,"column":29},"end":{"line":291,"column":8}},"70":{"start":{"line":284,"column":25},"end":{"line":284,"column":35}},"71":{"start":{"line":286,"column":8},"end":{"line":289,"column":null}},"72":{"start":{"line":293,"column":6},"end":{"line":304,"column":9}},"73":{"start":{"line":306,"column":6},"end":{"line":306,"column":48}},"74":{"start":{"line":307,"column":6},"end":{"line":310,"column":9}},"75":{"start":{"line":315,"column":24},"end":{"line":315,"column":56}},"76":{"start":{"line":316,"column":4},"end":{"line":372,"column":5}},"77":{"start":{"line":317,"column":26},"end":{"line":317,"column":53}},"78":{"start":{"line":318,"column":22},"end":{"line":318,"column":39}},"79":{"start":{"line":320,"column":6},"end":{"line":326,"column":7}},"80":{"start":{"line":321,"column":8},"end":{"line":321,"column":37}},"81":{"start":{"line":322,"column":8},"end":{"line":325,"column":11}},"82":{"start":{"line":328,"column":24},"end":{"line":349,"column":8}},"83":{"start":{"line":351,"column":6},"end":{"line":357,"column":7}},"84":{"start":{"line":352,"column":8},"end":{"line":352,"column":37}},"85":{"start":{"line":353,"column":8},"end":{"line":356,"column":11}},"86":{"start":{"line":359,"column":6},"end":{"line":359,"column":33}},"87":{"start":{"line":360,"column":6},"end":{"line":363,"column":9}},"88":{"start":{"line":366,"column":6},"end":{"line":366,"column":35}},"89":{"start":{"line":367,"column":6},"end":{"line":367,"column":44}},"90":{"start":{"line":368,"column":6},"end":{"line":371,"column":9}},"91":{"start":{"line":379,"column":24},"end":{"line":379,"column":56}},"92":{"start":{"line":380,"column":4},"end":{"line":492,"column":5}},"93":{"start":{"line":381,"column":48},"end":{"line":381,"column":56}},"94":{"start":{"line":384,"column":6},"end":{"line":395,"column":7}},"95":{"start":{"line":385,"column":8},"end":{"line":385,"column":39}},"96":{"start":{"line":386,"column":8},"end":{"line":388,"column":9}},"97":{"start":{"line":387,"column":10},"end":{"line":387,"column":46}},"98":{"start":{"line":390,"column":8},"end":{"line":390,"column":37}},"99":{"start":{"line":391,"column":8},"end":{"line":394,"column":11}},"100":{"start":{"line":397,"column":24},"end":{"line":397,"column":41}},"101":{"start":{"line":399,"column":6},"end":{"line":405,"column":7}},"102":{"start":{"line":400,"column":8},"end":{"line":400,"column":37}},"103":{"start":{"line":401,"column":8},"end":{"line":404,"column":11}},"104":{"start":{"line":408,"column":6},"end":{"line":414,"column":7}},"105":{"start":{"line":409,"column":8},"end":{"line":409,"column":37}},"106":{"start":{"line":410,"column":8},"end":{"line":413,"column":11}},"107":{"start":{"line":417,"column":6},"end":{"line":437,"column":7}},"108":{"start":{"line":418,"column":8},"end":{"line":418,"column":78}},"109":{"start":{"line":421,"column":8},"end":{"line":427,"column":9}},"110":{"start":{"line":422,"column":10},"end":{"line":422,"column":39}},"111":{"start":{"line":423,"column":10},"end":{"line":426,"column":13}},"112":{"start":{"line":429,"column":8},"end":{"line":429,"column":35}},"113":{"start":{"line":430,"column":8},"end":{"line":436,"column":11}},"114":{"start":{"line":440,"column":19},"end":{"line":440,"column":76}},"115":{"start":{"line":441,"column":6},"end":{"line":447,"column":7}},"116":{"start":{"line":442,"column":8},"end":{"line":442,"column":37}},"117":{"start":{"line":443,"column":8},"end":{"line":446,"column":11}},"118":{"start":{"line":449,"column":6},"end":{"line":455,"column":7}},"119":{"start":{"line":450,"column":8},"end":{"line":450,"column":37}},"120":{"start":{"line":451,"column":8},"end":{"line":454,"column":11}},"121":{"start":{"line":457,"column":35},"end":{"line":463,"column":25}},"122":{"start":{"line":465,"column":6},"end":{"line":465,"column":61}},"123":{"start":{"line":468,"column":6},"end":{"line":474,"column":26}},"124":{"start":{"line":476,"column":6},"end":{"line":476,"column":33}},"125":{"start":{"line":477,"column":6},"end":{"line":483,"column":9}},"126":{"start":{"line":485,"column":6},"end":{"line":485,"column":35}},"127":{"start":{"line":486,"column":6},"end":{"line":486,"column":45}},"128":{"start":{"line":487,"column":6},"end":{"line":491,"column":9}},"129":{"start":{"line":496,"column":0},"end":{"line":496,"column":37}}},"fnMap":{"0":{"name":"(anonymous_1)","decl":{"start":{"line":40,"column":15},"end":{"line":40,"column":16}},"loc":{"start":{"line":40,"column":46},"end":{"line":44,"column":3}}},"1":{"name":"(anonymous_2)","decl":{"start":{"line":46,"column":25},"end":{"line":46,"column":30}},"loc":{"start":{"line":49,"column":6},"end":{"line":139,"column":3}}},"2":{"name":"(anonymous_3)","decl":{"start":{"line":111,"column":24},"end":{"line":111,"column":25}},"loc":{"start":{"line":111,"column":45},"end":{"line":114,"column":14}}},"3":{"name":"(anonymous_4)","decl":{"start":{"line":141,"column":16},"end":{"line":141,"column":21}},"loc":{"start":{"line":141,"column":91},"end":{"line":208,"column":3}}},"4":{"name":"(anonymous_5)","decl":{"start":{"line":171,"column":15},"end":{"line":171,"column":18}},"loc":{"start":{"line":171,"column":20},"end":{"line":182,"column":null}}},"5":{"name":"(anonymous_6)","decl":{"start":{"line":189,"column":27},"end":{"line":189,"column":31}},"loc":{"start":{"line":189,"column":34},"end":{"line":198,"column":11}}},"6":{"name":"(anonymous_7)","decl":{"start":{"line":210,"column":23},"end":{"line":210,"column":28}},"loc":{"start":{"line":210,"column":97},"end":{"line":312,"column":3}}},"7":{"name":"(anonymous_8)","decl":{"start":{"line":283,"column":44},"end":{"line":283,"column":45}},"loc":{"start":{"line":283,"column":58},"end":{"line":291,"column":7}}},"8":{"name":"(anonymous_9)","decl":{"start":{"line":314,"column":23},"end":{"line":314,"column":28}},"loc":{"start":{"line":314,"column":103},"end":{"line":373,"column":3}}},"9":{"name":"(anonymous_10)","decl":{"start":{"line":375,"column":24},"end":{"line":375,"column":29}},"loc":{"start":{"line":378,"column":6},"end":{"line":493,"column":3}}}},"branchMap":{"0":{"loc":{"start":{"line":43,"column":66},"end":{"line":43,"column":80}},"type":"cond-expr","locations":[{"start":{"line":43,"column":71},"end":{"line":43,"column":73}},{"start":{"line":43,"column":66},"end":{"line":43,"column":80}}]},"1":{"loc":{"start":{"line":43,"column":66},"end":{"line":43,"column":73}},"type":"binary-expr","locations":[{"start":{"line":43,"column":66},"end":{"line":43,"column":73}},{"start":{"line":43,"column":66},"end":{"line":43,"column":73}}]},"2":{"loc":{"start":{"line":53,"column":22},"end":{"line":53,"column":39}},"type":"cond-expr","locations":[{"start":{"line":53,"column":30},"end":{"line":53,"column":32}},{"start":{"line":53,"column":30},"end":{"line":53,"column":39}}]},"3":{"loc":{"start":{"line":53,"column":22},"end":{"line":53,"column":32}},"type":"binary-expr","locations":[{"start":{"line":53,"column":22},"end":{"line":53,"column":32}},{"start":{"line":53,"column":30},"end":{"line":53,"column":32}}]},"4":{"loc":{"start":{"line":55,"column":6},"end":{"line":61,"column":7}},"type":"if","locations":[{"start":{"line":55,"column":6},"end":{"line":61,"column":7}}]},"5":{"loc":{"start":{"line":63,"column":6},"end":{"line":69,"column":7}},"type":"if","locations":[{"start":{"line":63,"column":6},"end":{"line":69,"column":7}}]},"6":{"loc":{"start":{"line":63,"column":10},"end":{"line":63,"column":58}},"type":"binary-expr","locations":[{"start":{"line":63,"column":10},"end":{"line":63,"column":16}},{"start":{"line":63,"column":20},"end":{"line":63,"column":36}},{"start":{"line":63,"column":40},"end":{"line":63,"column":58}}]},"7":{"loc":{"start":{"line":71,"column":6},"end":{"line":77,"column":7}},"type":"if","locations":[{"start":{"line":71,"column":6},"end":{"line":77,"column":7}}]},"8":{"loc":{"start":{"line":71,"column":10},"end":{"line":71,"column":66}},"type":"binary-expr","locations":[{"start":{"line":71,"column":10},"end":{"line":71,"column":18}},{"start":{"line":71,"column":22},"end":{"line":71,"column":41}},{"start":{"line":71,"column":45},"end":{"line":71,"column":66}}]},"9":{"loc":{"start":{"line":80,"column":6},"end":{"line":93,"column":7}},"type":"if","locations":[{"start":{"line":80,"column":6},"end":{"line":93,"column":7}}]},"10":{"loc":{"start":{"line":101,"column":22},"end":{"line":101,"column":43}},"type":"binary-expr","locations":[{"start":{"line":101,"column":22},"end":{"line":101,"column":34}},{"start":{"line":101,"column":38},"end":{"line":101,"column":43}}]},"11":{"loc":{"start":{"line":108,"column":6},"end":{"line":121,"column":7}},"type":"if","locations":[{"start":{"line":108,"column":6},"end":{"line":121,"column":7}}]},"12":{"loc":{"start":{"line":108,"column":10},"end":{"line":108,"column":39}},"type":"binary-expr","locations":[{"start":{"line":108,"column":10},"end":{"line":108,"column":17}},{"start":{"line":108,"column":21},"end":{"line":108,"column":39}}]},"13":{"loc":{"start":{"line":143,"column":22},"end":{"line":143,"column":39}},"type":"cond-expr","locations":[{"start":{"line":143,"column":30},"end":{"line":143,"column":32}},{"start":{"line":143,"column":30},"end":{"line":143,"column":39}}]},"14":{"loc":{"start":{"line":143,"column":22},"end":{"line":143,"column":32}},"type":"binary-expr","locations":[{"start":{"line":143,"column":22},"end":{"line":143,"column":32}},{"start":{"line":143,"column":30},"end":{"line":143,"column":32}}]},"15":{"loc":{"start":{"line":144,"column":6},"end":{"line":149,"column":7}},"type":"if","locations":[{"start":{"line":144,"column":6},"end":{"line":149,"column":7}}]},"16":{"loc":{"start":{"line":151,"column":14},"end":{"line":151,"column":31}},"type":"default-arg","locations":[{"start":{"line":151,"column":23},"end":{"line":151,"column":31}}]},"17":{"loc":{"start":{"line":155,"column":6},"end":{"line":166,"column":7}},"type":"switch","locations":[{"start":{"line":156,"column":8},"end":{"line":158,"column":16}},{"start":{"line":159,"column":8},"end":{"line":161,"column":16}},{"start":{"line":162,"column":8},"end":{"line":162,"column":22}},{"start":{"line":163,"column":8},"end":{"line":165,"column":16}}]},"18":{"loc":{"start":{"line":179,"column":24},"end":{"line":179,"column":56}},"type":"binary-expr","locations":[{"start":{"line":179,"column":24},"end":{"line":179,"column":42}},{"start":{"line":179,"column":46},"end":{"line":179,"column":56}}]},"19":{"loc":{"start":{"line":179,"column":24},"end":{"line":179,"column":42}},"type":"cond-expr","locations":[{"start":{"line":179,"column":32},"end":{"line":179,"column":34}},{"start":{"line":179,"column":32},"end":{"line":179,"column":42}}]},"20":{"loc":{"start":{"line":179,"column":24},"end":{"line":179,"column":34}},"type":"binary-expr","locations":[{"start":{"line":179,"column":24},"end":{"line":179,"column":34}},{"start":{"line":179,"column":32},"end":{"line":179,"column":34}}]},"21":{"loc":{"start":{"line":193,"column":20},"end":{"line":196,"column":null}},"type":"cond-expr","locations":[{"start":{"line":193,"column":44},"end":{"line":193,"column":48}},{"start":{"line":193,"column":51},"end":{"line":196,"column":null}}]},"22":{"loc":{"start":{"line":212,"column":22},"end":{"line":212,"column":39}},"type":"cond-expr","locations":[{"start":{"line":212,"column":30},"end":{"line":212,"column":32}},{"start":{"line":212,"column":30},"end":{"line":212,"column":39}}]},"23":{"loc":{"start":{"line":212,"column":22},"end":{"line":212,"column":32}},"type":"binary-expr","locations":[{"start":{"line":212,"column":22},"end":{"line":212,"column":32}},{"start":{"line":212,"column":30},"end":{"line":212,"column":32}}]},"24":{"loc":{"start":{"line":213,"column":6},"end":{"line":218,"column":7}},"type":"if","locations":[{"start":{"line":213,"column":6},"end":{"line":218,"column":7}}]},"25":{"loc":{"start":{"line":221,"column":6},"end":{"line":248,"column":7}},"type":"if","locations":[{"start":{"line":221,"column":6},"end":{"line":248,"column":7}}]},"26":{"loc":{"start":{"line":250,"column":14},"end":{"line":250,"column":24}},"type":"default-arg","locations":[{"start":{"line":250,"column":21},"end":{"line":250,"column":24}}]},"27":{"loc":{"start":{"line":250,"column":26},"end":{"line":250,"column":38}},"type":"default-arg","locations":[{"start":{"line":250,"column":34},"end":{"line":250,"column":38}}]},"28":{"loc":{"start":{"line":250,"column":54},"end":{"line":250,"column":71}},"type":"default-arg","locations":[{"start":{"line":250,"column":63},"end":{"line":250,"column":71}}]},"29":{"loc":{"start":{"line":254,"column":6},"end":{"line":256,"column":7}},"type":"if","locations":[{"start":{"line":254,"column":6},"end":{"line":256,"column":7}}]},"30":{"loc":{"start":{"line":258,"column":40},"end":{"line":260,"column":34}},"type":"cond-expr","locations":[{"start":{"line":259,"column":10},"end":{"line":259,"column":58}},{"start":{"line":260,"column":10},"end":{"line":260,"column":34}}]},"31":{"loc":{"start":{"line":288,"column":16},"end":{"line":288,"column":63}},"type":"cond-expr","locations":[{"start":{"line":
[...]
,"C:\\app_build\\Iexist\\backend\\tests\\helpers\\db.helper.ts": {"path":"C:\\app_build\\Iexist\\backend\\tests\\helpers\\db.helper.ts","statementMap":{"0":{"start":{"line":2,"column":0},"end":{"line":2,"column":30}},"1":{"start":{"line":4,"column":29},"end":{"line":62,"column":1}},"2":{"start":{"line":5,"column":2},"end":{"line":61,"column":3}},"3":{"start":{"line":7,"column":4},"end":{"line":7,"column":59}},"4":{"start":{"line":10,"column":19},"end":{"line":38,"column":6}},"5":{"start":{"line":41,"column":4},"end":{"line":48,"column":5}},"6":{"start":{"line":42,"column":6},"end":{"line":47,"column":7}},"7":{"start":{"line":43,"column":8},"end":{"line":43,"column":57}},"8":{"start":{"line":45,"column":8},"end":{"line":45,"column":60}},"9":{"start":{"line":51,"column":4},"end":{"line":51,"column":59}},"10":{"start":{"line":54,"column":4},"end":{"line":54,"column":45}},"11":{"start":{"line":56,"column":4},"end":{"line":60,"column":5}},"12":{"start":{"line":57,"column":6},"end":{"line":57,"column":61}},"13":{"start":{"line":59,"column":6},"end":{"line":59,"column":43}},"14":{"start":{"line":4,"column":13},"end":{"line":4,"column":29}},"15":{"start":{"line":63,"column":30},"end":{"line":70,"column":1}},"16":{"start":{"line":64,"column":2},"end":{"line":69,"column":3}},"17":{"start":{"line":65,"column":4},"end":{"line":65,"column":42}},"18":{"start":{"line":67,"column":4},"end":{"line":67,"column":45}},"19":{"start":{"line":68,"column":4},"end":{"line":68,"column":16}},"20":{"start":{"line":63,"column":13},"end":{"line":63,"column":30}},"21":{"start":{"line":72,"column":33},"end":{"line":79,"column":1}},"22":{"start":{"line":73,"column":2},"end":{"line":78,"column":3}},"23":{"start":{"line":74,"column":4},"end":{"line":74,"column":48}},"24":{"start":{"line":76,"column":4},"end":{"line":76,"column":44}},"25":{"start":{"line":77,"column":4},"end":{"line":77,"column":16}},"26":{"start":{"line":72,"column":13},"end":{"line":72,"column":33}},"27":{"start":{"line":81,"column":36},"end":{"line":88,"column":1}},"28":{"start":{"line":82,"column":2},"end":{"line":87,"column":3}},"29":{"start":{"line":83,"column":4},"end":{"line":83,"column":47}},"30":{"start":{"line":85,"column":4},"end":{"line":85,"column":47}},"31":{"start":{"line":86,"column":4},"end":{"line":86,"column":16}},"32":{"start":{"line":81,"column":13},"end":{"line":81,"column":36}}},"fnMap":{"0":{"name":"(anonymous_1)","decl":{"start":{"line":4,"column":29},"end":{"line":4,"column":34}},"loc":{"start":{"line":4,"column":40},"end":{"line":62,"column":1}}},"1":{"name":"(anonymous_2)","decl":{"start":{"line":63,"column":30},"end":{"line":63,"column":35}},"loc":{"start":{"line":63,"column":54},"end":{"line":70,"column":1}}},"2":{"name":"(anonymous_3)","decl":{"start":{"line":72,"column":33},"end":{"line":72,"column":38}},"loc":{"start":{"line":72,"column":60},"end":{"line":79,"column":1}}},"3":{"name":"(anonymous_4)","decl":{"start":{"line":81,"column":36},"end":{"line":81,"column":41}},"loc":{"start":{"line":81,"column":59},"end":{"line":88,"column":1}}}},"branchMap":{},"s":{"0":3,"1":3,"2":2,"3":2,"4":2,"5":2,"6":48,"7":48,"8":0,"9":2,"10":0,"11":0,"12":0,"13":0,"14":3,"15":3,"16":7,"17":7,"18":0,"19":0,"20":3,"21":3,"22":2,"23":2,"24":0,"25":0,"26":3,"27":3,"28":0,"29":0,"30":0,"31":0,"32":3},"f":{"0":2,"1":7,"2":2,"3":0},"b":{}}
,"C:\\app_build\\Iexist\\backend\\tests\\helpers\\dependencyGraph.ts": {"path":"C:\\app_build\\Iexist\\backend\\tests\\helpers\\dependencyGraph.ts","statementMap":{"0":{"start":{"line":2,"column":0},"end":{"line":2,"column":25}},"1":{"start":{"line":3,"column":0},"end":{"line":3,"column":29}},"2":{"start":{"line":4,"column":0},"end":{"line":4,"column":33}},"3":{"start":{"line":12,"column":10},"end":{"line":12,"column":42}},"4":{"start":{"line":16,"column":4},"end":{"line":16,"column":41}},"5":{"start":{"line":17,"column":4},"end":{"line":17,"column":32}},"6":{"start":{"line":21,"column":18},"end":{"line":21,"column":50}},"7":{"start":{"line":23,"column":4},"end":{"line":25,"column":5}},"8":{"start":{"line":24,"column":6},"end":{"line":24,"column":29}},"9":{"start":{"line":29,"column":28},"end":{"line":29,"column":30}},"10":{"start":{"line":30,"column":17},"end":{"line":30,"column":36}},"11":{"start":{"line":32,"column":4},"end":{"line":47,"column":5}},"12":{"start":{"line":33,"column":23},"end":{"line":33,"column":43}},"13":{"start":{"line":34,"column":19},"end":{"line":34,"column":40}},"14":{"start":{"line":36,"column":6},"end":{"line":46,"column":7}},"15":{"start":{"line":37,"column":8},"end":{"line":37,"column":63}},"16":{"start":{"line":38,"column":13},"end":{"line":46,"column":7}},"17":{"start":{"line":40,"column":8},"end":{"line":45,"column":9}},"18":{"start":{"line":44,"column":10},"end":{"line":44,"column":33}},"19":{"start":{"line":49,"column":4},"end":{"line":49,"column":19}},"20":{"start":{"line":53,"column":23},"end":{"line":57,"column":null}},"21":{"start":{"line":61,"column":4},"end":{"line":61,"column":46}},"22":{"start":{"line":65,"column":4},"end":{"line":79,"column":7}},"23":{"start":{"line":66,"column":6},"end":{"line":78,"column":7}},"24":{"start":{"line":67,"column":28},"end":{"line":67,"column":74}},"25":{"start":{"line":70,"column":8},"end":{"line":77,"column":9}},"26":{"start":{"line":71,"column":31},"end":{"line":71,"column":75}},"27":{"start":{"line":73,"column":10},"end":{"line":76,"column":13}},"28":{"start":{"line":84,"column":22},"end":{"line":84,"column":50}},"29":{"start":{"line":85,"column":23},"end":{"line":85,"column":58}},"30":{"start":{"line":88,"column":4},"end":{"line":105,"column":5}},"31":{"start":{"line":89,"column":25},"end":{"line":89,"column":55}},"32":{"start":{"line":91,"column":6},"end":{"line":96,"column":7}},"33":{"start":{"line":92,"column":28},"end":{"line":92,"column":46}},"34":{"start":{"line":93,"column":8},"end":{"line":95,"column":9}},"35":{"start":{"line":94,"column":10},"end":{"line":94,"column":29}},"36":{"start":{"line":99,"column":6},"end":{"line":104,"column":7}},"37":{"start":{"line":100,"column":26},"end":{"line":100,"column":64}},"38":{"start":{"line":101,"column":8},"end":{"line":103,"column":9}},"39":{"start":{"line":102,"column":10},"end":{"line":102,"column":27}},"40":{"start":{"line":107,"column":4},"end":{"line":107,"column":24}},"41":{"start":{"line":113,"column":23},"end":{"line":113,"column":60}},"42":{"start":{"line":116,"column":4},"end":{"line":116,"column":44}},"43":{"start":{"line":121,"column":37},"end":{"line":121,"column":39}},"44":{"start":{"line":123,"column":4},"end":{"line":134,"column":5}},"45":{"start":{"line":125,"column":6},"end":{"line":133,"column":7}},"46":{"start":{"line":127,"column":8},"end":{"line":132,"column":9}},"47":{"start":{"line":128,"column":10},"end":{"line":131,"column":11}},"48":{"start":{"line":129,"column":12},"end":{"line":129,"column":33}},"49":{"start":{"line":130,"column":12},"end":{"line":130,"column":18}},"50":{"start":{"line":136,"column":4},"end":{"line":136,"column":22}},"51":{"start":{"line":141,"column":44},"end":{"line":141,"column":46}},"52":{"start":{"line":144,"column":4},"end":{"line":156,"column":5}},"53":{"start":{"line":145,"column":6},"end":{"line":147,"column":7}},"54":{"start":{"line":146,"column":8},"end":{"line":146,"column":35}},"55":{"start":{"line":149,"column":6},"end":{"line":151,"column":7}},"56":{"start":{"line":150,"column":8},"end":{"line":150,"column":39}},"57":{"start":{"line":153,"column":6},"end":{"line":155,"column":7}},"58":{"start":{"line":154,"column":8},"end":{"line":154,"column":55}},"59":{"start":{"line":159,"column":31},"end":{"line":159,"column":33}},"60":{"start":{"line":160,"column":20},"end":{"line":160,"column":37}},"61":{"start":{"line":161,"column":18},"end":{"line":161,"column":35}},"62":{"start":{"line":163,"column":16},"end":{"line":189,"column":5}},"63":{"start":{"line":164,"column":6},"end":{"line":173,"column":7}},"64":{"start":{"line":166,"column":27},"end":{"line":166,"column":45}},"65":{"start":{"line":167,"column":8},"end":{"line":171,"column":9}},"66":{"start":{"line":168,"column":24},"end":{"line":168,"column":46}},"67":{"start":{"line":169,"column":10},"end":{"line":169,"column":27}},"68":{"start":{"line":170,"column":10},"end":{"line":170,"column":29}},"69":{"start":{"line":172,"column":8},"end":{"line":172,"column":15}},"70":{"start":{"line":175,"column":6},"end":{"line":177,"column":7}},"71":{"start":{"line":176,"column":8},"end":{"line":176,"column":15}},"72":{"start":{"line":179,"column":6},"end":{"line":179,"column":24}},"73":{"start":{"line":180,"column":6},"end":{"line":180,"column":22}},"74":{"start":{"line":181,"column":6},"end":{"line":181,"column":22}},"75":{"start":{"line":183,"column":24},"end":{"line":183,"column":41}},"76":{"start":{"line":184,"column":6},"end":{"line":186,"column":7}},"77":{"start":{"line":185,"column":8},"end":{"line":185,"column":33}},"78":{"start":{"line":188,"column":6},"end":{"line":188,"column":25}},"79":{"start":{"line":192,"column":4},"end":{"line":194,"column":5}},"80":{"start":{"line":193,"column":6},"end":{"line":193,"column":16}},"81":{"start":{"line":196,"column":4},"end":{"line":196,"column":18}},"82":{"start":{"line":201,"column":4},"end":{"line":201,"column":29}},"83":{"start":{"line":206,"column":4},"end":{"line":208,"column":6}},"84":{"start":{"line":207,"column":6},"end":{"line":207,"column":82}},"85":{"start":{"line":11,"column":0},"end":{"line":11,"column":13}}},"fnMap":{"0":{"name":"(anonymous_9)","decl":{"start":{"line":15,"column":2},"end":{"line":15,"column":14}},"loc":{"start":{"line":15,"column":29},"end":{"line":18,"column":3}}},"1":{"name":"(anonymous_10)","decl":{"start":{"line":20,"column":10},"end":{"line":20,"column":30}},"loc":{"start":{"line":20,"column":30},"end":{"line":26,"column":3}}},"2":{"name":"(anonymous_11)","decl":{"start":{"line":28,"column":10},"end":{"line":28,"column":23}},"loc":{"start":{"line":28,"column":35},"end":{"line":50,"column":3}}},"3":{"name":"(anonymous_12)","decl":{"start":{"line":52,"column":10},"end":{"line":52,"column":21}},"loc":{"start":{"line":52,"column":38},"end":{"line":62,"column":3}}},"4":{"name":"(anonymous_13)","decl":{"start":{"line":64,"column":10},"end":{"line":64,"column":24}},"loc":{"start":{"line":64,"column":68},"end":{"line":80,"column":3}}},"5":{"name":"(anonymous_14)","decl":{"start":{"line":65,"column":28},"end":{"line":65,"column":32}},"loc":{"start":{"line":65,"column":35},"end":{"line":79,"column":5}}},"6":{"name":"(anonymous_15)","decl":{"start":{"line":82,"column":10},"end":{"line":82,"column":27}},"loc":{"start":{"line":82,"column":70},"end":{"line":108,"column":3}}},"7":{"name":"(anonymous_16)","decl":{"start":{"line":111,"column":10},"end":{"line":111,"column":23}},"loc":{"start":{"line":111,"column":40},"end":{"line":117,"column":3}}},"8":{"name":"(anonymous_17)","decl":{"start":{"line":120,"column":9},"end":{"line":120,"column":29}},"loc":{"start":{"line":120,"column":71},"end":{"line":137,"column":3}}},"9":{"name":"(anonymous_18)","decl":{"start":{"line":140,"column":9},"end":{"line":140,"column":31}},"loc":{"start":{"line":140,"column":31},"end":{"line":197,"column":3}}},"10":{"name":"(anonymous_19)","decl":{"start":{"line":163,"column":16},"end":{"line":163,"column":17}},"loc":{"start":{"line":163,"column":60},"end":{"line":189,"column":5}}},"11":{"name":"(anonymous_20)","decl":{"start":{"line":200,"column":9},"end":{"line":200,"column":24}},"loc":{"start":{"line":200,"column":24},"end":{"line":202,"column":3}}},"12":{"name":"(anonymous_21)","decl":{"start":{"line":205,"column":9},"end":{"line":205,"column":26}},"loc":{"start":{"line":205,"column":45},"end":{"line":209,"column":3}}},"13":{"name":"(anonymous_22)","decl":{"start":{"line":206,"column":36},"end":{"line":206,"column":39}},"loc":{"start":{"line":207,"column":6},"end":{"line":207,"column":82}}}},"branchMap":{"0":{"loc":{"start":{"line":36,"column":6},"end":{"line":46,"column":7}},"type":"if","locations":[{"start":{"line":36,"column":6},"end":{"line":46,"column":7}},{"start":{"line":38,"column":13},"end":{"line":46,"column":7}}]},"1":{"loc":{"start":{"line":38,"column":13},"end":{"line":46,"column":7}},"type":"if","locations":[{"start":{"line":38,"column":13},"end":{"line":46,"column":7}}]},"2":{"loc":{"start":{"line":38,"column":17},"end":{"line":38,"column":86}},"type":"binary-expr","locations":[{"start":{"line":38,"column":17},"end":{"line":38,"column":49}},{"start":{"line":38,"column":53},"end":{"line":38,"column":86}}]},"3":{"loc":{"start":{"line":40,"column":8},"end":{"line":45,"column":9}},"type":"if","locations":[{"start":{"line":40,"column":8},"end":{"line":45,"column":9}}]},"4":{"loc":{"start":{"line":40,"column":12},"end":{"line":43,"column":43}},"type":"binary-expr","locations":[{"start":{"line":40,"column":12},"end":{"line":40,"column":46}},{"start":{"line":41,"column":12},"end":{"line":41,"column":42}},{"start":{"line":42,"column":12},"end":{"line":42,"column":42}},{"start":{"line":43,"column":12},"end":{"line":43,"column":43}}]},"5":{"loc":{"start":{"line":66,"column":6},"end":{"line":78,"column":7}},"type":"if","locations":[{"start":{"line":66,"column":6},"end":{"line":78,"column":7}}]},"6":{"loc":{"start":{"line":70,"column":8},"end":{"line":77,"column":9}},"type":"if","locations":[{"start":{"line":70,"column":8},"end":{"line":77,"column":9}}]},"7":{"loc":{"start":{"line":70,"column":12},"end":{"line":70,"column":68}},"type":"binary-expr","locations":[{"start":{"line":70,"column":12},"end":{"line":70,"column":38}},{"start":{"line":70,"column":42},"end":{"line":70,"column":68}}]},"8":{"loc":{"start":{"line":88,"column":4},"end":{"line":105,"column":5}},"type":"if","locations":[{"start":{"line":88,"column":4},"end":{"line":105,"column":5}}]},"9":{"loc":{"start":{"line":93,"column":8},"end":{"line":95,"column":9}},"type":"if","locations":[{"start":{"line":93,"column":8},"end":{"line":95,"column":9}}]},"10":{"loc":{"start":{"line":101,"column":8},"end":{"line":103,"column":9}},"type":"if","locations":[{"start":{"line":101,"column":8},"end":{"line":103,"column":9}}]},"11":{"loc":{"start":{"line":125,"column":6},"end":{"line":133,"column":7}},"type":"if","locations":[{"start":{"line":125,"column":6},"end":{"line":133,"column":7}}]},"12":{"loc":{"start":{"line":128,"column":10},"end":{"line":131,"column":11}},"type":"if","locations":[{"start":{"line":128,"column":10},"end":{"line":131,"column":11}}]},"13":{"loc":{"start":{"line":145,"column":6},"end":{"line":147,"column":7}},"type":"if","locations":[{"start":{"line":145,"column":6},"end":{"line":147,"column":7}}]},"14":{"loc":{"start":{"line":149,"column":6},"end":{"line":151,"column":7}},"type":"if","locations":[{"start":{"line":149,"column":6},"end":{"line":151,"column":7}}]},"15":{"loc":{"start":{"line":153,"column":6},"end":{"line":155,"column":7}},"type":"if","locations":[{"start":{"line":153,"column":6},"end":{"line":155,"column":7}}]},"16":{"loc":{"start":{"line":163,"column":31},"end":{"line":163,"column":50}},"type":"default-arg","locations":[{"start":{"line":163,"column":48},"end":{"line":163,"column":50}}]},"17":{"loc":{"start":{"line":164,"column":6},"end":{"line":173,"column":7}},"type":"if","locations":[{"start":{"line":164,"column":6},"end":{"line":173,"column":7}}]},"18":{"loc":{"start":{"line":167,"column":8},"end":{"line":171,"column":9}},"type":"if","locations":[{"start":{"line":167,"column":8},"end":{"line":171,"column":9}}]},"19":{"loc":{"start":{"line":175,"column":6},"end":{"line":177,"column":7}},"type":"if","locations":[{"start":{"line":175,"column":6},"end":{"line":177,"column":7}}]},"20":{"loc":{"start":{"line":183,"column":24},"end":{"line":183,"column":41}},"type":"binary-expr","locations":[{"start":{"line":183,"column":24},"end":{"line":183,"column":35}},{"start":{"line":183,"column":39},"end":{"line":183,"column":41}}]},"21":{"loc":{"start":{"line":207,"column":6},"end":{"line":207,"column":82}},"type":"binary-expr","locations":[{"start":{"line":207,"column":6},"end":{"line":207,"column":35}},{"start":{"line":207,"column":39},"end":{"line":207,"column":82}}]}},"s":{"0":1,"1":1,"2":1,"3":1,"4":1,"5":1,"6":1,"7":1,"8":119,"9":1940,"10":1940,"11":1940,"12":15072,"13":15072,"14":15072,"15":1939,"16":13133,"17":1779,"18":119,"19":1940,"20":119,"21":119,"22":119,"23":1235,"24":381,"25":381,"26":215,"27":215,"28":215,"29":215,"30":215,"31":215,"32":215,"33":368,"34":368,"35":164,"36":51,"37":111,"38":111,"39":31,"40":20,"41":430,"42":430,"43":3,"44":3,"45":645,"46":95,"47":345,"48":0,"49":0,"50":3,"51":1,"52":1,"53":215,"54":39,"55":215,"56":50,"57":215,"58":215,"59":1,"60":1,"61":1,"62":1,"63":304,"64":0,"65":0,"66":0,"67":0,"68":0,"69":0,"70":304,"71":215,"72":89,"73":89,"74":89,"75":89,"76":89,"77":215,"78":89,"79":1,"80":89,"81":1,"82":1,"83":5,"84":1075,"85":1},"f":{"0":1,"1":1,"2":1940,"3":119,"4":119,"5":1235,"6":215,"7":430,"8":3,"9":1,"10":304,"11":1,"12":5,"13":1075},"b":{"0":[1939,13133],"1":[1779],"2":[13133,11354],"3":[119],"4":[1779,228,121,121],"5":[381],"6":[215],"7":[381,166],"8":[215],"9":[164],"10":[31],"11":[95],"12":[0],"13":[39],"14":[50],"15":[215],"16":[89],"17":[0],"18":[0],"19":[215],"20":[89,0],"21":[1075,1075]}}
,"C:\\app_build\\Iexist\\backend\\utils\\utils.ts": {"path":"C:\\app_build\\Iexist\\backend\\utils\\utils.ts","statementMap":{"0":{"start":{"line":2,"column":36},"end":{"line":11,"column":1}},"1":{"start":{"line":3,"column":22},"end":{"line":3,"column":77}},"2":{"start":{"line":4,"column":21},"end":{"line":4,"column":59}},"3":{"start":{"line":6,"column":2},"end":{"line":10,"column":4}},"4":{"start":{"line":2,"column":13},"end":{"line":2,"column":36}},"5":{"start":{"line":13,"column":30},"end":{"line":24,"column":1}},"6":{"start":{"line":14,"column":59},"end":{"line":21,"column":4}},"7":{"start":{"line":23,"column":2},"end":{"line":23,"column":53}},"8":{"start":{"line":13,"column":13},"end":{"line":13,"column":30}}},"fnMap":{"0":{"name":"(anonymous_0)","decl":{"start":{"line":2,"column":36},"end":{"line":2,"column":37}},"loc":{"start":{"line":2,"column":70},"end":{"line":11,"column":1}}},"1":{"name":"(anonymous_1)","decl":{"start":{"line":13,"column":30},"end":{"line":13,"column":31}},"loc":{"start":{"line":13,"column":80},"end":{"line":24,"column":1}}}},"branchMap":{"0":{"loc":{"start":{"line":3,"column":57},"end":{"line":3,"column":70}},"type":"binary-expr","locations":[{"start":{"line":3,"column":57},"end":{"line":3,"column":62}},{"start":{"line":3,"column":66},"end":{"line":3,"column":70}}]},"1":{"loc":{"start":{"line":4,"column":42},"end":{"line":4,"column":53}},"type":"binary-expr","locations":[{"start":{"line":4,"column":42},"end":{"line":4,"column":46}},{"start":{"line":4,"column":50},"end":{"line":4,"column":53}}]},"2":{"loc":{"start":{"line":13,"column":31},"end":{"line":13,"column":56}},"type":"default-arg","locations":[{"start":{"line":13,"column":48},"end":{"line":13,"column":56}}]},"3":{"loc":{"start":{"line":23,"column":9},"end":{"line":23,"column":52}},"type":"binary-expr","locations":[{"start":{"line":23,"column":9},"end":{"line":23,"column":29}},{"start":{"line":23,"column":33},"end":{"line":23,"column":52}}]}},"s":{"0":105,"1":8,"2":8,"3":8,"4":105,"5":105,"6":6,"7":6,"8":105},"f":{"0":8,"1":6},"b":{"0":[8,4],"1":[8,4],"2":[1],"3":[6,1]}}
}
