TN:
SF:app.ts
FN:29,(anonymous_10)
FN:47,(anonymous_11)
FN:62,(anonymous_12)
FN:103,(anonymous_13)
FNF:4
FNH:3
FNDA:4,(anonymous_10)
FNDA:0,(anonymous_11)
FNDA:1,(anonymous_12)
FNDA:8,(anonymous_13)
DA:2,105
DA:3,105
DA:4,105
DA:5,105
DA:6,105
DA:7,105
DA:8,105
DA:9,105
DA:10,105
DA:11,105
DA:12,105
DA:13,105
DA:14,105
DA:15,105
DA:16,105
DA:17,105
DA:18,105
DA:20,105
DA:21,105
DA:22,105
DA:23,105
DA:24,0
DA:26,105
DA:29,105
DA:30,4
DA:37,105
DA:40,105
DA:41,105
DA:42,105
DA:43,105
DA:46,105
DA:47,105
DA:48,0
DA:51,105
DA:62,105
DA:63,1
DA:64,0
DA:70,1
DA:73,1
DA:74,1
DA:78,1
DA:82,1
DA:83,1
DA:86,1
DA:93,105
DA:94,105
DA:95,105
DA:96,105
DA:98,105
DA:99,105
DA:100,105
DA:103,105
DA:105,8
DA:107,8
DA:113,105
LF:55
LH:52
BRDA:23,0,0,0
BRDA:63,1,0,0
BRDA:73,2,0,1
BRDA:73,3,0,1
BRDA:73,3,1,1
BRDA:82,4,0,1
BRF:6
BRH:4
end_of_record
TN:
SF:server.ts
FN:83,(anonymous_1)
FN:122,(anonymous_2)
FN:133,(anonymous_3)
FN:145,(anonymous_4)
FN:160,(anonymous_5)
FN:161,(anonymous_6)
FN:175,(anonymous_7)
FN:186,(anonymous_8)
FN:187,(anonymous_9)
FN:192,(anonymous_10)
FN:210,(anonymous_11)
FN:220,(anonymous_12)
FNF:12
FNH:9
FNDA:0,(anonymous_1)
FNDA:1,(anonymous_2)
FNDA:0,(anonymous_3)
FNDA:8,(anonymous_4)
FNDA:8,(anonymous_5)
FNDA:8,(anonymous_6)
FNDA:8,(anonymous_7)
FNDA:8,(anonymous_8)
FNDA:0,(anonymous_9)
FNDA:8,(anonymous_10)
FNDA:8,(anonymous_11)
FNDA:2,(anonymous_12)
DA:3,14
DA:4,14
DA:5,14
DA:7,14
DA:8,14
DA:9,14
DA:10,14
DA:11,14
DA:12,14
DA:13,14
DA:14,14
DA:15,14
DA:16,14
DA:17,14
DA:18,14
DA:19,14
DA:20,14
DA:21,14
DA:24,14
DA:25,14
DA:28,14
DA:31,14
DA:32,14
DA:33,14
DA:36,14
DA:39,14
DA:40,0
DA:41,0
DA:45,14
DA:46,14
DA:47,14
DA:48,14
DA:49,14
DA:53,14
DA:54,14
DA:69,0
DA:83,14
DA:84,0
DA:86,0
DA:89,0
DA:90,0
DA:93,0
DA:96,0
DA:97,0
DA:98,0
DA:100,0
DA:106,14
DA:109,14
DA:110,14
DA:111,14
DA:112,14
DA:113,14
DA:114,14
DA:115,14
DA:116,14
DA:117,14
DA:118,14
DA:119,14
DA:122,14
DA:123,1
DA:130,14
DA:133,14
DA:134,0
DA:135,0
DA:141,14
DA:143,14
DA:145,14
DA:146,8
DA:147,8
DA:149,8
DA:150,8
DA:153,8
DA:154,8
DA:157,0
DA:160,8
DA:161,8
DA:162,8
DA:163,8
DA:167,0
DA:168,0
DA:169,0
DA:171,0
DA:175,14
DA:176,8
DA:178,8
DA:179,8
DA:180,8
DA:181,8
DA:185,8
DA:186,8
DA:187,8
DA:188,0
DA:189,0
DA:192,8
DA:193,8
DA:194,8
DA:195,0
DA:196,0
DA:198,8
DA:199,8
DA:203,8
DA:207,8
DA:208,8
DA:210,8
DA:212,8
DA:214,0
DA:217,8
DA:219,8
DA:220,8
DA:221,2
DA:225,8
DA:227,0
DA:228,0
DA:233,14
DA:234,14
LF:115
LH:89
BRDA:24,0,0,14
BRDA:24,0,1,0
BRDA:31,1,0,14
BRDA:39,2,0,0
BRDA:53,3,0,14
BRDA:53,3,1,0
BRDA:89,4,0,0
BRDA:89,5,0,0
BRDA:89,5,1,0
BRDA:141,6,0,14
BRDA:141,6,1,0
BRDA:141,7,0,0
BRDA:141,7,1,0
BRDA:149,8,0,8
BRDA:149,8,1,0
BRDA:153,9,0,8
BRDA:168,10,0,0
BRDA:178,11,0,8
BRDA:185,12,0,8
BRDA:194,13,0,0
BRDA:194,13,1,8
BRDA:219,14,0,8
BRF:22
BRH:10
end_of_record
TN:
SF:config\config.ts
FNF:0
FNH:0
DA:1,4
DA:50,4
LF:2
LH:2
BRDA:3,0,0,4
BRDA:3,0,1,0
BRDA:4,1,0,4
BRDA:4,1,1,0
BRDA:7,2,0,4
BRDA:7,2,1,0
BRDA:8,3,0,4
BRDA:8,3,1,0
BRDA:9,4,0,4
BRDA:9,4,1,0
BRDA:10,5,0,4
BRDA:10,5,1,0
BRDA:11,6,0,4
BRDA:11,6,1,0
BRDA:15,7,0,4
BRDA:15,7,1,0
BRDA:16,8,0,4
BRDA:16,8,1,0
BRDA:19,9,0,4
BRDA:19,9,1,0
BRDA:20,10,0,4
BRDA:20,10,1,0
BRDA:24,11,0,4
BRDA:24,11,1,0
BRDA:25,12,0,4
BRDA:25,12,1,0
BRDA:26,13,0,4
BRDA:26,13,1,0
BRDA:27,14,0,4
BRDA:27,14,1,0
BRDA:30,15,0,4
BRDA:30,15,1,0
BRDA:31,16,0,4
BRDA:31,16,1,0
BRDA:32,17,0,4
BRDA:32,17,1,0
BRDA:33,18,0,4
BRDA:33,18,1,0
BRDA:34,19,0,4
BRDA:34,19,1,0
BRDA:37,20,0,4
BRDA:37,20,1,0
BRDA:38,21,0,4
BRDA:38,21,1,0
BRDA:41,22,0,4
BRDA:41,22,1,0
BRDA:42,23,0,4
BRDA:42,23,1,0
BRDA:45,24,0,4
BRDA:45,24,1,0
BRDA:46,25,0,4
BRDA:46,25,1,0
BRF:52
BRH:26
end_of_record
TN:
SF:config\security.ts
FN:6,(anonymous_1)
FN:29,(anonymous_2)
FN:43,(anonymous_3)
FN:52,(anonymous_4)
FNF:4
FNH:3
FNDA:105,(anonymous_1)
FNDA:270,(anonymous_2)
FNDA:270,(anonymous_3)
FNDA:0,(anonymous_4)
DA:2,105
DA:3,105
DA:4,105
DA:6,105
DA:8,105
DA:23,105
DA:26,105
DA:29,105
DA:31,270
DA:32,270
DA:33,239
DA:35,182
DA:39,270
DA:43,105
DA:44,270
DA:45,270
DA:46,270
DA:47,270
DA:48,270
DA:52,105
DA:53,0
DA:54,0
DA:59,0
LF:23
LH:20
BRDA:31,0,0,270
BRDA:33,1,0,182
BRDA:53,2,0,0
BRF:3
BRH:2
end_of_record
TN:
SF:controllers\challengeController.ts
FN:6,(anonymous_1)
FN:40,(anonymous_2)
FN:156,(anonymous_3)
FN:225,(anonymous_4)
FN:237,(anonymous_5)
FN:263,(anonymous_6)
FN:303,(anonymous_7)
FN:332,(anonymous_8)
FN:406,(anonymous_9)
FN:528,(anonymous_10)
FNF:10
FNH:8
FNDA:0,(anonymous_1)
FNDA:2,(anonymous_2)
FNDA:2,(anonymous_3)
FNDA:2,(anonymous_4)
FNDA:2,(anonymous_5)
FNDA:2,(anonymous_6)
FNDA:0,(anonymous_7)
FNDA:2,(anonymous_8)
FNDA:1,(anonymous_9)
FNDA:4,(anonymous_10)
DA:2,106
DA:3,106
DA:6,106
DA:7,0
DA:8,0
DA:9,0
DA:39,106
DA:42,2
DA:43,2
DA:51,2
DA:53,2
DA:61,2
DA:63,2
DA:64,0
DA:65,0
DA:66,0
DA:73,2
DA:74,2
DA:76,2
DA:77,0
DA:78,0
DA:79,0
DA:85,2
DA:86,0
DA:87,0
DA:88,0
DA:95,2
DA:96,2
DA:97,0
DA:98,0
DA:99,0
DA:105,2
DA:108,2
DA:121,1
DA:124,1
DA:125,1
DA:131,1
DA:132,1
DA:133,1
DA:135,1
DA:143,1
DA:144,1
DA:146,1
DA:148,1
DA:160,2
DA:161,2
DA:162,2
DA:163,0
DA:175,2
DA:177,2
DA:178,2
DA:181,2
DA:182,2
DA:183,0
DA:185,0
DA:189,0
DA:191,0
DA:194,0
DA:196,0
DA:199,0
DA:204,2
DA:205,2
DA:206,2
DA:209,2
DA:225,2
DA:226,2
DA:227,2
DA:238,2
DA:242,2
DA:255,0
DA:256,0
DA:267,2
DA:268,2
DA:269,2
DA:271,2
DA:272,1
DA:278,1
DA:294,0
DA:295,0
DA:301,0
DA:302,0
DA:304,0
DA:306,0
DA:319,0
DA:324,1
DA:325,1
DA:337,2
DA:338,2
DA:339,2
DA:340,2
DA:342,2
DA:343,1
DA:344,1
DA:350,1
DA:355,1
DA:356,0
DA:357,0
DA:363,1
DA:371,1
DA:372,0
DA:373,0
DA:379,1
DA:387,1
DA:389,1
DA:390,0
DA:395,1
DA:396,1
DA:398,1
DA:399,1
DA:411,1
DA:412,1
DA:413,1
DA:414,1
DA:416,1
DA:423,1
DA:424,0
DA:425,0
DA:432,1
DA:437,1
DA:438,0
DA:439,0
DA:440,0
DA:447,1
DA:455,1
DA:456,0
DA:457,0
DA:464,1
DA:465,0
DA:466,0
DA:480,1
DA:481,1
DA:483,1
DA:488,1
DA:489,0
DA:490,0
DA:497,1
DA:504,0
DA:506,0
DA:507,0
DA:516,1
DA:517,1
DA:519,1
DA:520,1
DA:532,4
DA:539,4
DA:540,4
DA:541,4
DA:542,4
DA:543,4
DA:545,4
DA:546,0
DA:547,0
DA:554,4
DA:562,4
DA:563,0
DA:564,0
DA:571,4
DA:576,4
DA:577,0
DA:578,0
DA:585,4
DA:586,4
DA:587,4
DA:588,4
DA:590,4
DA:602,4
DA:603,1
DA:604,1
DA:611,3
DA:620,1
DA:621,1
DA:634,2
DA:635,2
DA:639,2
DA:640,1
DA:642,1
DA:645,2
DA:654,106
LF:178
LH:121
BRDA:49,0,0,0
BRDA:61,1,0,0
BRDA:61,1,1,2
BRDA:61,2,0,2
BRDA:61,2,1,2
BRDA:63,3,0,0
BRDA:76,4,0,0
BRDA:76,5,0,2
BRDA:76,5,1,2
BRDA:85,6,0,0
BRDA:96,7,0,0
BRDA:111,8,0,2
BRDA:111,8,1,0
BRDA:111,9,0,0
BRDA:111,9,1,2
BRDA:111,10,0,2
BRDA:111,10,1,2
BRDA:115,11,0,2
BRDA:115,11,1,2
BRDA:143,12,0,1
BRDA:151,13,0,1
BRDA:151,13,1,0
BRDA:161,14,0,0
BRDA:161,14,1,2
BRDA:161,15,0,2
BRDA:161,15,1,2
BRDA:162,16,0,0
BRDA:170,17,0,0
BRDA:171,18,0,0
BRDA:173,19,0,0
BRDA:174,20,0,0
BRDA:182,21,0,0
BRDA:183,22,0,0
BRDA:183,22,1,0
BRDA:183,22,2,0
BRDA:205,23,0,2
BRDA:226,24,0,2
BRDA:226,24,1,0
BRDA:236,25,0,2
BRDA:236,25,1,2
BRDA:268,26,0,1
BRDA:268,26,1,1
BRDA:268,27,0,2
BRDA:268,27,1,1
BRDA:271,28,0,1
BRDA:294,29,0,0
BRDA:301,30,0,0
BRDA:301,30,1,0
BRDA:302,31,0,0
BRDA:302,31,1,0
BRDA:340,32,0,1
BRDA:340,32,1,1
BRDA:340,33,0,2
BRDA:340,33,1,1
BRDA:342,34,0,1
BRDA:343,35,0,1
BRDA:355,36,0,0
BRDA:356,37,0,0
BRDA:371,38,0,0
BRDA:372,39,0,0
BRDA:395,40,0,1
BRDA:414,41,0,0
BRDA:414,41,1,1
BRDA:414,42,0,1
BRDA:414,42,1,1
BRDA:423,43,0,0
BRDA:424,44,0,0
BRDA:437,45,0,0
BRDA:438,46,0,0
BRDA:455,47,0,0
BRDA:456,48,0,0
BRDA:464,49,0,0
BRDA:465,50,0,0
BRDA:488,51,0,0
BRDA:488,52,0,1
BRDA:488,52,1,1
BRDA:489,53,0,0
BRDA:516,54,0,1
BRDA:523,55,0,1
BRDA:523,55,1,0
BRDA:543,56,0,0
BRDA:543,56,1,4
BRDA:543,57,0,4
BRDA:543,57,1,4
BRDA:545,58,0,0
BRDA:546,59,0,0
BRDA:562,60,0,0
BRDA:563,61,0,0
BRDA:576,62,0,0
BRDA:577,63,0,0
BRDA:602,64,0,1
BRDA:603,65,0,1
BRDA:616,66,0,2
BRDA:616,66,1,1
BRDA:616,67,0,3
BRDA:616,67,1,2
BRDA:634,68,0,2
BRDA:639,69,0,1
BRDA:639,69,1,1
BRDA:648,70,0,1
BRDA:648,70,1,1
BRF:101
BRH:53
end_of_record
TN:
SF:controllers\comfortWallController.ts
FN:40,(anonymous_1)
FN:46,(anonymous_2)
FN:111,(anonymous_3)
FN:141,(anonymous_4)
FN:171,(anonymous_5)
FN:189,(anonymous_6)
FN:210,(anonymous_7)
FN:283,(anonymous_8)
FN:314,(anonymous_9)
FN:375,(anonymous_10)
FNF:10
FNH:5
FNDA:0,(anonymous_1)
FNDA:1,(anonymous_2)
FNDA:0,(anonymous_3)
FNDA:1,(anonymous_4)
FNDA:1,(anonymous_5)
FNDA:1,(anonymous_6)
FNDA:1,(anonymous_7)
FNDA:0,(anonymous_8)
FNDA:0,(anonymous_9)
FNDA:0,(anonymous_10)
DA:2,105
DA:6,105
DA:7,105
DA:38,105
DA:41,0
DA:42,0
DA:43,0
DA:50,1
DA:51,1
DA:52,1
DA:53,1
DA:55,1
DA:56,0
DA:57,0
DA:63,1
DA:64,0
DA:65,0
DA:71,1
DA:72,0
DA:73,0
DA:80,1
DA:81,1
DA:84,1
DA:85,1
DA:86,1
DA:96,0
DA:108,0
DA:109,0
DA:110,0
DA:111,0
DA:118,0
DA:123,0
DA:124,0
DA:132,0
DA:133,0
DA:134,0
DA:142,1
DA:143,1
DA:144,1
DA:145,0
DA:151,1
DA:152,1
DA:155,1
DA:157,0
DA:158,0
DA:160,0
DA:161,0
DA:164,1
DA:165,1
DA:169,1
DA:171,1
DA:186,1
DA:190,1
DA:191,1
DA:202,0
DA:203,0
DA:211,1
DA:212,1
DA:213,1
DA:214,0
DA:221,1
DA:222,1
DA:250,0
DA:251,0
DA:253,0
DA:254,0
DA:255,0
DA:258,0
DA:262,0
DA:283,0
DA:284,0
DA:286,0
DA:293,0
DA:306,0
DA:307,0
DA:315,0
DA:316,0
DA:317,0
DA:318,0
DA:320,0
DA:321,0
DA:322,0
DA:328,0
DA:351,0
DA:352,0
DA:353,0
DA:359,0
DA:360,0
DA:366,0
DA:367,0
DA:368,0
DA:379,0
DA:380,0
DA:381,0
DA:384,0
DA:385,0
DA:386,0
DA:387,0
DA:390,0
DA:391,0
DA:397,0
DA:399,0
DA:400,0
DA:401,0
DA:408,0
DA:409,0
DA:410,0
DA:417,0
DA:418,0
DA:421,0
DA:422,0
DA:423,0
DA:429,0
DA:430,0
DA:440,0
DA:441,0
DA:442,0
DA:443,0
DA:449,0
DA:450,0
DA:451,0
DA:457,0
DA:465,0
DA:468,0
DA:476,0
DA:477,0
DA:485,0
DA:486,0
DA:487,0
DA:496,105
LF:130
LH:35
BRDA:43,0,0,0
BRDA:43,0,1,0
BRDA:43,1,0,0
BRDA:43,1,1,0
BRDA:53,2,0,0
BRDA:53,2,1,1
BRDA:53,3,0,1
BRDA:53,3,1,1
BRDA:55,4,0,0
BRDA:63,5,0,0
BRDA:63,6,0,1
BRDA:63,6,1,1
BRDA:63,6,2,1
BRDA:71,7,0,0
BRDA:71,8,0,1
BRDA:71,8,1,1
BRDA:71,8,2,1
BRDA:80,9,0,1
BRDA:101,10,0,0
BRDA:101,10,1,0
BRDA:108,11,0,0
BRDA:108,12,0,0
BRDA:108,12,1,0
BRDA:143,13,0,0
BRDA:143,13,1,1
BRDA:143,14,0,1
BRDA:143,14,1,1
BRDA:144,15,0,0
BRDA:151,16,0,1
BRDA:155,17,0,0
BRDA:155,17,1,0
BRDA:155,17,2,1
BRDA:155,17,3,1
BRDA:179,18,0,1
BRDA:179,18,1,0
BRDA:179,19,0,0
BRDA:179,19,1,1
BRDA:179,20,0,1
BRDA:179,20,1,1
BRDA:193,21,0,0
BRDA:193,21,1,1
BRDA:212,22,0,0
BRDA:212,22,1,1
BRDA:212,23,0,1
BRDA:212,23,1,1
BRDA:213,24,0,0
BRDA:221,25,0,1
BRDA:250,26,0,0
BRDA:250,27,0,0
BRDA:250,28,0,0
BRDA:254,29,0,0
BRDA:258,30,0,0
BRDA:258,30,1,0
BRDA:288,31,0,0
BRDA:288,31,1,0
BRDA:289,32,0,0
BRDA:289,32,1,0
BRDA:318,33,0,0
BRDA:318,33,1,0
BRDA:318,34,0,0
BRDA:318,34,1,0
BRDA:320,35,0,0
BRDA:351,36,0,0
BRDA:381,37,0,0
BRDA:386,38,0,0
BRDA:397,39,0,0
BRDA:397,39,1,0
BRDA:397,40,0,0
BRDA:397,40,1,0
BRDA:399,41,0,0
BRDA:408,42,0,0
BRDA:408,43,0,0
BRDA:408,43,1,0
BRDA:408,43,2,0
BRDA:417,44,0,0
BRDA:421,45,0,0
BRDA:421,46,0,0
BRDA:421,46,1,0
BRDA:421,47,0,0
BRDA:421,47,1,0
BRDA:421,48,0,0
BRDA:421,48,1,0
BRDA:441,49,0,0
BRDA:449,50,0,0
BRDA:490,51,0,0
BRDA:490,51,1,0
BRF:86
BRH:25
end_of_record
TN:
SF:controllers\emotionController.ts
FN:35,formatEmotionStats
FN:36,(anonymous_2)
FN:53,(anonymous_3)
FN:59,(anonymous_4)
FN:104,(anonymous_5)
FN:245,(anonymous_6)
FN:339,(anonymous_7)
FN:372,(anonymous_8)
FN:385,(anonymous_9)
FN:401,(anonymous_10)
FN:465,(anonymous_11)
FNF:11
FNH:10
FNDA:4,formatEmotionStats
FNDA:1,(anonymous_2)
FNDA:0,(anonymous_3)
FNDA:18,(anonymous_4)
FNDA:8,(anonymous_5)
FNDA:4,(anonymous_6)
FNDA:8,(anonymous_7)
FNDA:10,(anonymous_8)
FNDA:3,(anonymous_9)
FNDA:4,(anonymous_10)
FNDA:2,(anonymous_11)
DA:3,105
DA:4,105
DA:6,105
DA:10,105
DA:36,4
DA:37,1
DA:38,1
DA:39,1
DA:41,1
DA:46,1
DA:49,4
DA:53,105
DA:54,0
DA:55,0
DA:56,0
DA:59,105
DA:60,18
DA:61,18
DA:66,18
DA:67,2
DA:82,2
DA:84,2
DA:90,16
DA:96,0
DA:97,0
DA:104,105
DA:108,8
DA:109,8
DA:111,8
DA:112,0
DA:118,8
DA:119,8
DA:121,8
DA:122,0
DA:129,8
DA:130,8
DA:131,1
DA:138,7
DA:139,1
DA:146,6
DA:147,1
DA:148,1
DA:149,1
DA:150,1
DA:151,1
DA:159,5
DA:161,0
DA:168,5
DA:169,1
DA:182,4
DA:184,4
DA:187,4
DA:189,4
DA:192,4
DA:194,4
DA:219,4
DA:221,4
DA:223,4
DA:229,0
DA:230,0
DA:231,0
DA:233,0
DA:237,0
DA:238,0
DA:245,105
DA:249,4
DA:251,4
DA:252,0
DA:258,4
DA:261,4
DA:262,4
DA:263,0
DA:270,4
DA:300,4
DA:309,4
DA:310,1
DA:326,4
DA:331,0
DA:332,0
DA:339,105
DA:340,8
DA:342,8
DA:344,8
DA:347,8
DA:348,8
DA:349,0
DA:356,8
DA:357,3
DA:364,5
DA:365,1
DA:372,10
DA:373,1
DA:380,3
DA:381,1
DA:382,1
DA:383,1
DA:385,3
DA:398,2
DA:399,2
DA:401,4
DA:415,0
DA:416,0
DA:421,0
DA:424,0
DA:425,0
DA:426,0
DA:433,0
DA:434,0
DA:441,0
DA:443,0
DA:444,0
DA:450,0
DA:456,0
DA:458,0
DA:465,105
DA:466,2
DA:468,2
DA:469,0
DA:475,2
DA:477,2
DA:478,0
DA:485,2
DA:486,2
DA:495,0
DA:496,0
DA:498,0
DA:512,0
DA:520,0
DA:521,0
DA:529,105
DA:530,105
DA:531,105
DA:532,105
DA:533,105
LF:134
LH:93
BRDA:38,0,0,1
BRDA:44,1,0,0
BRDA:44,1,1,1
BRDA:66,2,0,2
BRDA:111,3,0,0
BRDA:111,4,0,8
BRDA:111,4,1,0
BRDA:111,5,0,0
BRDA:111,5,1,0
BRDA:111,6,0,0
BRDA:111,6,1,0
BRDA:119,7,0,8
BRDA:119,7,1,0
BRDA:119,8,0,0
BRDA:119,8,1,8
BRDA:119,9,0,8
BRDA:119,9,1,8
BRDA:119,10,0,0
BRDA:119,10,1,0
BRDA:121,11,0,0
BRDA:129,12,0,8
BRDA:130,13,0,1
BRDA:130,14,0,8
BRDA:130,14,1,2
BRDA:138,15,0,1
BRDA:138,16,0,7
BRDA:138,16,1,2
BRDA:138,16,2,2
BRDA:146,17,0,1
BRDA:146,18,0,6
BRDA:146,18,1,1
BRDA:150,19,0,1
BRDA:159,20,0,0
BRDA:159,21,0,5
BRDA:159,21,1,0
BRDA:159,21,2,5
BRDA:159,21,3,0
BRDA:168,22,0,1
BRDA:184,23,0,0
BRDA:184,23,1,4
BRDA:189,24,0,0
BRDA:189,24,1,4
BRDA:229,25,0,0
BRDA:251,26,0,0
BRDA:251,27,0,4
BRDA:251,27,1,0
BRDA:251,28,0,0
BRDA:251,28,1,0
BRDA:251,29,0,0
BRDA:251,29,1,0
BRDA:258,30,0,3
BRDA:262,31,0,0
BRDA:262,32,0,4
BRDA:262,32,1,4
BRDA:309,33,0,1
BRDA:342,34,0,8
BRDA:344,35,0,8
BRDA:344,35,1,0
BRDA:344,36,0,0
BRDA:344,36,1,8
BRDA:344,37,0,8
BRDA:344,37,1,8
BRDA:348,38,0,0
BRDA:348,39,0,8
BRDA:348,39,1,8
BRDA:348,39,2,8
BRDA:356,40,0,3
BRDA:364,41,0,1
BRDA:372,42,0,1
BRDA:380,43,0,1
BRDA:390,44,0,3
BRDA:390,44,1,0
BRDA:406,45,0,4
BRDA:406,45,1,0
BRDA:415,46,0,0
BRDA:415,47,0,0
BRDA:415,47,1,0
BRDA:415,48,0,0
BRDA:415,48,1,0
BRDA:425,49,0,0
BRDA:425,50,0,0
BRDA:425,50,1,0
BRDA:425,50,2,0
BRDA:433,51,0,0
BRDA:443,52,0,0
BRDA:468,53,0,0
BRDA:468,54,0,2
BRDA:468,54,1,0
BRDA:468,55,0,0
BRDA:468,55,1,0
BRDA:468,56,0,0
BRDA:468,56,1,0
BRDA:475,57,0,2
BRDA:475,57,1,0
BRDA:475,58,0,0
BRDA:475,58,1,2
BRDA:475,59,0,2
BRDA:475,59,1,2
BRDA:475,60,0,0
BRDA:475,60,1,0
BRDA:477,61,0,0
BRDA:485,62,0,2
BRDA:516,63,0,0
BRDA:516,63,1,0
BRF:104
BRH:50
end_of_record
TN:
SF:controllers\myDayController.ts
FN:68,(anonymous_1)
FN:72,(anonymous_2)
FN:76,(anonymous_3)
FN:84,(anonymous_4)
FN:135,(anonymous_5)
FN:201,(anonymous_6)
FN:266,(anonymous_7)
FN:305,(anonymous_8)
FN:327,(anonymous_9)
FN:361,(anonymous_10)
FN:381,(anonymous_11)
FN:467,(anonymous_12)
FN:596,(anonymous_13)
FN:625,(anonymous_14)
FN:658,(anonymous_15)
FNF:15
FNH:12
FNDA:0,(anonymous_1)
FNDA:0,(anonymous_2)
FNDA:0,(anonymous_3)
FNDA:11,(anonymous_4)
FNDA:14,(anonymous_5)
FNDA:12,(anonymous_6)
FNDA:7,(anonymous_7)
FNDA:24,(anonymous_8)
FNDA:1,(anonymous_9)
FNDA:2,(anonymous_10)
FNDA:11,(anonymous_11)
FNDA:9,(anonymous_12)
FNDA:2,(anonymous_13)
FNDA:3,(anonymous_14)
FNDA:6,(anonymous_15)
DA:2,105
DA:3,105
DA:6,105
DA:68,105
DA:69,0
DA:72,105
DA:73,0
DA:76,105
DA:77,0
DA:78,0
DA:79,0
DA:80,0
DA:81,0
DA:84,105
DA:85,11
DA:86,11
DA:93,11
DA:94,11
DA:96,11
DA:97,0
DA:98,0
DA:105,11
DA:106,0
DA:107,0
DA:118,11
DA:119,11
DA:120,0
DA:121,0
DA:133,11
DA:135,14
DA:136,2
DA:137,2
DA:144,8
DA:145,0
DA:154,0
DA:155,0
DA:156,0
DA:165,9
DA:166,0
DA:167,0
DA:178,0
DA:179,0
DA:180,0
DA:187,9
DA:198,9
DA:199,8
DA:200,8
DA:201,12
DA:209,2
DA:210,2
DA:211,2
DA:216,0
DA:220,7
DA:221,7
DA:229,0
DA:230,0
DA:233,0
DA:234,0
DA:242,0
DA:244,0
DA:245,0
DA:249,0
DA:250,0
DA:258,0
DA:266,105
DA:267,7
DA:268,7
DA:270,7
DA:271,0
DA:277,7
DA:278,7
DA:279,7
DA:280,7
DA:282,7
DA:284,7
DA:302,7
DA:305,24
DA:318,0
DA:319,0
DA:327,105
DA:328,1
DA:329,1
DA:330,1
DA:332,1
DA:333,0
DA:339,1
DA:340,1
DA:341,0
DA:347,1
DA:358,1
DA:361,2
DA:369,0
DA:370,0
DA:381,105
DA:382,11
DA:383,11
DA:384,11
DA:385,11
DA:387,11
DA:388,0
DA:389,0
DA:395,11
DA:396,11
DA:397,3
DA:398,3
DA:405,8
DA:413,8
DA:414,6
DA:420,6
DA:421,0
DA:423,0
DA:432,0
DA:437,6
DA:438,6
DA:443,2
DA:444,2
DA:448,2
DA:449,2
DA:455,0
DA:456,0
DA:457,0
DA:467,105
DA:468,9
DA:469,9
DA:470,9
DA:471,9
DA:473,9
DA:474,0
DA:475,0
DA:483,9
DA:484,2
DA:487,2
DA:488,1
DA:495,1
DA:496,1
DA:503,0
DA:504,0
DA:512,7
DA:514,7
DA:515,2
DA:516,2
DA:523,5
DA:524,5
DA:531,0
DA:534,0
DA:535,0
DA:536,0
DA:543,0
DA:544,0
DA:551,0
DA:553,0
DA:554,0
DA:555,0
DA:562,0
DA:563,0
DA:564,0
DA:571,0
DA:572,0
DA:573,0
DA:574,0
DA:576,0
DA:580,0
DA:582,0
DA:583,0
DA:588,0
DA:589,0
DA:590,0
DA:596,105
DA:597,2
DA:598,2
DA:599,2
DA:600,0
DA:606,2
DA:607,2
DA:609,2
DA:625,2
DA:626,3
DA:627,3
DA:633,2
DA:648,0
DA:649,0
DA:658,105
DA:659,6
DA:660,6
DA:661,6
DA:662,6
DA:663,6
DA:665,6
DA:666,0
DA:667,0
DA:674,6
DA:676,6
DA:677,2
DA:678,2
DA:685,4
DA:686,0
DA:687,0
DA:700,4
DA:708,4
DA:710,4
DA:711,4
DA:719,0
DA:720,0
DA:721,0
DA:728,105
LF:205
LH:119
BRDA:69,0,0,0
BRDA:69,0,1,0
BRDA:94,1,0,0
BRDA:94,1,1,11
BRDA:94,2,0,11
BRDA:94,2,1,11
BRDA:96,3,0,0
BRDA:105,4,0,0
BRDA:119,5,0,0
BRDA:119,6,0,11
BRDA:119,6,1,11
BRDA:133,7,0,10
BRDA:133,8,0,11
BRDA:133,8,1,10
BRDA:135,9,0,2
BRDA:135,10,0,10
BRDA:135,10,1,10
BRDA:144,11,0,0
BRDA:154,12,0,0
BRDA:165,13,0,0
BRDA:178,14,0,0
BRDA:190,15,0,2
BRDA:190,15,1,7
BRDA:190,16,0,9
BRDA:190,16,1,9
BRDA:191,17,0,0
BRDA:191,17,1,9
BRDA:191,18,0,9
BRDA:191,18,1,9
BRDA:192,19,0,9
BRDA:192,19,1,9
BRDA:198,20,0,8
BRDA:198,21,0,9
BRDA:198,21,1,8
BRDA:209,22,0,2
BRDA:209,23,0,2
BRDA:209,23,1,2
BRDA:209,23,2,2
BRDA:209,23,3,2
BRDA:233,24,0,0
BRDA:233,25,0,0
BRDA:233,25,1,0
BRDA:233,25,2,0
BRDA:234,26,0,0
BRDA:244,27,0,0
BRDA:244,27,1,0
BRDA:249,28,0,0
BRDA:261,29,0,0
BRDA:261,29,1,0
BRDA:261,30,0,0
BRDA:261,30,1,0
BRDA:268,31,0,0
BRDA:268,31,1,7
BRDA:268,32,0,7
BRDA:268,32,1,7
BRDA:270,33,0,0
BRDA:277,34,0,5
BRDA:277,35,0,5
BRDA:277,36,0,7
BRDA:294,37,0,0
BRDA:294,37,1,7
BRDA:307,38,0,24
BRDA:307,38,1,0
BRDA:330,39,0,0
BRDA:330,39,1,1
BRDA:330,40,0,1
BRDA:330,40,1,1
BRDA:332,41,0,0
BRDA:340,42,0,0
BRDA:363,43,0,1
BRDA:363,43,1,1
BRDA:385,44,0,0
BRDA:385,44,1,11
BRDA:385,45,0,11
BRDA:385,45,1,11
BRDA:387,46,0,0
BRDA:396,47,0,3
BRDA:413,48,0,6
BRDA:413,48,1,2
BRDA:420,49,0,0
BRDA:427,50,0,0
BRDA:427,50,1,0
BRDA:471,51,0,0
BRDA:471,51,1,9
BRDA:471,52,0,9
BRDA:471,52,1,9
BRDA:473,53,0,0
BRDA:483,54,0,2
BRDA:487,55,0,1
BRDA:495,56,0,1
BRDA:503,57,0,0
BRDA:512,58,0,7
BRDA:514,59,0,2
BRDA:531,60,0,0
BRDA:531,61,0,0
BRDA:531,61,1,0
BRDA:531,61,2,0
BRDA:534,62,0,0
BRDA:553,63,0,0
BRDA:562,64,0,0
BRDA:598,65,0,0
BRDA:598,65,1,2
BRDA:598,66,0,2
BRDA:598,66,1,2
BRDA:599,67,0,0
BRDA:606,68,0,2
BRDA:629,69,0,3
BRDA:629,69,1,0
BRDA:662,70,0,0
BRDA:663,71,0,0
BRDA:663,71,1,6
BRDA:663,72,0,6
BRDA:663,72,1,6
BRDA:665,73,0,0
BRDA:676,74,0,2
BRDA:685,75,0,0
BRDA:685,76,0,4
BRDA:685,76,1,4
BRDA:685,76,2,4
BRF:119
BRH:67
end_of_record
TN:
SF:controllers\notificationController.ts
FN:17,(anonymous_1)
FN:56,(anonymous_2)
FN:102,(anonymous_3)
FN:120,(anonymous_4)
FN:166,(anonymous_5)
FN:245,(anonymous_6)
FNF:6
FNH:6
FNDA:12,(anonymous_1)
FNDA:14,(anonymous_2)
FNDA:30,(anonymous_3)
FNDA:6,(anonymous_4)
FNDA:4,(anonymous_5)
FNDA:5,(anonymous_6)
DA:2,105
DA:3,105
DA:17,105
DA:23,12
DA:25,12
DA:27,12
DA:36,12
DA:37,5
DA:40,12
DA:42,12
DA:45,12
DA:47,12
DA:49,0
DA:50,0
DA:51,0
DA:55,105
DA:57,14
DA:58,14
DA:59,1
DA:70,13
DA:72,13
DA:74,13
DA:76,13
DA:77,2
DA:80,13
DA:81,2
DA:84,13
DA:99,13
DA:102,30
DA:112,0
DA:113,0
DA:121,6
DA:122,6
DA:123,6
DA:124,0
DA:125,0
DA:132,6
DA:140,6
DA:141,1
DA:142,1
DA:148,5
DA:150,5
DA:151,5
DA:156,0
DA:157,0
DA:158,0
DA:167,4
DA:168,4
DA:169,4
DA:170,0
DA:171,0
DA:177,4
DA:180,4
DA:182,4
DA:190,4
DA:191,1
DA:192,1
DA:198,3
DA:199,3
DA:206,0
DA:214,0
DA:215,0
DA:216,0
DA:222,0
DA:230,0
DA:231,0
DA:236,0
DA:237,0
DA:238,0
DA:246,5
DA:247,5
DA:248,5
DA:249,1
DA:250,1
DA:256,4
DA:267,4
DA:268,4
DA:273,0
DA:274,0
DA:275,0
DA:283,105
LF:81
LH:56
BRDA:36,0,0,5
BRDA:36,1,0,12
BRDA:36,1,1,5
BRDA:58,2,0,1
BRDA:58,3,0,1
BRDA:58,3,1,13
BRDA:58,4,0,14
BRDA:58,4,1,14
BRDA:66,5,0,12
BRDA:67,6,0,12
BRDA:76,7,0,2
BRDA:80,8,0,2
BRDA:123,9,0,0
BRDA:123,10,0,0
BRDA:123,10,1,6
BRDA:123,11,0,6
BRDA:123,11,1,6
BRDA:140,12,0,1
BRDA:169,13,0,0
BRDA:169,14,0,0
BRDA:169,14,1,4
BRDA:169,15,0,4
BRDA:169,15,1,4
BRDA:180,16,0,4
BRDA:190,17,0,1
BRDA:214,18,0,0
BRDA:248,19,0,1
BRDA:248,20,0,1
BRDA:248,20,1,4
BRDA:248,21,0,5
BRDA:248,21,1,5
BRF:31
BRH:26
end_of_record
TN:
SF:controllers\postController.ts
FN:34,(anonymous_1)
FN:45,(anonymous_2)
FN:59,(anonymous_3)
FN:95,(anonymous_4)
FN:170,(anonymous_5)
FN:202,(anonymous_6)
FN:331,(anonymous_7)
FN:443,(anonymous_8)
FN:450,(anonymous_9)
FN:456,(anonymous_10)
FN:489,(anonymous_11)
FN:596,(anonymous_12)
FN:603,(anonymous_13)
FN:609,(anonymous_14)
FN:638,(anonymous_15)
FN:759,(anonymous_16)
FNF:16
FNH:8
FNDA:3,(anonymous_1)
FNDA:0,(anonymous_2)
FNDA:4,(anonymous_3)
FNDA:1,(anonymous_4)
FNDA:0,(anonymous_5)
FNDA:4,(anonymous_6)
FNDA:3,(anonymous_7)
FNDA:0,(anonymous_8)
FNDA:0,(anonymous_9)
FNDA:0,(anonymous_10)
FNDA:2,(anonymous_11)
FNDA:0,(anonymous_12)
FNDA:0,(anonymous_13)
FNDA:0,(anonymous_14)
FNDA:4,(anonymous_15)
FNDA:4,(anonymous_16)
DA:2,105
DA:3,105
DA:6,105
DA:34,105
DA:35,3
DA:36,3
DA:38,3
DA:45,105
DA:46,0
DA:55,0
DA:58,105
DA:60,4
DA:61,4
DA:62,4
DA:63,4
DA:65,4
DA:66,1
DA:67,1
DA:74,3
DA:76,3
DA:77,1
DA:78,1
DA:85,2
DA:86,1
DA:87,1
DA:94,1
DA:95,1
DA:98,1
DA:99,1
DA:109,0
DA:110,0
DA:111,0
DA:117,0
DA:118,0
DA:119,0
DA:126,0
DA:127,0
DA:128,0
DA:137,0
DA:138,0
DA:139,0
DA:146,0
DA:147,0
DA:148,0
DA:156,0
DA:168,0
DA:169,0
DA:170,0
DA:179,0
DA:184,0
DA:185,0
DA:193,0
DA:194,0
DA:195,0
DA:203,4
DA:204,4
DA:205,4
DA:206,4
DA:208,4
DA:209,1
DA:210,1
DA:217,3
DA:218,3
DA:221,3
DA:223,1
DA:227,2
DA:229,1
DA:233,1
DA:235,1
DA:242,0
DA:249,0
DA:250,0
DA:251,0
DA:257,0
DA:260,0
DA:262,0
DA:263,0
DA:264,0
DA:271,0
DA:272,0
DA:273,0
DA:280,0
DA:281,0
DA:286,0
DA:290,0
DA:291,0
DA:296,0
DA:300,0
DA:301,0
DA:306,0
DA:311,0
DA:313,0
DA:314,0
DA:319,0
DA:320,0
DA:322,0
DA:324,0
DA:332,3
DA:333,3
DA:335,3
DA:336,1
DA:342,2
DA:343,2
DA:345,2
DA:348,2
DA:349,0
DA:353,2
DA:354,0
DA:355,0
DA:356,0
DA:358,0
DA:359,0
DA:365,0
DA:372,0
DA:373,0
DA:381,2
DA:382,2
DA:407,0
DA:408,0
DA:443,0
DA:444,0
DA:446,0
DA:450,0
DA:456,0
DA:463,0
DA:477,0
DA:478,0
DA:481,0
DA:482,0
DA:490,2
DA:491,2
DA:493,2
DA:494,1
DA:500,1
DA:501,1
DA:504,1
DA:505,1
DA:530,0
DA:532,0
DA:533,0
DA:534,0
DA:535,0
DA:537,0
DA:538,0
DA:544,0
DA:551,0
DA:552,0
DA:560,0
DA:596,0
DA:597,0
DA:599,0
DA:603,0
DA:609,0
DA:616,0
DA:630,0
DA:631,0
DA:639,4
DA:640,4
DA:641,4
DA:642,4
DA:643,4
DA:645,4
DA:646,1
DA:647,1
DA:654,3
DA:655,0
DA:656,0
DA:662,3
DA:663,1
DA:664,1
DA:671,2
DA:673,2
DA:674,1
DA:675,1
DA:681,1
DA:682,1
DA:692,0
DA:693,0
DA:694,0
DA:700,0
DA:703,0
DA:705,0
DA:706,0
DA:707,0
DA:714,0
DA:722,0
DA:725,0
DA:726,0
DA:727,0
DA:734,0
DA:739,0
DA:740,0
DA:748,0
DA:749,0
DA:751,0
DA:752,0
DA:760,4
DA:761,4
DA:762,4
DA:763,4
DA:765,4
DA:766,1
DA:767,1
DA:774,3
DA:776,3
DA:777,1
DA:778,1
DA:785,2
DA:787,1
DA:788,1
DA:791,1
DA:792,1
DA:799,1
DA:800,1
DA:807,0
DA:808,0
DA:809,0
DA:815,0
DA:818,0
DA:820,0
DA:821,0
DA:822,0
DA:829,0
DA:837,0
DA:839,0
DA:842,0
DA:843,0
DA:844,0
DA:851,0
DA:856,0
DA:857,0
DA:863,0
DA:864,0
DA:865,0
DA:867,0
DA:868,0
DA:873,0
DA:874,0
DA:875,0
DA:882,0
DA:883,0
DA:885,0
DA:886,0
DA:894,105
LF:244
LH:98
BRDA:35,0,0,3
BRDA:35,0,1,1
BRDA:36,1,0,3
BRDA:36,1,1,1
BRDA:45,2,0,0
BRDA:55,3,0,0
BRDA:55,3,1,0
BRDA:63,4,0,1
BRDA:63,4,1,3
BRDA:63,5,0,4
BRDA:63,5,1,4
BRDA:65,6,0,1
BRDA:74,7,0,3
BRDA:76,8,0,1
BRDA:76,9,0,3
BRDA:76,9,1,3
BRDA:85,10,0,1
BRDA:85,11,0,2
BRDA:85,11,1,2
BRDA:95,12,0,1
BRDA:95,12,1,0
BRDA:109,13,0,0
BRDA:109,14,0,0
BRDA:109,14,1,0
BRDA:117,15,0,0
BRDA:117,16,0,0
BRDA:117,16,1,0
BRDA:117,16,2,0
BRDA:126,17,0,0
BRDA:126,18,0,0
BRDA:126,18,1,0
BRDA:137,19,0,0
BRDA:159,20,0,0
BRDA:159,20,1,0
BRDA:160,21,0,0
BRDA:160,21,1,0
BRDA:161,22,0,0
BRDA:161,22,1,0
BRDA:168,23,0,0
BRDA:168,24,0,0
BRDA:168,24,1,0
BRDA:206,25,0,1
BRDA:206,25,1,3
BRDA:206,26,0,4
BRDA:206,26,1,4
BRDA:208,27,0,1
BRDA:217,28,0,3
BRDA:221,29,0,1
BRDA:221,29,1,2
BRDA:227,30,0,1
BRDA:227,30,1,1
BRDA:233,31,0,1
BRDA:249,32,0,0
BRDA:249,33,0,0
BRDA:249,33,1,0
BRDA:262,34,0,0
BRDA:271,35,0,0
BRDA:319,36,0,0
BRDA:333,37,0,1
BRDA:333,37,1,2
BRDA:333,38,0,3
BRDA:333,38,1,3
BRDA:335,39,0,1
BRDA:342,40,0,1
BRDA:348,41,0,0
BRDA:353,42,0,0
BRDA:353,43,0,2
BRDA:353,43,1,0
BRDA:358,44,0,0
BRDA:358,45,0,0
BRDA:358,45,1,0
BRDA:381,46,0,2
BRDA:448,47,0,0
BRDA:448,47,1,0
BRDA:449,48,0,0
BRDA:449,48,1,0
BRDA:452,49,0,0
BRDA:452,49,1,0
BRDA:452,50,0,0
BRDA:452,50,1,0
BRDA:455,51,0,0
BRDA:455,51,1,0
BRDA:491,52,0,1
BRDA:491,52,1,1
BRDA:491,53,0,2
BRDA:491,53,1,2
BRDA:493,54,0,1
BRDA:500,55,0,1
BRDA:504,56,0,1
BRDA:532,57,0,0
BRDA:532,58,0,0
BRDA:532,58,1,0
BRDA:537,59,0,0
BRDA:537,60,0,0
BRDA:537,60,1,0
BRDA:601,61,0,0
BRDA:601,61,1,0
BRDA:602,62,0,0
BRDA:602,62,1,0
BRDA:605,63,0,0
BRDA:605,63,1,0
BRDA:605,64,0,0
BRDA:605,64,1,0
BRDA:608,65,0,0
BRDA:608,65,1,0
BRDA:643,66,0,1
BRDA:643,66,1,3
BRDA:643,67,0,4
BRDA:643,67,1,4
BRDA:645,68,0,1
BRDA:654,69,0,0
BRDA:654,70,0,3
BRDA:654,70,1,3
BRDA:654,70,2,3
BRDA:662,71,0,1
BRDA:662,72,0,3
BRDA:662,72,1,2
BRDA:662,72,2,2
BRDA:671,73,0,2
BRDA:673,74,0,1
BRDA:692,75,0,0
BRDA:692,76,0,0
BRDA:692,76,1,0
BRDA:705,77,0,0
BRDA:725,78,0,0
BRDA:748,79,0,0
BRDA:763,80,0,1
BRDA:763,80,1,3
BRDA:763,81,0,4
BRDA:763,81,1,4
BRDA:765,82,0,1
BRDA:774,83,0,3
BRDA:776,84,0,1
BRDA:785,85,0,1
BRDA:787,86,0,1
BRDA:787,87,0,1
BRDA:787,87,1,1
BRDA:807,88,0,0
BRDA:807,89,0,0
BRDA:807,89,1,0
BRDA:820,90,0,0
BRDA:837,91,0,0
BRDA:837,91,1,0
BRDA:842,92,0,0
BRDA:882,93,0,0
BRF:145
BRH:68
end_of_record
TN:
SF:controllers\postTagController.ts
FN:7,(anonymous_1)
FN:95,(anonymous_2)
FN:96,(anonymous_3)
FN:100,(anonymous_4)
FN:124,(anonymous_5)
FN:214,(anonymous_6)
FN:237,(anonymous_7)
FNF:7
FNH:6
FNDA:10,(anonymous_1)
FNDA:0,(anonymous_2)
FNDA:2,(anonymous_3)
FNDA:2,(anonymous_4)
FNDA:10,(anonymous_5)
FNDA:1,(anonymous_6)
FNDA:10,(anonymous_7)
DA:2,105
DA:3,105
DA:6,105
DA:8,10
DA:9,10
DA:10,10
DA:11,10
DA:12,10
DA:14,10
DA:15,1
DA:16,1
DA:23,9
DA:25,6
DA:26,2
DA:27,2
DA:34,4
DA:35,2
DA:36,2
DA:42,2
DA:43,2
DA:50,3
DA:51,3
DA:52,1
DA:53,1
DA:60,2
DA:61,0
DA:62,0
DA:69,2
DA:70,2
DA:79,2
DA:80,1
DA:81,1
DA:88,1
DA:95,1
DA:96,2
DA:98,1
DA:99,1
DA:100,2
DA:109,1
DA:110,1
DA:115,0
DA:116,0
DA:117,0
DA:125,10
DA:126,10
DA:127,10
DA:128,10
DA:129,10
DA:131,10
DA:132,1
DA:133,1
DA:140,9
DA:141,2
DA:142,2
DA:148,7
DA:149,2
DA:150,2
DA:156,5
DA:157,2
DA:158,2
DA:165,3
DA:166,3
DA:167,1
DA:168,1
DA:175,2
DA:176,0
DA:177,0
DA:184,2
DA:185,2
DA:194,2
DA:195,1
DA:196,1
DA:204,1
DA:212,1
DA:213,1
DA:214,1
DA:222,1
DA:223,1
DA:228,0
DA:229,0
DA:230,0
DA:238,10
DA:239,10
DA:240,10
DA:241,10
DA:243,10
DA:244,1
DA:245,1
DA:252,9
DA:253,2
DA:254,2
DA:260,7
DA:261,2
DA:262,2
DA:268,5
DA:269,2
DA:270,2
DA:277,3
DA:278,3
DA:279,1
DA:280,1
DA:287,2
DA:288,0
DA:289,0
DA:296,2
DA:304,2
DA:305,1
DA:306,1
DA:312,1
DA:313,1
DA:318,0
DA:319,0
DA:320,0
DA:328,105
LF:114
LH:99
BRDA:12,0,0,1
BRDA:12,0,1,9
BRDA:12,1,0,10
BRDA:12,1,1,10
BRDA:14,2,0,1
BRDA:23,3,0,6
BRDA:25,4,0,2
BRDA:25,5,0,6
BRDA:25,5,1,6
BRDA:34,6,0,2
BRDA:34,7,0,4
BRDA:34,7,1,4
BRDA:51,8,0,1
BRDA:60,9,0,0
BRDA:69,10,0,2
BRDA:69,11,0,2
BRDA:69,11,1,2
BRDA:79,12,0,1
BRDA:98,13,0,1
BRDA:129,14,0,1
BRDA:129,14,1,9
BRDA:129,15,0,10
BRDA:129,15,1,10
BRDA:131,16,0,1
BRDA:140,17,0,2
BRDA:140,18,0,9
BRDA:140,18,1,9
BRDA:148,19,0,2
BRDA:148,20,0,7
BRDA:148,20,1,7
BRDA:156,21,0,2
BRDA:156,22,0,5
BRDA:156,22,1,5
BRDA:166,23,0,1
BRDA:175,24,0,0
BRDA:184,25,0,2
BRDA:184,26,0,2
BRDA:184,26,1,2
BRDA:194,27,0,1
BRDA:212,28,0,1
BRDA:212,29,0,1
BRDA:212,29,1,1
BRDA:241,30,0,1
BRDA:241,30,1,9
BRDA:241,31,0,10
BRDA:241,31,1,10
BRDA:243,32,0,1
BRDA:252,33,0,2
BRDA:252,34,0,9
BRDA:252,34,1,9
BRDA:260,35,0,2
BRDA:260,36,0,7
BRDA:260,36,1,7
BRDA:268,37,0,2
BRDA:278,38,0,1
BRDA:287,39,0,0
BRDA:304,40,0,1
BRF:57
BRH:54
end_of_record
TN:
SF:controllers\someoneDayController.ts
FN:8,(anonymous_1)
FN:131,(anonymous_2)
FN:132,(anonymous_3)
FN:133,(anonymous_4)
FN:134,(anonymous_5)
FN:135,(anonymous_6)
FN:138,(anonymous_7)
FN:139,(anonymous_8)
FN:141,(anonymous_9)
FN:142,(anonymous_10)
FN:144,(anonymous_11)
FN:145,(anonymous_12)
FN:148,(anonymous_13)
FN:149,(anonymous_14)
FN:150,(anonymous_15)
FN:151,(anonymous_16)
FN:154,(anonymous_17)
FN:155,(anonymous_18)
FN:157,(anonymous_19)
FN:158,(anonymous_20)
FN:163,(anonymous_21)
FN:164,(anonymous_22)
FN:165,(anonymous_23)
FN:166,(anonymous_24)
FN:171,(anonymous_25)
FN:172,(anonymous_26)
FN:173,(anonymous_27)
FN:235,(anonymous_28)
FN:246,(anonymous_29)
FN:259,(anonymous_30)
FN:304,(anonymous_31)
FN:327,(anonymous_32)
FN:417,(anonymous_33)
FN:432,(anonymous_34)
FN:495,(anonymous_35)
FN:516,(anonymous_36)
FN:561,(anonymous_37)
FN:569,(anonymous_38)
FN:592,(anonymous_39)
FN:644,(anonymous_40)
FN:722,(anonymous_41)
FNF:41
FNH:34
FNDA:3,(anonymous_1)
FNDA:735,(anonymous_2)
FNDA:420,(anonymous_3)
FNDA:420,(anonymous_4)
FNDA:420,(anonymous_5)
FNDA:420,(anonymous_6)
FNDA:0,(anonymous_7)
FNDA:0,(anonymous_8)
FNDA:0,(anonymous_9)
FNDA:0,(anonymous_10)
FNDA:0,(anonymous_11)
FNDA:0,(anonymous_12)
FNDA:315,(anonymous_13)
FNDA:105,(anonymous_14)
FNDA:105,(anonymous_15)
FNDA:105,(anonymous_16)
FNDA:105,(anonymous_17)
FNDA:105,(anonymous_18)
FNDA:105,(anonymous_19)
FNDA:105,(anonymous_20)
FNDA:105,(anonymous_21)
FNDA:105,(anonymous_22)
FNDA:105,(anonymous_23)
FNDA:105,(anonymous_24)
FNDA:210,(anonymous_25)
FNDA:210,(anonymous_26)
FNDA:210,(anonymous_27)
FNDA:6,(anonymous_28)
FNDA:6,(anonymous_29)
FNDA:7,(anonymous_30)
FNDA:5,(anonymous_31)
FNDA:6,(anonymous_32)
FNDA:0,(anonymous_33)
FNDA:8,(anonymous_34)
FNDA:6,(anonymous_35)
FNDA:3,(anonymous_36)
FNDA:3,(anonymous_37)
FNDA:1,(anonymous_38)
FNDA:2,(anonymous_39)
FNDA:6,(anonymous_40)
FNDA:6,(anonymous_41)
DA:2,105
DA:4,105
DA:5,105
DA:8,105
DA:9,3
DA:10,3
DA:11,3
DA:131,735
DA:132,420
DA:133,420
DA:134,420
DA:135,420
DA:138,0
DA:139,0
DA:141,0
DA:142,0
DA:144,0
DA:145,0
DA:148,315
DA:149,105
DA:150,105
DA:151,105
DA:154,105
DA:155,105
DA:157,105
DA:158,105
DA:163,105
DA:164,105
DA:165,105
DA:166,105
DA:171,210
DA:172,210
DA:173,210
DA:178,105
DA:235,105
DA:236,6
DA:237,6
DA:239,6
DA:246,105
DA:247,6
DA:256,6
DA:258,105
DA:260,7
DA:261,7
DA:262,7
DA:263,7
DA:265,7
DA:266,2
DA:267,2
DA:273,5
DA:285,5
DA:286,5
DA:295,5
DA:296,2
DA:297,2
DA:303,3
DA:304,5
DA:312,3
DA:313,3
DA:319,0
DA:320,0
DA:321,0
DA:328,6
DA:329,6
DA:330,6
DA:332,6
DA:333,0
DA:340,6
DA:342,6
DA:343,0
DA:350,6
DA:352,2
DA:353,1
DA:360,1
DA:378,4
DA:403,4
DA:404,1
DA:410,3
DA:417,0
DA:425,0
DA:426,0
DA:433,8
DA:434,8
DA:436,8
DA:437,2
DA:443,6
DA:444,6
DA:446,6
DA:447,6
DA:448,0
DA:451,6
DA:452,0
DA:459,6
DA:492,6
DA:495,6
DA:509,0
DA:510,0
DA:517,3
DA:518,3
DA:519,3
DA:520,3
DA:521,0
DA:522,0
DA:528,3
DA:529,3
DA:530,3
DA:532,3
DA:561,3
DA:562,3
DA:563,3
DA:569,1
DA:576,3
DA:577,3
DA:584,0
DA:585,0
DA:586,0
DA:593,2
DA:594,2
DA:595,2
DA:597,2
DA:598,0
DA:604,2
DA:619,2
DA:620,1
DA:626,1
DA:635,0
DA:636,0
DA:645,6
DA:646,6
DA:647,6
DA:648,6
DA:649,6
DA:651,6
DA:652,0
DA:653,0
DA:660,6
DA:661,6
DA:664,6
DA:668,6
DA:669,0
DA:670,0
DA:671,0
DA:678,6
DA:683,6
DA:691,6
DA:692,3
DA:693,3
DA:699,3
DA:707,3
DA:708,3
DA:713,0
DA:714,0
DA:715,0
DA:726,6
DA:727,6
DA:728,6
DA:729,6
DA:730,6
DA:732,6
DA:733,0
DA:734,0
DA:740,6
DA:742,6
DA:743,3
DA:744,3
DA:750,3
DA:759,3
DA:762,3
DA:763,2
DA:772,3
DA:782,3
DA:783,3
DA:789,0
DA:790,0
DA:791,0
DA:798,105
LF:176
LH:137
BRDA:236,0,0,6
BRDA:236,0,1,3
BRDA:237,1,0,6
BRDA:237,1,1,3
BRDA:246,2,0,0
BRDA:256,3,0,6
BRDA:256,3,1,0
BRDA:263,4,0,2
BRDA:263,4,1,5
BRDA:263,5,0,7
BRDA:263,5,1,5
BRDA:265,6,0,2
BRDA:279,7,0,5
BRDA:279,7,1,4
BRDA:285,8,0,5
BRDA:285,9,0,0
BRDA:285,9,1,5
BRDA:285,10,0,5
BRDA:285,10,1,5
BRDA:295,11,0,2
BRDA:330,12,0,0
BRDA:330,12,1,6
BRDA:330,13,0,6
BRDA:330,13,1,6
BRDA:332,14,0,0
BRDA:342,15,0,0
BRDA:350,16,0,2
BRDA:352,17,0,1
BRDA:403,18,0,1
BRDA:414,19,0,1
BRDA:414,19,1,2
BRDA:415,20,0,3
BRDA:415,20,1,0
BRDA:415,21,0,3
BRDA:415,21,1,3
BRDA:419,22,0,0
BRDA:419,22,1,0
BRDA:419,23,0,0
BRDA:419,23,1,0
BRDA:434,24,0,2
BRDA:434,24,1,6
BRDA:434,25,0,8
BRDA:434,25,1,6
BRDA:436,26,0,2
BRDA:443,27,0,3
BRDA:447,28,0,0
BRDA:451,29,0,0
BRDA:451,30,0,6
BRDA:451,30,1,0
BRDA:497,31,0,6
BRDA:497,31,1,0
BRDA:519,32,0,0
BRDA:519,32,1,3
BRDA:519,33,0,3
BRDA:519,33,1,3
BRDA:520,34,0,0
BRDA:528,35,0,3
BRDA:528,35,1,1
BRDA:568,36,0,1
BRDA:568,36,1,2
BRDA:569,37,0,3
BRDA:569,37,1,0
BRDA:569,38,0,0
BRDA:569,38,1,3
BRDA:569,39,0,3
BRDA:569,39,1,3
BRDA:594,40,0,0
BRDA:594,40,1,2
BRDA:594,41,0,2
BRDA:594,41,1,2
BRDA:597,42,0,0
BRDA:619,43,0,1
BRDA:630,44,0,0
BRDA:630,44,1,1
BRDA:649,45,0,0
BRDA:649,45,1,6
BRDA:649,46,0,6
BRDA:649,46,1,6
BRDA:651,47,0,0
BRDA:668,48,0,0
BRDA:691,49,0,3
BRDA:703,50,0,3
BRDA:703,50,1,0
BRDA:730,51,0,0
BRDA:730,51,1,6
BRDA:730,52,0,6
BRDA:730,52,1,6
BRDA:732,53,0,0
BRDA:742,54,0,3
BRDA:755,55,0,3
BRDA:755,55,1,0
BRDA:755,56,0,3
BRDA:755,56,1,3
BRDA:762,57,0,2
BRF:94
BRH:65
end_of_record
TN:
SF:controllers\statsController.ts
FN:5,(anonymous_1)
FN:12,(anonymous_2)
FN:29,(anonymous_3)
FN:92,(anonymous_4)
FN:206,(anonymous_5)
FNF:5
FNH:3
FNDA:0,(anonymous_1)
FNDA:5,(anonymous_2)
FNDA:5,(anonymous_3)
FNDA:9,(anonymous_4)
FNDA:0,(anonymous_5)
DA:2,105
DA:3,105
DA:5,105
DA:6,0
DA:7,0
DA:8,0
DA:12,105
DA:14,5
DA:15,5
DA:18,4
DA:19,4
DA:28,105
DA:30,5
DA:31,5
DA:32,5
DA:33,5
DA:34,0
DA:35,0
DA:42,5
DA:43,5
DA:44,5
DA:59,0
DA:67,0
DA:68,0
DA:69,0
DA:75,0
DA:76,0
DA:82,0
DA:83,0
DA:84,0
DA:93,9
DA:94,9
DA:95,9
DA:96,9
DA:97,0
DA:98,0
DA:104,9
DA:107,9
DA:109,9
DA:111,1
DA:112,1
DA:119,8
DA:121,8
DA:122,8
DA:137,8
DA:151,0
DA:152,0
DA:153,0
DA:159,0
DA:160,0
DA:161,0
DA:167,0
DA:171,0
DA:176,0
DA:202,0
DA:203,0
DA:206,0
DA:216,0
DA:217,0
DA:218,0
DA:226,105
LF:61
LH:30
BRDA:15,0,0,1
BRDA:19,1,0,4
BRDA:19,1,1,4
BRDA:32,2,0,0
BRDA:32,2,1,5
BRDA:32,3,0,5
BRDA:32,3,1,5
BRDA:33,4,0,0
BRDA:42,5,0,5
BRDA:67,6,0,0
BRDA:95,7,0,0
BRDA:95,7,1,9
BRDA:95,8,0,9
BRDA:95,8,1,9
BRDA:96,9,0,0
BRDA:104,10,0,5
BRDA:107,11,0,9
BRDA:109,12,0,1
BRDA:109,13,0,9
BRDA:109,13,1,3
BRDA:109,13,2,8
BRDA:109,13,3,2
BRDA:143,14,0,8
BRDA:143,14,1,6
BRDA:144,15,0,8
BRDA:144,15,1,6
BRDA:151,16,0,0
BRDA:151,17,0,0
BRDA:151,17,1,0
BRDA:159,18,0,0
BRDA:159,19,0,0
BRDA:159,19,1,0
BRDA:167,20,0,0
BRDA:167,20,1,0
BRDA:171,21,0,0
BRDA:171,21,1,0
BRDA:180,22,0,0
BRDA:180,22,1,0
BRDA:180,23,0,0
BRDA:180,23,1,0
BRF:40
BRH:21
end_of_record
TN:
SF:controllers\tagController.ts
FN:7,(anonymous_1)
FN:37,(anonymous_2)
FN:82,(anonymous_3)
FN:127,(anonymous_4)
FN:187,(anonymous_5)
FN:258,(anonymous_6)
FN:301,(anonymous_7)
FNF:7
FNH:7
FNDA:4,(anonymous_1)
FNDA:2,(anonymous_2)
FNDA:1,(anonymous_3)
FNDA:4,(anonymous_4)
FNDA:1,(anonymous_5)
FNDA:1,(anonymous_6)
FNDA:1,(anonymous_7)
DA:2,105
DA:3,105
DA:6,105
DA:8,4
DA:9,4
DA:13,4
DA:14,4
DA:24,0
DA:29,0
DA:30,0
DA:38,2
DA:39,2
DA:40,2
DA:42,2
DA:43,2
DA:44,2
DA:45,0
DA:51,2
DA:62,0
DA:63,0
DA:69,0
DA:74,0
DA:75,0
DA:83,1
DA:84,1
DA:86,1
DA:87,0
DA:93,1
DA:103,1
DA:104,1
DA:114,0
DA:119,0
DA:120,0
DA:128,4
DA:129,4
DA:131,4
DA:132,0
DA:138,4
DA:142,4
DA:143,4
DA:144,0
DA:150,4
DA:162,0
DA:163,0
DA:169,0
DA:173,0
DA:179,0
DA:180,0
DA:188,1
DA:189,1
DA:190,1
DA:192,1
DA:193,0
DA:199,1
DA:201,1
DA:202,1
DA:203,1
DA:209,0
DA:221,0
DA:222,0
DA:228,0
DA:235,0
DA:236,0
DA:242,0
DA:244,0
DA:250,0
DA:251,0
DA:259,1
DA:260,1
DA:262,1
DA:264,1
DA:265,1
DA:266,1
DA:267,0
DA:273,1
DA:279,0
DA:280,0
DA:286,0
DA:288,0
DA:293,0
DA:294,0
DA:302,1
DA:303,1
DA:314,1
DA:315,1
DA:325,0
DA:330,0
DA:331,0
DA:339,105
LF:89
LH:47
BRDA:13,0,0,4
BRDA:42,1,0,2
BRDA:44,2,0,0
BRDA:55,3,0,0
BRDA:55,3,1,2
BRDA:62,4,0,0
BRDA:86,5,0,0
BRDA:103,6,0,1
BRDA:131,7,0,0
BRDA:131,8,0,4
BRDA:131,8,1,4
BRDA:142,9,0,4
BRDA:143,10,0,0
BRDA:162,11,0,0
BRDA:192,12,0,0
BRDA:192,13,0,1
BRDA:192,13,1,1
BRDA:201,14,0,1
BRDA:202,15,0,1
BRDA:221,16,0,0
BRDA:235,17,0,0
BRDA:264,18,0,1
BRDA:266,19,0,0
BRDA:279,20,0,0
BRDA:314,21,0,1
BRF:25
BRH:13
end_of_record
TN:
SF:controllers\uploadController.ts
FN:16,(anonymous_1)
FN:18,(anonymous_2)
FN:32,(anonymous_3)
FN:37,(anonymous_4)
FN:44,(anonymous_5)
FN:80,(anonymous_6)
FN:113,(anonymous_7)
FN:153,(anonymous_8)
FN:217,(anonymous_9)
FN:249,(anonymous_10)
FNF:10
FNH:8
FNDA:105,(anonymous_1)
FNDA:210,(anonymous_2)
FNDA:5,(anonymous_3)
FNDA:6,(anonymous_4)
FNDA:6,(anonymous_5)
FNDA:5,(anonymous_6)
FNDA:5,(anonymous_7)
FNDA:0,(anonymous_8)
FNDA:0,(anonymous_9)
FNDA:1,(anonymous_10)
DA:3,105
DA:5,105
DA:6,105
DA:7,105
DA:8,105
DA:12,105
DA:13,105
DA:16,105
DA:17,105
DA:18,105
DA:19,210
DA:20,0
DA:24,0
DA:29,105
DA:32,105
DA:33,5
DA:37,105
DA:38,6
DA:39,6
DA:40,6
DA:44,105
DA:45,6
DA:46,0
DA:53,6
DA:54,0
DA:61,6
DA:63,0
DA:64,0
DA:65,0
DA:68,0
DA:70,0
DA:76,6
DA:80,105
DA:81,5
DA:82,5
DA:83,5
DA:86,5
DA:87,5
DA:89,0
DA:90,0
DA:94,5
DA:95,5
DA:97,5
DA:113,105
DA:114,5
DA:115,5
DA:116,0
DA:123,5
DA:124,5
DA:125,0
DA:132,5
DA:134,5
DA:144,0
DA:145,0
DA:153,105
DA:154,0
DA:155,0
DA:157,0
DA:158,0
DA:164,0
DA:165,0
DA:167,0
DA:169,0
DA:170,0
DA:171,0
DA:178,0
DA:179,0
DA:181,0
DA:187,0
DA:191,0
DA:192,0
DA:198,0
DA:207,0
DA:208,0
DA:217,105
DA:218,0
DA:219,0
DA:221,0
DA:222,0
DA:223,0
DA:227,0
DA:228,0
DA:233,0
DA:239,0
DA:246,0
DA:249,105
DA:250,1
DA:251,1
DA:252,1
DA:255,1
DA:256,1
DA:258,1
DA:282,1
DA:283,1
DA:285,0
DA:286,0
DA:287,0
DA:291,1
DA:292,0
DA:293,0
DA:299,1
DA:300,0
DA:301,0
DA:308,1
DA:309,1
DA:310,0
DA:311,0
DA:318,1
DA:319,1
DA:320,1
DA:323,1
DA:326,1
DA:329,1
DA:331,1
DA:332,0
DA:333,0
DA:340,1
DA:341,1
DA:342,0
DA:343,0
DA:344,0
DA:349,1
DA:351,1
DA:353,1
DA:361,0
DA:362,0
DA:363,0
LF:127
LH:66
BRDA:19,0,0,0
BRDA:45,1,0,0
BRDA:53,2,0,0
BRDA:61,3,0,0
BRDA:64,4,0,0
BRDA:80,5,0,5
BRDA:94,6,0,0
BRDA:94,6,1,5
BRDA:95,7,0,0
BRDA:95,7,1,5
BRDA:115,8,0,0
BRDA:124,9,0,0
BRDA:157,10,0,0
BRDA:157,11,0,0
BRDA:157,11,1,0
BRDA:170,12,0,0
BRDA:191,13,0,0
BRDA:218,14,0,0
BRDA:221,15,0,0
BRDA:221,15,1,0
BRDA:222,16,0,0
BRDA:222,16,1,0
BRDA:227,17,0,0
BRDA:227,17,1,0
BRDA:252,18,0,0
BRDA:252,18,1,1
BRDA:252,19,0,1
BRDA:252,19,1,1
BRDA:255,20,0,1
BRDA:291,21,0,0
BRDA:299,22,0,0
BRDA:309,23,0,0
BRDA:331,24,0,0
BRDA:341,25,0,0
BRDA:343,26,0,0
BRF:35
BRH:7
end_of_record
TN:
SF:controllers\userController.ts
FN:33,(anonymous_1)
FN:146,(anonymous_2)
FN:266,(anonymous_3)
FN:338,(anonymous_4)
FN:413,(anonymous_5)
FN:506,(anonymous_6)
FN:581,(anonymous_7)
FN:637,(anonymous_8)
FN:689,(anonymous_9)
FN:699,(anonymous_10)
FN:786,(anonymous_11)
FN:807,(anonymous_12)
FN:827,(anonymous_13)
FN:893,(anonymous_14)
FN:940,(anonymous_15)
FNF:15
FNH:11
FNDA:28,(anonymous_1)
FNDA:4,(anonymous_2)
FNDA:0,(anonymous_3)
FNDA:6,(anonymous_4)
FNDA:14,(anonymous_5)
FNDA:4,(anonymous_6)
FNDA:9,(anonymous_7)
FNDA:0,(anonymous_8)
FNDA:1,(anonymous_9)
FNDA:3,(anonymous_10)
FNDA:0,(anonymous_11)
FNDA:0,(anonymous_12)
FNDA:7,(anonymous_13)
FNDA:4,(anonymous_14)
FNDA:2,(anonymous_15)
DA:1,105
DA:3,105
DA:4,105
DA:5,105
DA:6,105
DA:27,105
DA:28,105
DA:34,28
DA:35,28
DA:36,28
DA:39,28
DA:40,1
DA:41,1
DA:47,27
DA:57,27
DA:58,7
DA:59,7
DA:60,6
DA:65,1
DA:72,20
DA:73,20
DA:75,20
DA:95,20
DA:114,19
DA:120,19
DA:122,19
DA:136,1
DA:137,1
DA:138,1
DA:147,4
DA:148,4
DA:149,4
DA:151,4
DA:152,0
DA:153,0
DA:160,4
DA:162,0
DA:163,0
DA:171,4
DA:172,4
DA:174,3
DA:175,3
DA:182,1
DA:183,0
DA:184,0
DA:191,1
DA:200,1
DA:201,0
DA:202,0
DA:209,1
DA:211,1
DA:212,0
DA:213,0
DA:219,1
DA:221,1
DA:222,1
DA:223,0
DA:224,0
DA:230,0
DA:231,0
DA:238,1
DA:239,1
DA:242,1
DA:251,1
DA:252,1
DA:257,0
DA:258,0
DA:259,0
DA:267,0
DA:268,0
DA:269,0
DA:272,0
DA:277,0
DA:278,0
DA:279,0
DA:286,0
DA:293,0
DA:294,0
DA:297,0
DA:303,0
DA:308,0
DA:314,0
DA:315,0
DA:316,0
DA:322,0
DA:323,0
DA:328,0
DA:329,0
DA:330,0
DA:339,6
DA:340,6
DA:341,6
DA:344,6
DA:349,6
DA:350,4
DA:351,4
DA:358,2
DA:365,2
DA:366,2
DA:369,2
DA:375,2
DA:380,2
DA:386,2
DA:387,0
DA:388,0
DA:394,2
DA:395,2
DA:400,0
DA:401,0
DA:402,0
DA:414,14
DA:415,14
DA:416,14
DA:418,14
DA:420,14
DA:437,14
DA:438,5
DA:439,5
DA:446,9
DA:447,9
DA:448,9
DA:449,9
DA:450,9
DA:451,9
DA:454,9
DA:456,9
DA:457,3
DA:458,3
DA:465,6
DA:472,6
DA:480,6
DA:481,6
DA:496,0
DA:497,0
DA:498,0
DA:507,4
DA:508,4
DA:509,4
DA:510,4
DA:511,0
DA:512,0
DA:518,4
DA:521,4
DA:522,4
DA:530,4
DA:531,0
DA:532,0
DA:539,4
DA:544,4
DA:545,1
DA:546,1
DA:552,3
DA:557,3
DA:558,3
DA:567,0
DA:568,0
DA:570,0
DA:571,0
DA:582,9
DA:583,9
DA:584,9
DA:585,0
DA:592,9
DA:593,9
DA:595,9
DA:596,9
DA:598,9
DA:612,0
DA:616,0
DA:617,0
DA:623,0
DA:628,0
DA:629,0
DA:638,0
DA:639,0
DA:640,0
DA:641,0
DA:642,0
DA:643,0
DA:649,0
DA:650,0
DA:652,0
DA:653,0
DA:654,0
DA:660,0
DA:661,0
DA:662,0
DA:663,0
DA:669,0
DA:670,0
DA:671,0
DA:673,0
DA:674,0
DA:679,0
DA:680,0
DA:681,0
DA:690,1
DA:700,3
DA:701,3
DA:702,3
DA:703,3
DA:705,3
DA:706,0
DA:707,0
DA:714,3
DA:719,3
DA:720,1
DA:721,1
DA:728,2
DA:733,2
DA:734,0
DA:735,0
DA:742,2
DA:768,2
DA:769,2
DA:771,2
DA:776,0
DA:777,0
DA:778,0
DA:787,0
DA:788,0
DA:789,0
DA:793,0
DA:798,0
DA:799,0
DA:808,0
DA:809,0
DA:810,0
DA:814,0
DA:819,0
DA:820,0
DA:828,7
DA:829,7
DA:830,7
DA:831,7
DA:832,0
DA:833,0
DA:839,7
DA:842,7
DA:847,7
DA:848,2
DA:849,2
DA:856,5
DA:864,5
DA:865,3
DA:866,3
DA:873,2
DA:878,2
DA:879,2
DA:884,0
DA:885,0
DA:886,0
DA:894,4
DA:895,4
DA:896,4
DA:897,4
DA:898,0
DA:899,0
DA:905,4
DA:907,4
DA:915,4
DA:916,2
DA:917,2
DA:923,2
DA:924,2
DA:929,0
DA:930,0
DA:931,0
DA:941,2
DA:942,2
DA:943,2
DA:944,2
DA:945,0
DA:946,0
DA:952,2
DA:959,2
DA:966,2
DA:967,2
DA:972,0
DA:973,0
DA:974,0
DA:984,105
DA:986,105
DA:990,105
LF:284
LH:166
BRDA:27,0,0,105
BRDA:27,0,1,0
BRDA:39,1,0,1
BRDA:39,2,0,28
BRDA:39,2,1,27
BRDA:39,2,2,27
BRDA:57,3,0,7
BRDA:59,4,0,6
BRDA:59,4,1,1
BRDA:141,5,0,0
BRDA:141,5,1,1
BRDA:151,6,0,0
BRDA:151,7,0,4
BRDA:151,7,1,4
BRDA:160,8,0,0
BRDA:160,9,0,4
BRDA:160,9,1,4
BRDA:160,9,2,4
BRDA:182,10,0,0
BRDA:200,11,0,0
BRDA:211,12,0,0
BRDA:222,13,0,0
BRDA:277,14,0,0
BRDA:314,15,0,0
BRDA:349,16,0,4
BRDA:386,17,0,0
BRDA:437,18,0,5
BRDA:456,19,0,3
BRDA:509,20,0,0
BRDA:509,20,1,4
BRDA:509,21,0,4
BRDA:509,21,1,4
BRDA:510,22,0,0
BRDA:521,23,0,4
BRDA:530,24,0,0
BRDA:544,25,0,1
BRDA:553,26,0,3
BRDA:553,26,1,0
BRDA:554,27,0,3
BRDA:554,27,1,1
BRDA:567,28,0,0
BRDA:583,29,0,0
BRDA:583,29,1,9
BRDA:583,30,0,9
BRDA:583,30,1,9
BRDA:584,31,0,0
BRDA:592,32,0,9
BRDA:616,33,0,0
BRDA:640,34,0,0
BRDA:640,34,1,0
BRDA:640,35,0,0
BRDA:640,35,1,0
BRDA:641,36,0,0
BRDA:652,37,0,0
BRDA:661,38,0,0
BRDA:702,39,0,0
BRDA:702,39,1,3
BRDA:702,40,0,3
BRDA:702,40,1,3
BRDA:705,41,0,0
BRDA:719,42,0,1
BRDA:733,43,0,0
BRDA:777,44,0,0
BRDA:777,44,1,0
BRDA:831,45,0,0
BRDA:831,46,0,0
BRDA:831,46,1,7
BRDA:831,47,0,7
BRDA:831,47,1,7
BRDA:847,48,0,2
BRDA:864,49,0,3
BRDA:897,50,0,0
BRDA:897,51,0,0
BRDA:897,51,1,4
BRDA:897,52,0,4
BRDA:897,52,1,4
BRDA:915,53,0,2
BRDA:943,54,0,0
BRDA:943,54,1,2
BRDA:943,55,0,2
BRDA:943,55,1,2
BRDA:944,56,0,0
BRF:82
BRH:45
end_of_record
TN:
SF:middleware\authMiddleware.ts
FN:13,(anonymous_1)
FN:17,(anonymous_2)
FNF:2
FNH:2
FNDA:2,(anonymous_1)
FNDA:302,(anonymous_2)
DA:3,105
DA:4,105
DA:7,105
DA:10,105
DA:13,105
DA:14,2
DA:17,105
DA:18,302
DA:19,302
DA:21,302
DA:22,32
DA:28,270
DA:30,270
DA:31,2
DA:37,268
DA:39,268
DA:40,247
DA:43,247
DA:45,237
DA:47,237
DA:49,19
DA:57,218
DA:64,237
DA:68,10
DA:70,10
DA:71,0
DA:77,10
DA:78,0
DA:84,10
DA:91,10
DA:94,21
DA:95,21
DA:101,0
DA:104,0
DA:105,0
DA:112,105
LF:36
LH:31
BRDA:7,0,0,105
BRDA:7,0,1,0
BRDA:21,1,0,32
BRDA:30,2,0,2
BRDA:30,3,0,270
BRDA:30,3,1,268
BRDA:43,4,0,237
BRDA:47,5,0,19
BRDA:47,5,1,218
BRDA:70,6,0,0
BRDA:77,7,0,0
BRDA:94,8,0,21
BRF:12
BRH:9
end_of_record
TN:
SF:middleware\corsMiddleware.ts
FN:17,(anonymous_1)
FNF:1
FNH:0
FNDA:0,(anonymous_1)
DA:1,105
DA:5,105
DA:17,105
DA:19,0
LF:4
LH:3
BRF:0
BRH:0
end_of_record
TN:
SF:middleware\errorMiddleware.ts
FN:7,(anonymous_0)
FNF:1
FNH:1
FNDA:7,(anonymous_0)
DA:7,105
DA:8,7
DA:10,7
DA:16,105
LF:4
LH:4
BRDA:8,0,0,7
BRDA:8,0,1,4
BRDA:12,1,0,1
BRDA:12,1,1,6
BRF:4
BRH:4
end_of_record
TN:
SF:middleware\rateLimitMiddleware.ts
FN:16,(anonymous_1)
FNF:1
FNH:0
FNDA:0,(anonymous_1)
DA:3,105
DA:5,105
DA:17,0
LF:3
LH:2
BRDA:8,0,0,0
BRDA:8,0,1,105
BRF:2
BRH:1
end_of_record
TN:
SF:middleware\securityMiddleware.ts
FN:7,(anonymous_1)
FN:35,(anonymous_2)
FN:49,(anonymous_3)
FN:58,(anonymous_4)
FNF:4
FNH:3
FNDA:14,(anonymous_1)
FNDA:32,(anonymous_2)
FNDA:30,(anonymous_3)
FNDA:0,(anonymous_4)
DA:2,4
DA:3,4
DA:4,4
DA:5,4
DA:7,4
DA:9,14
DA:12,14
DA:29,14
DA:32,14
DA:35,14
DA:36,32
DA:37,32
DA:38,2
DA:39,2
DA:40,2
DA:41,2
DA:42,30
DA:43,2
DA:45,30
DA:49,14
DA:50,30
DA:51,30
DA:52,30
DA:53,30
DA:54,30
DA:58,14
DA:59,0
DA:60,0
DA:65,0
LF:29
LH:26
BRDA:37,0,0,2
BRDA:37,0,1,30
BRDA:37,1,0,32
BRDA:37,1,1,4
BRDA:42,2,0,2
BRDA:59,3,0,0
BRF:6
BRH:5
end_of_record
TN:
SF:middleware\validationMiddleware.ts
FN:42,(anonymous_0)
FN:48,(anonymous_1)
FN:54,(anonymous_2)
FN:65,(anonymous_3)
FN:66,(anonymous_4)
FN:85,(anonymous_5)
FNF:6
FNH:6
FNDA:1057,(anonymous_0)
FNDA:106,(anonymous_1)
FNDA:421,(anonymous_2)
FNDA:4729,(anonymous_3)
FNDA:200,(anonymous_4)
FNDA:31,(anonymous_5)
DA:2,105
DA:4,105
DA:42,105
DA:43,1057
DA:44,1057
DA:45,1057
DA:48,105
DA:49,106
DA:50,106
DA:51,106
DA:54,105
DA:55,421
DA:56,421
DA:57,421
DA:65,105
DA:66,4729
DA:67,200
DA:69,200
DA:70,449
DA:73,199
DA:76,199
DA:77,174
DA:78,174
DA:82,25
DA:83,25
DA:85,31
DA:90,25
DA:94,1
DA:98,1
DA:104,105
DA:142,105
DA:171,105
DA:188,105
DA:190,105
LF:34
LH:34
BRDA:76,0,0,174
BRDA:86,1,0,31
BRDA:86,1,1,0
BRF:3
BRH:2
end_of_record
TN:
SF:models\BestPost.ts
FN:21,(anonymous_0)
FN:65,(anonymous_1)
FNF:2
FNH:2
FNDA:106,(anonymous_0)
FNDA:106,(anonymous_1)
DA:1,106
DA:22,106
DA:62,106
DA:68,106
DA:75,106
LF:5
LH:5
BRF:0
BRH:0
end_of_record
TN:
SF:models\Challenge.ts
FN:28,(anonymous_0)
FN:96,(anonymous_1)
FNF:2
FNH:2
FNDA:106,(anonymous_0)
FNDA:106,(anonymous_1)
DA:1,106
DA:29,106
DA:101,106
DA:106,106
DA:111,106
DA:118,106
DA:126,106
LF:7
LH:7
BRF:0
BRH:0
end_of_record
TN:
SF:models\ChallengeEmotion.ts
FN:24,(anonymous_0)
FN:89,(anonymous_1)
FNF:2
FNH:2
FNDA:106,(anonymous_0)
FNDA:106,(anonymous_1)
DA:1,106
DA:25,106
DA:86,106
DA:90,106
DA:95,106
DA:100,106
DA:108,106
LF:7
LH:7
BRF:0
BRH:0
end_of_record
TN:
SF:models\ChallengeParticipant.ts
FN:17,(anonymous_0)
FN:65,(anonymous_1)
FNF:2
FNH:2
FNDA:106,(anonymous_0)
FNDA:106,(anonymous_1)
DA:2,106
DA:18,106
DA:62,106
DA:66,106
DA:70,106
DA:77,106
LF:6
LH:6
BRF:0
BRH:0
end_of_record
TN:
SF:models\Emotion.ts
FN:26,(anonymous_0)
FNF:1
FNH:1
FNDA:106,(anonymous_0)
DA:1,106
DA:18,106
DA:27,106
DA:56,106
DA:61,106
LF:5
LH:5
BRF:0
BRH:0
end_of_record
TN:
SF:models\EmotionLog.ts
FN:23,(anonymous_0)
FN:80,(anonymous_1)
FNF:2
FNH:2
FNDA:106,(anonymous_0)
FNDA:106,(anonymous_1)
DA:2,106
DA:16,106
DA:24,106
DA:84,106
DA:89,106
LF:5
LH:5
BRF:0
BRH:0
end_of_record
TN:
SF:models\EncouragementMessage.ts
FN:32,(anonymous_1)
FN:110,(anonymous_2)
FN:127,(anonymous_3)
FNF:3
FNH:3
FNDA:106,(anonymous_1)
FNDA:106,(anonymous_2)
FNDA:4,(anonymous_3)
DA:2,106
DA:33,106
DA:107,106
DA:111,106
DA:116,106
DA:121,106
DA:128,4
DA:129,4
DA:130,2
DA:131,2
DA:133,2
DA:137,106
DA:138,106
LF:13
LH:13
BRDA:129,0,0,2
BRDA:129,1,0,4
BRDA:129,1,1,4
BRF:3
BRH:3
end_of_record
TN:
SF:models\MyDayComment.ts
FN:15,(anonymous_0)
FN:73,(anonymous_1)
FNF:2
FNH:2
FNDA:106,(anonymous_0)
FNDA:106,(anonymous_1)
DA:1,106
DA:16,106
DA:70,106
DA:74,106
DA:76,106
DA:81,106
DA:88,106
LF:7
LH:7
BRF:0
BRH:0
end_of_record
TN:
SF:models\MyDayEmotion.ts
FN:15,(anonymous_0)
FN:56,(anonymous_1)
FNF:2
FNH:2
FNDA:106,(anonymous_0)
FNDA:106,(anonymous_1)
DA:2,106
DA:16,106
DA:53,106
DA:60,106
DA:65,106
DA:72,106
LF:6
LH:6
BRF:0
BRH:0
end_of_record
TN:
SF:models\MyDayLike.ts
FN:15,(anonymous_0)
FN:56,(anonymous_1)
FNF:2
FNH:2
FNDA:106,(anonymous_0)
FNDA:106,(anonymous_1)
DA:2,106
DA:16,106
DA:53,106
DA:60,106
DA:65,106
DA:72,106
LF:6
LH:6
BRF:0
BRH:0
end_of_record
TN:
SF:models\MyDayPost.ts
FN:36,(anonymous_0)
FN:65,(anonymous_1)
FN:122,(anonymous_2)
FNF:3
FNH:2
FNDA:106,(anonymous_0)
FNDA:106,(anonymous_1)
FNDA:0,(anonymous_2)
DA:3,106
DA:37,106
DA:42,106
DA:50,106
DA:56,106
DA:66,106
DA:123,0
DA:124,0
DA:127,0
DA:128,0
DA:133,0
DA:136,0
DA:137,0
DA:142,0
DA:145,0
DA:146,0
DA:151,0
DA:154,0
DA:164,106
LF:19
LH:7
BRF:0
BRH:0
end_of_record
TN:
SF:models\Notification.ts
FN:33,(anonymous_0)
FN:91,(anonymous_1)
FNF:2
FNH:2
FNDA:106,(anonymous_0)
FNDA:106,(anonymous_1)
DA:1,106
DA:34,106
DA:89,106
DA:94,106
DA:100,106
LF:5
LH:5
BRF:0
BRH:0
end_of_record
TN:
SF:models\PostRecommendation.ts
FN:19,(anonymous_0)
FN:71,(anonymous_1)
FNF:2
FNH:2
FNDA:106,(anonymous_0)
FNDA:106,(anonymous_1)
DA:1,106
DA:20,106
DA:68,106
DA:74,106
DA:79,106
DA:86,106
LF:6
LH:6
BRF:0
BRH:0
end_of_record
TN:
SF:models\PostReport.ts
FN:5,(anonymous_0)
FN:13,(anonymous_1)
FN:37,(anonymous_2)
FN:102,(anonymous_3)
FNF:4
FNH:4
FNDA:106,(anonymous_0)
FNDA:106,(anonymous_1)
FNDA:106,(anonymous_2)
FNDA:106,(anonymous_3)
DA:1,106
DA:5,106
DA:6,106
DA:7,106
DA:8,106
DA:9,106
DA:10,106
DA:13,106
DA:14,106
DA:15,106
DA:16,106
DA:17,106
DA:38,106
DA:99,106
DA:106,106
DA:111,106
DA:118,106
LF:17
LH:17
BRDA:5,0,0,106
BRDA:5,0,1,106
BRDA:13,1,0,106
BRDA:13,1,1,106
BRF:4
BRH:4
end_of_record
TN:
SF:models\PostTag.ts
FN:14,(anonymous_0)
FN:55,(anonymous_1)
FNF:2
FNH:2
FNDA:106,(anonymous_0)
FNDA:106,(anonymous_1)
DA:1,106
DA:15,106
DA:52,106
DA:59,106
DA:64,106
DA:71,106
LF:6
LH:6
BRF:0
BRH:0
end_of_record
TN:
SF:models\SomeoneDayComment.ts
FN:20,(anonymous_0)
FN:73,(anonymous_1)
FNF:2
FNH:2
FNDA:106,(anonymous_0)
FNDA:106,(anonymous_1)
DA:1,106
DA:21,106
DA:70,106
DA:77,106
DA:82,106
DA:89,106
LF:6
LH:6
BRF:0
BRH:0
end_of_record
TN:
SF:models\SomeoneDayLike.ts
FN:13,(anonymous_0)
FN:54,(anonymous_1)
FNF:2
FNH:2
FNDA:106,(anonymous_0)
FNDA:106,(anonymous_1)
DA:1,106
DA:14,106
DA:52,106
DA:58,106
DA:62,106
DA:68,106
LF:6
LH:6
BRF:0
BRH:0
end_of_record
TN:
SF:models\SomeoneDayPost.ts
FN:42,(anonymous_0)
FN:55,(anonymous_1)
FN:145,(anonymous_2)
FNF:3
FNH:2
FNDA:0,(anonymous_0)
FNDA:106,(anonymous_1)
FNDA:106,(anonymous_2)
DA:1,108
DA:2,108
DA:43,0
DA:56,106
DA:142,106
DA:146,106
DA:151,106
DA:158,106
DA:165,108
LF:9
LH:8
BRF:0
BRH:0
end_of_record
TN:
SF:models\SomeoneDayTag.ts
FN:14,(anonymous_0)
FN:53,(anonymous_1)
FNF:2
FNH:2
FNDA:106,(anonymous_0)
FNDA:106,(anonymous_1)
DA:1,107
DA:15,106
DA:50,106
DA:57,106
DA:62,106
DA:69,107
LF:6
LH:6
BRF:0
BRH:0
end_of_record
TN:
SF:models\Tag.ts
FN:12,(anonymous_0)
FN:43,(anonymous_1)
FNF:2
FNH:2
FNDA:106,(anonymous_0)
FNDA:106,(anonymous_1)
DA:1,108
DA:13,106
DA:40,106
DA:44,106
DA:53,108
LF:5
LH:5
BRF:0
BRH:0
end_of_record
TN:
SF:models\User.ts
FN:57,(anonymous_0)
FN:168,(anonymous_1)
FNF:2
FNH:2
FNDA:106,(anonymous_0)
FNDA:106,(anonymous_1)
DA:1,109
DA:32,109
DA:58,106
DA:164,106
DA:169,106
DA:177,109
LF:6
LH:6
BRF:0
BRH:0
end_of_record
TN:
SF:models\UserBlock.ts
FN:9,(anonymous_0)
FN:36,(anonymous_1)
FNF:2
FNH:2
FNDA:106,(anonymous_0)
FNDA:106,(anonymous_1)
DA:1,106
DA:10,106
DA:37,106
DA:43,106
DA:51,106
LF:5
LH:5
BRF:0
BRH:0
end_of_record
TN:
SF:models\UserGoal.ts
FN:4,(anonymous_0)
FN:54,(anonymous_1)
FNF:2
FNH:2
FNDA:106,(anonymous_0)
FNDA:106,(anonymous_1)
DA:1,106
DA:5,106
DA:55,106
DA:60,106
DA:67,106
LF:5
LH:5
BRF:0
BRH:0
end_of_record
TN:
SF:models\UserStats.ts
FN:4,(anonymous_0)
FN:66,(anonymous_1)
FNF:2
FNH:2
FNDA:106,(anonymous_0)
FNDA:106,(anonymous_1)
DA:1,106
DA:5,106
DA:67,106
DA:75,106
LF:4
LH:4
BRF:0
BRH:0
end_of_record
TN:
SF:models\index.ts
FN:209,(anonymous_1)
FN:210,(anonymous_2)
FN:222,(anonymous_3)
FN:59,(anonymous_4)
FN:68,(anonymous_5)
FN:95,(anonymous_6)
FN:101,(anonymous_7)
FN:129,(anonymous_8)
FN:136,(anonymous_9)
FN:147,(anonymous_10)
FNF:10
FNH:8
FNDA:2,(anonymous_1)
FNDA:2,(anonymous_2)
FNDA:5,(anonymous_3)
FNDA:106,(anonymous_4)
FNDA:106,(anonymous_5)
FNDA:0,(anonymous_6)
FNDA:106,(anonymous_7)
FNDA:2544,(anonymous_8)
FNDA:1,(anonymous_9)
FNDA:0,(anonymous_10)
DA:3,106
DA:4,106
DA:5,106
DA:6,106
DA:7,106
DA:8,106
DA:9,106
DA:10,106
DA:11,106
DA:12,106
DA:13,106
DA:14,106
DA:15,106
DA:16,106
DA:17,106
DA:18,106
DA:19,106
DA:20,106
DA:21,106
DA:22,106
DA:23,106
DA:24,106
DA:25,106
DA:26,106
DA:27,106
DA:28,106
DA:29,106
DA:32,106
DA:60,106
DA:61,0
DA:63,106
DA:64,106
DA:65,106
DA:69,106
DA:70,106
DA:71,106
DA:72,106
DA:73,106
DA:74,106
DA:75,106
DA:76,106
DA:77,106
DA:78,106
DA:79,106
DA:80,106
DA:81,106
DA:82,106
DA:83,106
DA:84,106
DA:85,106
DA:86,106
DA:87,106
DA:88,106
DA:89,106
DA:90,106
DA:91,106
DA:92,106
DA:96,0
DA:97,0
DA:102,106
DA:129,106
DA:130,2544
DA:131,2438
DA:137,1
DA:138,1
DA:139,1
DA:140,1
DA:142,0
DA:143,0
DA:148,0
DA:152,106
DA:155,106
DA:159,106
DA:162,106
DA:195,106
DA:201,106
DA:202,106
DA:206,106
DA:207,106
DA:208,106
DA:209,108
DA:210,108
DA:211,106
DA:212,106
DA:213,106
DA:214,106
DA:215,106
DA:216,106
DA:217,106
DA:218,106
DA:219,106
DA:220,106
DA:221,106
DA:222,111
DA:225,106
LF:95
LH:89
BRDA:60,0,0,0
BRDA:96,1,0,0
BRDA:130,2,0,2438
BRDA:147,3,0,0
BRDA:152,4,0,106
BRDA:152,4,1,0
BRDA:155,5,0,106
BRDA:155,5,1,0
BRDA:162,6,0,106
BRDA:162,6,1,0
BRDA:165,7,0,106
BRDA:165,7,1,0
BRDA:180,8,0,0
BRDA:180,8,1,0
BRDA:191,9,0,0
BRDA:191,9,1,0
BRF:16
BRH:5
end_of_record
TN:
SF:routes\auth.ts
FNF:0
FNH:0
DA:1,105
DA:2,105
DA:4,105
DA:7,105
DA:8,105
DA:9,105
DA:11,105
LF:7
LH:7
BRF:0
BRH:0
end_of_record
TN:
SF:routes\challenges.ts
FN:32,(anonymous_1)
FN:55,(anonymous_2)
FN:72,(anonymous_3)
FN:89,(anonymous_4)
FN:115,(anonymous_5)
FN:132,(anonymous_6)
FNF:6
FNH:0
FNDA:0,(anonymous_1)
FNDA:0,(anonymous_2)
FNDA:0,(anonymous_3)
FNDA:0,(anonymous_4)
FNDA:0,(anonymous_5)
FNDA:0,(anonymous_6)
DA:1,105
DA:2,105
DA:3,105
DA:4,105
DA:5,105
DA:7,105
DA:10,105
DA:33,0
DA:34,0
DA:35,0
DA:37,0
DA:38,0
DA:44,105
DA:56,0
DA:57,0
DA:59,0
DA:65,105
DA:73,0
DA:74,0
DA:76,0
DA:82,105
DA:90,0
DA:91,0
DA:93,0
DA:99,105
DA:116,0
DA:117,0
DA:119,0
DA:125,105
DA:133,0
DA:134,0
DA:136,0
DA:141,105
LF:33
LH:13
BRF:0
BRH:0
end_of_record
TN:
SF:routes\comfortWall.ts
FN:28,(anonymous_1)
FN:46,(anonymous_2)
FN:65,(anonymous_3)
FN:86,(anonymous_4)
FN:107,(anonymous_5)
FNF:5
FNH:4
FNDA:1,(anonymous_1)
FNDA:1,(anonymous_2)
FNDA:1,(anonymous_3)
FNDA:1,(anonymous_4)
FNDA:0,(anonymous_5)
DA:1,105
DA:2,105
DA:3,105
DA:4,105
DA:7,105
DA:9,105
DA:10,105
DA:11,105
DA:12,105
DA:28,105
DA:29,1
DA:34,105
DA:36,105
DA:38,105
DA:46,1
DA:49,105
DA:66,1
DA:70,105
DA:87,1
DA:88,1
DA:92,105
DA:108,0
DA:109,0
DA:113,105
LF:24
LH:22
BRDA:29,0,0,0
BRDA:29,0,1,1
BRDA:29,1,0,1
BRDA:29,1,1,1
BRF:4
BRH:3
end_of_record
TN:
SF:routes\emotions.ts
FN:22,(anonymous_10)
FN:40,(anonymous_11)
FN:62,(anonymous_12)
FN:74,(anonymous_13)
FN:84,(anonymous_14)
FNF:5
FNH:5
FNDA:2,(anonymous_10)
FNDA:8,(anonymous_11)
FNDA:4,(anonymous_12)
FNDA:9,(anonymous_13)
FNDA:8,(anonymous_14)
DA:1,105
DA:3,105
DA:4,105
DA:5,105
DA:6,105
DA:8,105
DA:9,105
DA:10,105
DA:18,105
DA:20,105
DA:23,2
DA:24,2
DA:28,105
DA:41,8
DA:42,8
DA:46,105
DA:63,4
DA:64,4
DA:68,105
DA:74,9
DA:85,8
DA:90,105
LF:22
LH:22
BRDA:74,0,0,9
BRDA:74,0,1,9
BRF:2
BRH:2
end_of_record
TN:
SF:routes\index.ts
FN:19,(anonymous_10)
FN:36,(anonymous_11)
FN:45,(anonymous_12)
FNF:3
FNH:3
FNDA:2,(anonymous_10)
FNDA:2,(anonymous_11)
FNDA:10,(anonymous_12)
DA:2,105
DA:3,105
DA:4,105
DA:5,105
DA:6,105
DA:7,105
DA:8,105
DA:9,105
DA:10,105
DA:11,105
DA:12,105
DA:13,105
DA:14,105
DA:16,105
DA:19,107
DA:22,105
DA:24,105
DA:25,105
DA:26,105
DA:27,105
DA:28,105
DA:29,105
DA:30,105
DA:31,105
DA:32,105
DA:33,105
DA:36,105
DA:37,2
DA:45,105
DA:46,10
DA:52,105
LF:31
LH:31
BRF:0
BRH:0
end_of_record
TN:
SF:routes\myDay.ts
FN:20,(anonymous_1)
FN:30,(anonymous_2)
FN:39,(anonymous_3)
FN:50,(anonymous_4)
FN:55,(anonymous_5)
FN:63,(anonymous_6)
FN:71,(anonymous_7)
FNF:7
FNH:7
FNDA:11,(anonymous_1)
FNDA:7,(anonymous_2)
FNDA:2,(anonymous_3)
FNDA:6,(anonymous_4)
FNDA:11,(anonymous_5)
FNDA:9,(anonymous_6)
FNDA:1,(anonymous_7)
DA:1,105
DA:2,105
DA:3,105
DA:4,105
DA:5,105
DA:6,105
DA:8,105
DA:10,105
DA:20,11
DA:24,105
DA:30,7
DA:33,105
DA:39,2
DA:42,105
DA:50,6
DA:53,105
DA:55,11
DA:58,105
DA:63,9
DA:66,105
DA:71,1
DA:74,105
LF:22
LH:22
BRF:0
BRH:0
end_of_record
TN:
SF:routes\notifications.ts
FN:26,(anonymous_1)
FN:36,(anonymous_2)
FN:88,(anonymous_3)
FN:100,(anonymous_4)
FN:108,(anonymous_5)
FNF:5
FNH:5
FNDA:12,(anonymous_1)
FNDA:10,(anonymous_2)
FNDA:4,(anonymous_3)
FNDA:2,(anonymous_4)
FNDA:3,(anonymous_5)
DA:1,105
DA:2,105
DA:3,105
DA:5,105
DA:6,105
DA:8,105
DA:9,105
DA:18,105
DA:20,105
DA:27,12
DA:28,12
DA:36,105
DA:37,10
DA:38,10
DA:39,10
DA:41,10
DA:42,0
DA:49,10
DA:50,2
DA:51,2
DA:58,8
DA:65,8
DA:66,2
DA:67,2
DA:74,6
DA:75,6
DA:77,0
DA:78,0
DA:85,105
DA:89,4
DA:90,4
DA:94,105
DA:101,2
DA:102,2
DA:106,105
DA:109,3
DA:110,3
DA:114,105
LF:38
LH:35
BRDA:39,0,0,0
BRDA:39,0,1,10
BRDA:39,1,0,10
BRDA:39,1,1,10
BRDA:41,2,0,0
BRDA:49,3,0,2
BRDA:49,4,0,10
BRDA:49,4,1,10
BRDA:65,5,0,2
BRF:9
BRH:7
end_of_record
TN:
SF:routes\posts.ts
FN:70,(anonymous_1)
FN:79,(anonymous_2)
FN:97,(anonymous_3)
FN:111,(anonymous_4)
FNF:4
FNH:1
FNDA:1,(anonymous_1)
FNDA:0,(anonymous_2)
FNDA:0,(anonymous_3)
FNDA:0,(anonymous_4)
DA:1,105
DA:2,105
DA:3,105
DA:4,105
DA:6,105
DA:7,105
DA:16,105
DA:18,105
DA:49,105
DA:71,1
DA:72,1
DA:76,105
DA:80,0
DA:81,0
DA:85,105
DA:98,0
DA:102,0
DA:106,105
DA:112,0
DA:113,0
DA:117,105
LF:21
LH:15
BRF:0
BRH:0
end_of_record
TN:
SF:routes\someoneDay.ts
FN:28,(anonymous_1)
FN:39,(anonymous_2)
FN:52,(anonymous_3)
FN:70,(anonymous_4)
FN:75,(anonymous_5)
FN:83,(anonymous_6)
FN:90,(anonymous_7)
FN:101,(anonymous_8)
FNF:8
FNH:7
FNDA:1,(anonymous_1)
FNDA:1,(anonymous_2)
FNDA:1,(anonymous_3)
FNDA:4,(anonymous_4)
FNDA:1,(anonymous_5)
FNDA:0,(anonymous_6)
FNDA:3,(anonymous_7)
FNDA:2,(anonymous_8)
DA:1,105
DA:2,105
DA:3,105
DA:4,105
DA:7,105
DA:8,105
DA:14,105
DA:16,105
DA:28,1
DA:30,105
DA:39,1
DA:43,105
DA:52,1
DA:54,105
DA:70,4
DA:73,105
DA:75,1
DA:78,105
DA:83,0
DA:85,105
DA:90,3
DA:92,105
DA:101,2
DA:104,105
LF:24
LH:23
BRF:0
BRH:0
end_of_record
TN:
SF:routes\stats.ts
FN:38,(anonymous_1)
FN:52,(anonymous_2)
FNF:2
FNH:2
FNDA:2,(anonymous_1)
FNDA:2,(anonymous_2)
DA:1,105
DA:2,105
DA:3,105
DA:5,105
DA:16,105
DA:27,105
DA:38,105
DA:39,2
DA:40,2
DA:52,105
DA:53,2
DA:54,2
DA:57,105
LF:13
LH:13
BRF:0
BRH:0
end_of_record
TN:
SF:routes\tags.ts
FNF:0
FNH:0
DA:1,105
DA:2,105
DA:3,105
DA:4,105
DA:5,105
DA:6,105
DA:8,105
DA:10,105
DA:13,105
DA:19,105
DA:25,105
DA:34,105
DA:43,105
DA:52,105
DA:62,105
DA:71,105
DA:81,105
DA:91,105
DA:100,105
LF:19
LH:19
BRF:0
BRH:0
end_of_record
TN:
SF:routes\uploads.ts
FN:17,(anonymous_1)
FN:24,(anonymous_2)
FN:57,(anonymous_3)
FN:64,(anonymous_4)
FN:73,(anonymous_5)
FN:76,(anonymous_6)
FN:83,(anonymous_7)
FN:86,(anonymous_8)
FNF:8
FNH:8
FNDA:315,(anonymous_1)
FNDA:2,(anonymous_2)
FNDA:8,(anonymous_3)
FNDA:8,(anonymous_4)
FNDA:6,(anonymous_5)
FNDA:6,(anonymous_6)
FNDA:1,(anonymous_7)
FNDA:1,(anonymous_8)
DA:2,105
DA:3,105
DA:4,105
DA:5,105
DA:6,105
DA:7,105
DA:9,105
DA:12,105
DA:13,105
DA:14,105
DA:17,105
DA:18,315
DA:19,0
DA:24,105
DA:25,2
DA:26,2
DA:28,2
DA:29,1
DA:30,1
DA:34,0
DA:35,0
DA:40,0
DA:46,1
DA:53,0
DA:57,105
DA:58,8
DA:59,8
DA:60,8
DA:64,105
DA:65,8
DA:66,1
DA:68,7
DA:72,105
DA:74,6
DA:77,6
DA:82,105
DA:84,1
DA:87,1
DA:92,105
DA:98,105
DA:105,105
DA:108,105
DA:116,105
DA:124,105
DA:131,105
LF:45
LH:40
BRDA:18,0,0,0
BRDA:25,1,0,2
BRDA:28,2,0,1
BRDA:28,2,1,1
BRDA:29,3,0,1
BRDA:29,3,1,0
BRDA:34,4,0,0
BRDA:34,4,1,0
BRDA:48,5,0,1
BRDA:48,5,1,0
BRDA:65,6,0,1
BRF:11
BRH:6
end_of_record
TN:
SF:routes\users.ts
FN:99,(anonymous_1)
FNF:1
FNH:1
FNDA:6,(anonymous_1)
DA:1,105
DA:2,105
DA:3,105
DA:4,105
DA:5,105
DA:6,105
DA:8,105
DA:9,105
DA:10,105
DA:13,105
DA:33,105
DA:47,105
DA:49,105
DA:52,105
DA:69,105
DA:71,105
DA:88,105
DA:91,105
DA:99,6
DA:103,105
DA:118,105
DA:130,105
DA:142,105
DA:156,105
DA:164,105
DA:176,105
LF:26
LH:26
BRF:0
BRH:0
end_of_record
TN:
SF:services\EmotionService.ts
FN:15,(anonymous_1)
FN:29,(anonymous_2)
FN:51,(anonymous_3)
FN:67,(anonymous_4)
FN:75,(anonymous_5)
FN:88,(anonymous_6)
FN:96,(anonymous_7)
FN:145,(anonymous_8)
FN:188,(anonymous_9)
FN:256,(anonymous_10)
FNF:10
FNH:4
FNDA:7,(anonymous_1)
FNDA:8,(anonymous_2)
FNDA:7,(anonymous_3)
FNDA:0,(anonymous_4)
FNDA:0,(anonymous_5)
FNDA:0,(anonymous_6)
FNDA:0,(anonymous_7)
FNDA:0,(anonymous_8)
FNDA:2,(anonymous_9)
FNDA:0,(anonymous_10)
DA:4,105
DA:5,105
DA:8,105
DA:16,7
DA:19,7
DA:20,1
DA:27,6
DA:29,8
DA:30,1
DA:38,5
DA:43,5
DA:44,5
DA:45,5
DA:47,5
DA:49,5
DA:51,7
DA:58,5
DA:60,5
DA:67,0
DA:75,0
DA:78,0
DA:85,0
DA:88,0
DA:96,0
DA:99,0
DA:108,0
DA:110,0
DA:112,0
DA:115,0
DA:125,0
DA:126,0
DA:127,0
DA:134,0
DA:135,0
DA:136,0
DA:137,0
DA:144,0
DA:145,0
DA:153,0
DA:156,0
DA:158,0
DA:164,0
DA:165,0
DA:166,0
DA:168,0
DA:172,0
DA:174,0
DA:190,2
DA:191,2
DA:192,2
DA:195,2
DA:209,0
DA:211,0
DA:212,0
DA:214,0
DA:215,0
DA:218,0
DA:234,0
DA:236,0
DA:237,0
DA:238,0
DA:240,0
DA:241,0
DA:246,0
DA:247,0
DA:248,0
DA:255,0
DA:256,0
DA:259,0
DA:260,0
DA:262,0
DA:267,0
DA:269,0
DA:270,0
LF:74
LH:22
BRDA:19,0,0,1
BRDA:19,1,0,7
BRDA:19,1,1,7
BRDA:19,1,2,7
BRDA:27,2,0,6
BRDA:29,3,0,1
BRDA:43,4,0,5
BRDA:49,5,0,5
BRDA:49,5,1,0
BRDA:55,6,0,7
BRDA:55,6,1,0
BRDA:72,7,0,0
BRDA:72,7,1,0
BRDA:93,8,0,0
BRDA:93,8,1,0
BRDA:125,9,0,0
BRDA:135,10,0,0
BRDA:149,11,0,0
BRDA:149,11,1,0
BRDA:164,12,0,0
BRDA:176,13,0,0
BRDA:176,13,1,0
BRDA:190,14,0,2
BRDA:240,15,0,0
BRDA:247,16,0,0
BRDA:247,17,0,0
BRDA:247,17,1,0
BRDA:247,17,2,0
BRDA:259,18,0,0
BRDA:259,18,1,0
BRF:30
BRH:10
end_of_record
TN:
SF:services\emailService.ts
FN:19,(anonymous_1)
FN:43,(anonymous_2)
FNF:2
FNH:2
FNDA:5,(anonymous_1)
FNDA:8,(anonymous_2)
DA:2,105
DA:3,105
DA:5,105
DA:8,105
DA:19,105
DA:20,5
DA:21,5
DA:22,5
DA:23,5
DA:26,0
DA:33,0
DA:34,0
DA:35,0
DA:37,0
DA:38,0
DA:43,105
DA:44,8
DA:46,8
DA:64,105
LF:19
LH:13
BRDA:9,0,0,105
BRDA:9,0,1,105
BRDA:10,1,0,105
BRDA:10,1,1,105
BRDA:21,2,0,5
BRDA:44,3,0,8
BRDA:44,3,1,1
BRF:7
BRH:7
end_of_record
TN:
SF:services\socketService.ts
FN:12,(anonymous_1)
FN:28,(anonymous_2)
FN:33,(anonymous_3)
FN:65,(anonymous_4)
FN:71,(anonymous_5)
FN:107,(anonymous_6)
FNF:6
FNH:5
FNDA:4,(anonymous_1)
FNDA:1,(anonymous_2)
FNDA:3,(anonymous_3)
FNDA:2,(anonymous_4)
FNDA:0,(anonymous_5)
FNDA:12,(anonymous_6)
DA:2,105
DA:4,105
DA:6,105
DA:9,105
DA:12,105
DA:13,4
DA:15,4
DA:16,0
DA:19,4
DA:20,4
DA:21,3
DA:22,3
DA:24,1
DA:28,105
DA:30,1
DA:33,1
DA:34,3
DA:35,3
DA:38,3
DA:39,3
DA:40,0
DA:41,0
DA:45,3
DA:46,3
DA:49,3
DA:52,3
DA:55,3
DA:62,3
DA:65,3
DA:66,2
DA:67,2
DA:71,3
DA:72,0
DA:73,0
DA:75,0
DA:86,0
DA:93,0
DA:95,0
DA:96,0
DA:100,0
DA:101,0
DA:107,105
DA:108,12
DA:109,12
DA:111,12
DA:112,12
DA:113,12
DA:117,0
DA:120,0
DA:127,0
DA:129,0
DA:131,0
DA:132,0
LF:53
LH:35
BRDA:6,0,0,105
BRDA:6,0,1,0
BRDA:15,1,0,0
BRDA:39,2,0,0
BRDA:111,3,0,12
BRF:5
BRH:2
end_of_record
TN:
SF:tests\helpers\db.helper.ts
FN:4,(anonymous_1)
FN:63,(anonymous_2)
FN:72,(anonymous_3)
FN:81,(anonymous_4)
FNF:4
FNH:3
FNDA:2,(anonymous_1)
FNDA:7,(anonymous_2)
FNDA:2,(anonymous_3)
FNDA:0,(anonymous_4)
DA:2,3
DA:4,3
DA:5,2
DA:7,2
DA:10,2
DA:41,2
DA:42,48
DA:43,48
DA:45,0
DA:51,2
DA:54,0
DA:56,0
DA:57,0
DA:59,0
DA:63,3
DA:64,7
DA:65,7
DA:67,0
DA:68,0
DA:72,3
DA:73,2
DA:74,2
DA:76,0
DA:77,0
DA:81,3
DA:82,0
DA:83,0
DA:85,0
DA:86,0
LF:29
LH:16
BRF:0
BRH:0
end_of_record
TN:
SF:tests\helpers\dependencyGraph.ts
FN:15,(anonymous_9)
FN:20,(anonymous_10)
FN:28,(anonymous_11)
FN:52,(anonymous_12)
FN:64,(anonymous_13)
FN:65,(anonymous_14)
FN:82,(anonymous_15)
FN:111,(anonymous_16)
FN:120,(anonymous_17)
FN:140,(anonymous_18)
FN:163,(anonymous_19)
FN:200,(anonymous_20)
FN:205,(anonymous_21)
FN:206,(anonymous_22)
FNF:14
FNH:14
FNDA:1,(anonymous_9)
FNDA:1,(anonymous_10)
FNDA:1940,(anonymous_11)
FNDA:119,(anonymous_12)
FNDA:119,(anonymous_13)
FNDA:1235,(anonymous_14)
FNDA:215,(anonymous_15)
FNDA:430,(anonymous_16)
FNDA:3,(anonymous_17)
FNDA:1,(anonymous_18)
FNDA:304,(anonymous_19)
FNDA:1,(anonymous_20)
FNDA:5,(anonymous_21)
FNDA:1075,(anonymous_22)
DA:2,1
DA:3,1
DA:4,1
DA:11,1
DA:12,1
DA:16,1
DA:17,1
DA:21,1
DA:23,1
DA:24,119
DA:29,1940
DA:30,1940
DA:32,1940
DA:33,15072
DA:34,15072
DA:36,15072
DA:37,1939
DA:38,13133
DA:40,1779
DA:44,119
DA:49,1940
DA:53,119
DA:61,119
DA:65,119
DA:66,1235
DA:67,381
DA:70,381
DA:71,215
DA:73,215
DA:84,215
DA:85,215
DA:88,215
DA:89,215
DA:91,215
DA:92,368
DA:93,368
DA:94,164
DA:99,51
DA:100,111
DA:101,111
DA:102,31
DA:107,20
DA:113,430
DA:116,430
DA:121,3
DA:123,3
DA:125,645
DA:127,95
DA:128,345
DA:129,0
DA:130,0
DA:136,3
DA:141,1
DA:144,1
DA:145,215
DA:146,39
DA:149,215
DA:150,50
DA:153,215
DA:154,215
DA:159,1
DA:160,1
DA:161,1
DA:163,1
DA:164,304
DA:166,0
DA:167,0
DA:168,0
DA:169,0
DA:170,0
DA:172,0
DA:175,304
DA:176,215
DA:179,89
DA:180,89
DA:181,89
DA:183,89
DA:184,89
DA:185,215
DA:188,89
DA:192,1
DA:193,89
DA:196,1
DA:201,1
DA:206,5
DA:207,1075
LF:86
LH:78
BRDA:36,0,0,1939
BRDA:36,0,1,13133
BRDA:38,1,0,1779
BRDA:38,2,0,13133
BRDA:38,2,1,11354
BRDA:40,3,0,119
BRDA:40,4,0,1779
BRDA:40,4,1,228
BRDA:40,4,2,121
BRDA:40,4,3,121
BRDA:66,5,0,381
BRDA:70,6,0,215
BRDA:70,7,0,381
BRDA:70,7,1,166
BRDA:88,8,0,215
BRDA:93,9,0,164
BRDA:101,10,0,31
BRDA:125,11,0,95
BRDA:128,12,0,0
BRDA:145,13,0,39
BRDA:149,14,0,50
BRDA:153,15,0,215
BRDA:163,16,0,89
BRDA:164,17,0,0
BRDA:167,18,0,0
BRDA:175,19,0,215
BRDA:183,20,0,89
BRDA:183,20,1,0
BRDA:207,21,0,1075
BRDA:207,21,1,1075
BRF:30
BRH:26
end_of_record
TN:
SF:utils\utils.ts
FN:2,(anonymous_0)
FN:13,(anonymous_1)
FNF:2
FNH:2
FNDA:8,(anonymous_0)
FNDA:6,(anonymous_1)
DA:2,105
DA:3,8
DA:4,8
DA:6,8
DA:13,105
DA:14,6
DA:23,6
LF:7
LH:7
BRDA:3,0,0,8
BRDA:3,0,1,4
BRDA:4,1,0,8
BRDA:4,1,1,4
BRDA:13,2,0,1
BRDA:23,3,0,6
BRDA:23,3,1,1
BRF:7
BRH:7
end_of_record
