TN:
SF:app.ts
FNF:0
FNH:0
DA:1,4
DA:2,4
DA:3,4
DA:4,4
DA:5,4
DA:7,4
DA:9,4
DA:10,4
DA:11,4
DA:14,4
DA:17,4
DA:19,4
LF:12
LH:12
BRF:0
BRH:0
end_of_record
TN:
SF:config\index.ts
FN:7,(anonymous_1)
FNF:1
FNH:1
FNDA:128,(anonymous_1)
DA:1,4
DA:4,4
DA:7,4
DA:8,128
DA:9,128
DA:10,0
DA:12,128
DA:72,4
DA:104,4
DA:107,4
DA:161,4
DA:168,4
DA:186,4
LF:13
LH:12
BRDA:8,0,0,128
BRDA:8,0,1,0
BRDA:9,1,0,0
BRDA:104,2,0,4
BRDA:104,2,1,0
BRF:5
BRH:2
end_of_record
TN:
SF:controllers\challengeController.ts
FN:31,(anonymous_8)
FN:34,(anonymous_9)
FN:119,(anonymous_10)
FN:122,(anonymous_11)
FN:205,(anonymous_12)
FN:208,(anonymous_13)
FN:289,(anonymous_14)
FN:292,(anonymous_15)
FNF:8
FNH:0
FNDA:0,(anonymous_8)
FNDA:0,(anonymous_9)
FNDA:0,(anonymous_10)
FNDA:0,(anonymous_11)
FNDA:0,(anonymous_12)
FNDA:0,(anonymous_13)
FNDA:0,(anonymous_14)
FNDA:0,(anonymous_15)
DA:2,4
DA:3,4
DA:30,4
DA:34,0
DA:35,0
DA:36,0
DA:37,0
DA:38,0
DA:40,0
DA:41,0
DA:42,0
DA:49,0
DA:50,0
DA:51,0
DA:57,0
DA:58,0
DA:59,0
DA:65,0
DA:66,0
DA:67,0
DA:69,0
DA:70,0
DA:71,0
DA:77,0
DA:78,0
DA:79,0
DA:85,0
DA:96,0
DA:101,0
DA:102,0
DA:110,0
DA:111,0
DA:112,0
DA:122,0
DA:123,0
DA:130,0
DA:132,0
DA:133,0
DA:135,0
DA:136,0
DA:137,0
DA:139,0
DA:143,0
DA:145,0
DA:148,0
DA:150,0
DA:153,0
DA:157,0
DA:159,0
DA:184,0
DA:197,0
DA:198,0
DA:208,0
DA:209,0
DA:210,0
DA:211,0
DA:212,0
DA:214,0
DA:215,0
DA:216,0
DA:222,0
DA:224,0
DA:225,0
DA:226,0
DA:232,0
DA:233,0
DA:234,0
DA:235,0
DA:241,0
DA:242,0
DA:243,0
DA:249,0
DA:254,0
DA:255,0
DA:256,0
DA:262,0
DA:265,0
DA:266,0
DA:274,0
DA:275,0
DA:280,0
DA:281,0
DA:282,0
DA:292,0
DA:293,0
DA:294,0
DA:295,0
DA:296,0
DA:297,0
DA:299,0
DA:300,0
DA:301,0
DA:307,0
DA:308,0
DA:309,0
DA:315,0
DA:323,0
DA:324,0
DA:325,0
DA:331,0
DA:332,0
DA:333,0
DA:339,0
DA:340,0
DA:341,0
DA:342,0
DA:349,0
DA:350,0
DA:351,0
DA:352,0
DA:354,0
DA:366,0
DA:367,0
DA:368,0
DA:374,0
DA:382,0
DA:383,0
DA:391,0
DA:392,0
DA:393,0
DA:401,4
LF:121
LH:4
BRDA:38,0,0,0
BRDA:38,0,1,0
BRDA:38,1,0,0
BRDA:38,1,1,0
BRDA:40,2,0,0
BRDA:49,3,0,0
BRDA:49,4,0,0
BRDA:49,4,1,0
BRDA:49,4,2,0
BRDA:57,5,0,0
BRDA:57,6,0,0
BRDA:57,6,1,0
BRDA:57,6,2,0
BRDA:69,7,0,0
BRDA:77,8,0,0
BRDA:91,9,0,0
BRDA:91,9,1,0
BRDA:91,10,0,0
BRDA:91,10,1,0
BRDA:125,11,0,0
BRDA:126,12,0,0
BRDA:128,13,0,0
BRDA:129,14,0,0
BRDA:136,15,0,0
BRDA:137,16,0,0
BRDA:137,16,1,0
BRDA:137,16,2,0
BRDA:212,17,0,0
BRDA:212,17,1,0
BRDA:212,18,0,0
BRDA:212,18,1,0
BRDA:214,19,0,0
BRDA:224,20,0,0
BRDA:233,21,0,0
BRDA:241,22,0,0
BRDA:241,23,0,0
BRDA:241,23,1,0
BRDA:254,24,0,0
BRDA:265,25,0,0
BRDA:297,26,0,0
BRDA:297,26,1,0
BRDA:297,27,0,0
BRDA:297,27,1,0
BRDA:299,28,0,0
BRDA:307,29,0,0
BRDA:307,30,0,0
BRDA:307,30,1,0
BRDA:323,31,0,0
BRDA:331,32,0,0
BRDA:340,33,0,0
BRDA:340,34,0,0
BRDA:340,34,1,0
BRDA:366,35,0,0
BRF:53
BRH:0
end_of_record
TN:
SF:controllers\comfortWallController.ts
FN:50,(anonymous_8)
FN:50,(anonymous_9)
FN:96,(anonymous_10)
FN:96,(anonymous_11)
FN:140,(anonymous_12)
FN:158,(anonymous_13)
FN:158,(anonymous_14)
FNF:7
FNH:0
FNDA:0,(anonymous_8)
FNDA:0,(anonymous_9)
FNDA:0,(anonymous_10)
FNDA:0,(anonymous_11)
FNDA:0,(anonymous_12)
FNDA:0,(anonymous_13)
FNDA:0,(anonymous_14)
DA:2,4
DA:3,4
DA:49,4
DA:50,0
DA:51,0
DA:52,0
DA:53,0
DA:54,0
DA:56,0
DA:57,0
DA:58,0
DA:61,0
DA:62,0
DA:63,0
DA:66,0
DA:67,0
DA:68,0
DA:71,0
DA:80,0
DA:81,0
DA:84,0
DA:85,0
DA:90,0
DA:91,0
DA:92,0
DA:96,0
DA:97,0
DA:98,0
DA:99,0
DA:101,0
DA:102,0
DA:103,0
DA:106,0
DA:110,0
DA:140,0
DA:146,0
DA:153,0
DA:154,0
DA:158,0
DA:159,0
DA:160,0
DA:161,0
DA:162,0
DA:163,0
DA:165,0
DA:166,0
DA:167,0
DA:171,0
DA:172,0
DA:173,0
DA:174,0
DA:178,0
DA:179,0
DA:180,0
DA:183,0
DA:184,0
DA:185,0
DA:188,0
DA:195,0
DA:198,0
DA:205,0
DA:206,0
DA:211,0
DA:212,0
DA:213,0
DA:218,4
LF:66
LH:4
BRDA:54,0,0,0
BRDA:54,0,1,0
BRDA:54,1,0,0
BRDA:54,1,1,0
BRDA:56,2,0,0
BRDA:61,3,0,0
BRDA:61,4,0,0
BRDA:61,4,1,0
BRDA:61,4,2,0
BRDA:66,5,0,0
BRDA:66,6,0,0
BRDA:66,6,1,0
BRDA:66,6,2,0
BRDA:75,7,0,0
BRDA:75,7,1,0
BRDA:80,8,0,0
BRDA:80,9,0,0
BRDA:80,9,1,0
BRDA:98,10,0,0
BRDA:98,11,0,0
BRDA:98,12,0,0
BRDA:102,13,0,0
BRDA:106,14,0,0
BRDA:106,14,1,0
BRDA:116,15,0,0
BRDA:116,15,1,0
BRDA:116,16,0,0
BRDA:116,16,1,0
BRDA:142,17,0,0
BRDA:142,17,1,0
BRDA:143,18,0,0
BRDA:143,18,1,0
BRDA:143,19,0,0
BRDA:143,19,1,0
BRDA:163,20,0,0
BRDA:163,20,1,0
BRDA:163,21,0,0
BRDA:163,21,1,0
BRDA:165,22,0,0
BRDA:172,23,0,0
BRDA:178,24,0,0
BRDA:183,25,0,0
BRDA:183,26,0,0
BRDA:183,26,1,0
BRDA:183,26,2,0
BRF:45
BRH:0
end_of_record
TN:
SF:controllers\emotionController.ts
FN:33,formatEmotionStats
FN:34,(anonymous_9)
FN:48,formatEmotionTrend
FN:49,(anonymous_11)
FN:63,getGroupByClause
FN:75,(anonymous_13)
FN:75,(anonymous_14)
FN:95,(anonymous_15)
FN:95,(anonymous_16)
FN:138,(anonymous_17)
FN:138,(anonymous_18)
FN:180,(anonymous_19)
FN:207,(anonymous_20)
FN:207,(anonymous_21)
FN:262,(anonymous_22)
FN:262,(anonymous_23)
FN:309,(anonymous_24)
FN:309,(anonymous_25)
FNF:18
FNH:2
FNDA:0,formatEmotionStats
FNDA:0,(anonymous_9)
FNDA:0,formatEmotionTrend
FNDA:0,(anonymous_11)
FNDA:0,getGroupByClause
FNDA:1,(anonymous_13)
FNDA:1,(anonymous_14)
FNDA:0,(anonymous_15)
FNDA:0,(anonymous_16)
FNDA:0,(anonymous_17)
FNDA:0,(anonymous_18)
FNDA:0,(anonymous_19)
FNDA:0,(anonymous_20)
FNDA:0,(anonymous_21)
FNDA:0,(anonymous_22)
FNDA:0,(anonymous_23)
FNDA:0,(anonymous_24)
FNDA:0,(anonymous_25)
DA:2,4
DA:3,4
DA:34,0
DA:35,0
DA:36,0
DA:37,0
DA:39,0
DA:44,0
DA:49,0
DA:50,0
DA:51,0
DA:52,0
DA:54,0
DA:59,0
DA:64,0
DA:66,0
DA:68,0
DA:70,0
DA:74,4
DA:75,1
DA:76,1
DA:77,1
DA:82,1
DA:87,0
DA:88,0
DA:95,0
DA:96,0
DA:97,0
DA:98,0
DA:99,0
DA:105,0
DA:107,0
DA:119,0
DA:130,0
DA:131,0
DA:138,0
DA:139,0
DA:140,0
DA:141,0
DA:142,0
DA:144,0
DA:145,0
DA:146,0
DA:152,0
DA:153,0
DA:154,0
DA:160,0
DA:161,0
DA:163,0
DA:171,0
DA:172,0
DA:173,0
DA:179,0
DA:181,0
DA:190,0
DA:192,0
DA:198,0
DA:199,0
DA:200,0
DA:207,0
DA:208,0
DA:209,0
DA:210,0
DA:211,0
DA:217,0
DA:219,0
DA:247,0
DA:249,0
DA:254,0
DA:255,0
DA:262,0
DA:263,0
DA:264,0
DA:265,0
DA:266,0
DA:272,0
DA:274,0
DA:275,0
DA:294,0
DA:296,0
DA:301,0
DA:302,0
DA:309,0
DA:310,0
DA:311,0
DA:312,0
DA:313,0
DA:319,0
DA:320,0
DA:322,0
DA:333,0
DA:341,0
DA:342,0
DA:350,4
LF:94
LH:8
BRDA:36,0,0,0
BRDA:51,1,0,0
BRDA:64,2,0,0
BRDA:64,2,1,0
BRDA:64,2,2,0
BRDA:97,3,0,0
BRDA:97,3,1,0
BRDA:97,4,0,0
BRDA:97,4,1,0
BRDA:98,5,0,0
BRDA:105,6,0,0
BRDA:105,7,0,0
BRDA:142,8,0,0
BRDA:142,8,1,0
BRDA:142,9,0,0
BRDA:142,9,1,0
BRDA:144,10,0,0
BRDA:152,11,0,0
BRDA:152,12,0,0
BRDA:152,12,1,0
BRDA:152,12,2,0
BRDA:171,13,0,0
BRDA:209,14,0,0
BRDA:209,14,1,0
BRDA:209,15,0,0
BRDA:209,15,1,0
BRDA:210,16,0,0
BRDA:264,17,0,0
BRDA:264,17,1,0
BRDA:264,18,0,0
BRDA:264,18,1,0
BRDA:265,19,0,0
BRDA:272,20,0,0
BRDA:311,21,0,0
BRDA:311,21,1,0
BRDA:311,22,0,0
BRDA:311,22,1,0
BRDA:312,23,0,0
BRF:38
BRH:0
end_of_record
TN:
SF:controllers\myDayController.ts
FN:70,(anonymous_8)
FN:74,(anonymous_9)
FN:79,(anonymous_10)
FN:85,(anonymous_11)
FN:93,(anonymous_12)
FN:93,(anonymous_13)
FN:187,(anonymous_14)
FN:187,(anonymous_15)
FN:254,(anonymous_16)
FN:281,(anonymous_17)
FN:281,(anonymous_18)
FN:349,(anonymous_19)
FN:349,(anonymous_20)
FNF:13
FNH:0
FNDA:0,(anonymous_8)
FNDA:0,(anonymous_9)
FNDA:0,(anonymous_10)
FNDA:0,(anonymous_11)
FNDA:0,(anonymous_12)
FNDA:0,(anonymous_13)
FNDA:0,(anonymous_14)
FNDA:0,(anonymous_15)
FNDA:0,(anonymous_16)
FNDA:0,(anonymous_17)
FNDA:0,(anonymous_18)
FNDA:0,(anonymous_19)
FNDA:0,(anonymous_20)
DA:2,4
DA:3,4
DA:70,4
DA:71,0
DA:74,4
DA:75,0
DA:76,0
DA:79,4
DA:80,0
DA:81,0
DA:82,0
DA:85,4
DA:92,4
DA:93,0
DA:94,0
DA:95,0
DA:96,0
DA:97,0
DA:99,0
DA:100,0
DA:101,0
DA:107,0
DA:108,0
DA:109,0
DA:116,0
DA:117,0
DA:127,0
DA:128,0
DA:129,0
DA:136,0
DA:146,0
DA:147,0
DA:152,0
DA:153,0
DA:154,0
DA:160,0
DA:164,0
DA:169,0
DA:170,0
DA:178,0
DA:179,0
DA:180,0
DA:187,0
DA:188,0
DA:189,0
DA:190,0
DA:191,0
DA:204,0
DA:206,0
DA:207,0
DA:208,0
DA:211,0
DA:212,0
DA:213,0
DA:215,0
DA:216,0
DA:221,0
DA:225,0
DA:254,0
DA:255,0
DA:256,0
DA:265,0
DA:273,0
DA:274,0
DA:281,0
DA:282,0
DA:283,0
DA:284,0
DA:285,0
DA:286,0
DA:288,0
DA:289,0
DA:290,0
DA:296,0
DA:297,0
DA:298,0
DA:304,0
DA:305,0
DA:306,0
DA:307,0
DA:313,0
DA:320,0
DA:322,0
DA:323,0
DA:331,0
DA:332,0
DA:340,0
DA:341,0
DA:342,0
DA:349,0
DA:350,0
DA:351,0
DA:352,0
DA:353,0
DA:355,0
DA:356,0
DA:357,0
DA:363,0
DA:364,0
DA:365,0
DA:366,0
DA:372,0
DA:377,0
DA:378,0
DA:380,0
DA:381,0
DA:389,0
DA:390,0
DA:395,0
DA:396,0
DA:397,0
DA:398,0
DA:404,0
DA:405,0
DA:406,0
DA:414,4
LF:116
LH:8
BRDA:75,0,0,0
BRDA:76,1,0,0
BRDA:76,1,1,0
BRDA:97,2,0,0
BRDA:97,2,1,0
BRDA:97,3,0,0
BRDA:97,3,1,0
BRDA:99,4,0,0
BRDA:107,5,0,0
BRDA:127,6,0,0
BRDA:141,7,0,0
BRDA:141,7,1,0
BRDA:146,8,0,0
BRDA:146,9,0,0
BRDA:146,9,1,0
BRDA:146,10,0,0
BRDA:146,10,1,0
BRDA:152,11,0,0
BRDA:189,12,0,0
BRDA:189,12,1,0
BRDA:189,13,0,0
BRDA:189,13,1,0
BRDA:190,14,0,0
BRDA:198,15,0,0
BRDA:199,16,0,0
BRDA:203,17,0,0
BRDA:212,18,0,0
BRDA:215,19,0,0
BRDA:215,20,0,0
BRDA:215,20,1,0
BRDA:221,21,0,0
BRDA:221,21,1,0
BRDA:258,22,0,0
BRDA:258,22,1,0
BRDA:259,23,0,0
BRDA:259,23,1,0
BRDA:259,24,0,0
BRDA:259,24,1,0
BRDA:286,25,0,0
BRDA:286,25,1,0
BRDA:286,26,0,0
BRDA:286,26,1,0
BRDA:288,27,0,0
BRDA:296,28,0,0
BRDA:305,29,0,0
BRDA:317,30,0,0
BRDA:317,30,1,0
BRDA:322,31,0,0
BRDA:353,32,0,0
BRDA:353,32,1,0
BRDA:353,33,0,0
BRDA:353,33,1,0
BRDA:355,34,0,0
BRDA:364,35,0,0
BRDA:377,36,0,0
BRDA:377,36,1,0
BRDA:380,37,0,0
BRF:57
BRH:0
end_of_record
TN:
SF:controllers\notificationController.ts
FN:17,(anonymous_8)
FN:17,(anonymous_9)
FN:83,(anonymous_10)
FN:83,(anonymous_11)
FN:131,(anonymous_12)
FN:131,(anonymous_13)
FN:176,(anonymous_14)
FN:176,(anonymous_15)
FNF:8
FNH:0
FNDA:0,(anonymous_8)
FNDA:0,(anonymous_9)
FNDA:0,(anonymous_10)
FNDA:0,(anonymous_11)
FNDA:0,(anonymous_12)
FNDA:0,(anonymous_13)
FNDA:0,(anonymous_14)
FNDA:0,(anonymous_15)
DA:2,4
DA:16,4
DA:17,0
DA:18,0
DA:19,0
DA:21,0
DA:22,0
DA:33,0
DA:35,0
DA:37,0
DA:39,0
DA:40,0
DA:43,0
DA:44,0
DA:47,0
DA:62,0
DA:75,0
DA:76,0
DA:83,0
DA:84,0
DA:85,0
DA:86,0
DA:87,0
DA:89,0
DA:90,0
DA:91,0
DA:97,0
DA:105,0
DA:106,0
DA:107,0
DA:113,0
DA:114,0
DA:116,0
DA:117,0
DA:122,0
DA:123,0
DA:124,0
DA:131,0
DA:132,0
DA:133,0
DA:134,0
DA:135,0
DA:137,0
DA:138,0
DA:139,0
DA:145,0
DA:153,0
DA:154,0
DA:155,0
DA:161,0
DA:162,0
DA:167,0
DA:168,0
DA:169,0
DA:176,0
DA:177,0
DA:178,0
DA:179,0
DA:181,0
DA:182,0
DA:183,0
DA:189,0
DA:200,0
DA:201,0
DA:206,0
DA:207,0
DA:208,0
DA:216,4
LF:68
LH:3
BRDA:19,0,0,0
BRDA:19,0,1,0
BRDA:19,1,0,0
BRDA:19,1,1,0
BRDA:21,2,0,0
BRDA:29,3,0,0
BRDA:30,4,0,0
BRDA:39,5,0,0
BRDA:43,6,0,0
BRDA:87,7,0,0
BRDA:87,7,1,0
BRDA:87,8,0,0
BRDA:87,8,1,0
BRDA:89,9,0,0
BRDA:105,10,0,0
BRDA:135,11,0,0
BRDA:135,11,1,0
BRDA:135,12,0,0
BRDA:135,12,1,0
BRDA:137,13,0,0
BRDA:153,14,0,0
BRDA:179,15,0,0
BRDA:179,15,1,0
BRDA:179,16,0,0
BRDA:179,16,1,0
BRDA:181,17,0,0
BRF:26
BRH:0
end_of_record
TN:
SF:controllers\postController.ts
FN:62,(anonymous_8)
FN:62,(anonymous_9)
FN:133,(anonymous_10)
FN:133,(anonymous_11)
FN:198,(anonymous_12)
FN:227,(anonymous_13)
FN:227,(anonymous_14)
FN:299,(anonymous_15)
FN:299,(anonymous_16)
FN:367,(anonymous_17)
FN:367,(anonymous_18)
FNF:11
FNH:0
FNDA:0,(anonymous_8)
FNDA:0,(anonymous_9)
FNDA:0,(anonymous_10)
FNDA:0,(anonymous_11)
FNDA:0,(anonymous_12)
FNDA:0,(anonymous_13)
FNDA:0,(anonymous_14)
FNDA:0,(anonymous_15)
FNDA:0,(anonymous_16)
FNDA:0,(anonymous_17)
FNDA:0,(anonymous_18)
DA:2,4
DA:3,4
DA:61,4
DA:62,0
DA:63,0
DA:64,0
DA:65,0
DA:66,0
DA:68,0
DA:69,0
DA:70,0
DA:76,0
DA:77,0
DA:78,0
DA:84,0
DA:93,0
DA:94,0
DA:99,0
DA:100,0
DA:101,0
DA:107,0
DA:110,0
DA:115,0
DA:116,0
DA:124,0
DA:125,0
DA:126,0
DA:133,0
DA:134,0
DA:135,0
DA:137,0
DA:138,0
DA:151,0
DA:153,0
DA:155,0
DA:156,0
DA:157,0
DA:159,0
DA:160,0
DA:165,0
DA:169,0
DA:198,0
DA:206,0
DA:219,0
DA:220,0
DA:227,0
DA:228,0
DA:229,0
DA:231,0
DA:232,0
DA:243,0
DA:245,0
DA:247,0
DA:248,0
DA:249,0
DA:254,0
DA:278,0
DA:291,0
DA:292,0
DA:299,0
DA:300,0
DA:301,0
DA:302,0
DA:303,0
DA:304,0
DA:306,0
DA:307,0
DA:308,0
DA:314,0
DA:315,0
DA:316,0
DA:322,0
DA:323,0
DA:324,0
DA:325,0
DA:331,0
DA:338,0
DA:340,0
DA:341,0
DA:349,0
DA:350,0
DA:358,0
DA:359,0
DA:360,0
DA:367,0
DA:368,0
DA:369,0
DA:370,0
DA:371,0
DA:373,0
DA:374,0
DA:375,0
DA:381,0
DA:382,0
DA:383,0
DA:384,0
DA:390,0
DA:395,0
DA:396,0
DA:398,0
DA:399,0
DA:407,0
DA:408,0
DA:413,0
DA:414,0
DA:415,0
DA:416,0
DA:422,0
DA:423,0
DA:424,0
DA:432,4
LF:111
LH:4
BRDA:66,0,0,0
BRDA:66,0,1,0
BRDA:66,1,0,0
BRDA:66,1,1,0
BRDA:68,2,0,0
BRDA:76,3,0,0
BRDA:76,4,0,0
BRDA:76,4,1,0
BRDA:76,4,2,0
BRDA:89,5,0,0
BRDA:89,5,1,0
BRDA:93,6,0,0
BRDA:93,7,0,0
BRDA:93,7,1,0
BRDA:99,8,0,0
BRDA:135,9,0,0
BRDA:135,9,1,0
BRDA:135,10,0,0
BRDA:135,10,1,0
BRDA:137,11,0,0
BRDA:145,12,0,0
BRDA:146,13,0,0
BRDA:150,14,0,0
BRDA:156,15,0,0
BRDA:159,16,0,0
BRDA:159,17,0,0
BRDA:159,17,1,0
BRDA:165,18,0,0
BRDA:165,18,1,0
BRDA:200,19,0,0
BRDA:200,19,1,0
BRDA:201,20,0,0
BRDA:201,20,1,0
BRDA:201,21,0,0
BRDA:201,21,1,0
BRDA:229,22,0,0
BRDA:229,22,1,0
BRDA:229,23,0,0
BRDA:229,23,1,0
BRDA:231,24,0,0
BRDA:239,25,0,0
BRDA:240,26,0,0
BRDA:248,27,0,0
BRDA:248,28,0,0
BRDA:248,28,1,0
BRDA:304,29,0,0
BRDA:304,29,1,0
BRDA:304,30,0,0
BRDA:304,30,1,0
BRDA:306,31,0,0
BRDA:314,32,0,0
BRDA:314,33,0,0
BRDA:314,33,1,0
BRDA:314,33,2,0
BRDA:323,34,0,0
BRDA:335,35,0,0
BRDA:335,35,1,0
BRDA:340,36,0,0
BRDA:371,37,0,0
BRDA:371,37,1,0
BRDA:371,38,0,0
BRDA:371,38,1,0
BRDA:373,39,0,0
BRDA:382,40,0,0
BRDA:395,41,0,0
BRDA:395,41,1,0
BRDA:398,42,0,0
BRF:67
BRH:0
end_of_record
TN:
SF:controllers\someoneDayController.ts
FN:66,(anonymous_8)
FN:66,(anonymous_9)
FN:146,(anonymous_10)
FN:146,(anonymous_11)
FN:215,(anonymous_12)
FN:244,(anonymous_13)
FN:244,(anonymous_14)
FN:292,(anonymous_15)
FN:312,(anonymous_16)
FN:312,(anonymous_17)
FNF:10
FNH:0
FNDA:0,(anonymous_8)
FNDA:0,(anonymous_9)
FNDA:0,(anonymous_10)
FNDA:0,(anonymous_11)
FNDA:0,(anonymous_12)
FNDA:0,(anonymous_13)
FNDA:0,(anonymous_14)
FNDA:0,(anonymous_15)
FNDA:0,(anonymous_16)
FNDA:0,(anonymous_17)
DA:2,4
DA:3,4
DA:65,4
DA:66,0
DA:67,0
DA:68,0
DA:69,0
DA:70,0
DA:72,0
DA:73,0
DA:74,0
DA:80,0
DA:81,0
DA:82,0
DA:88,0
DA:89,0
DA:90,0
DA:96,0
DA:106,0
DA:107,0
DA:112,0
DA:113,0
DA:114,0
DA:120,0
DA:123,0
DA:128,0
DA:129,0
DA:137,0
DA:138,0
DA:139,0
DA:146,0
DA:147,0
DA:148,0
DA:150,0
DA:151,0
DA:164,0
DA:166,0
DA:168,0
DA:169,0
DA:170,0
DA:172,0
DA:173,0
DA:178,0
DA:186,0
DA:215,0
DA:223,0
DA:236,0
DA:237,0
DA:244,0
DA:245,0
DA:246,0
DA:248,0
DA:249,0
DA:255,0
DA:292,0
DA:297,0
DA:304,0
DA:305,0
DA:312,0
DA:313,0
DA:314,0
DA:315,0
DA:316,0
DA:317,0
DA:319,0
DA:320,0
DA:321,0
DA:327,0
DA:328,0
DA:329,0
DA:335,0
DA:343,0
DA:344,0
DA:345,0
DA:351,0
DA:358,0
DA:359,0
DA:364,0
DA:365,0
DA:366,0
DA:374,4
LF:81
LH:4
BRDA:70,0,0,0
BRDA:70,0,1,0
BRDA:70,1,0,0
BRDA:70,1,1,0
BRDA:72,2,0,0
BRDA:80,3,0,0
BRDA:80,4,0,0
BRDA:80,4,1,0
BRDA:80,4,2,0
BRDA:88,5,0,0
BRDA:88,6,0,0
BRDA:88,6,1,0
BRDA:88,6,2,0
BRDA:102,7,0,0
BRDA:102,7,1,0
BRDA:106,8,0,0
BRDA:106,9,0,0
BRDA:106,9,1,0
BRDA:112,10,0,0
BRDA:148,11,0,0
BRDA:148,11,1,0
BRDA:148,12,0,0
BRDA:148,12,1,0
BRDA:150,13,0,0
BRDA:158,14,0,0
BRDA:159,15,0,0
BRDA:161,16,0,0
BRDA:169,17,0,0
BRDA:172,18,0,0
BRDA:172,19,0,0
BRDA:172,19,1,0
BRDA:178,20,0,0
BRDA:178,20,1,0
BRDA:217,21,0,0
BRDA:217,21,1,0
BRDA:218,22,0,0
BRDA:218,22,1,0
BRDA:218,23,0,0
BRDA:218,23,1,0
BRDA:246,24,0,0
BRDA:246,24,1,0
BRDA:246,25,0,0
BRDA:246,25,1,0
BRDA:248,26,0,0
BRDA:294,27,0,0
BRDA:294,27,1,0
BRDA:317,28,0,0
BRDA:317,28,1,0
BRDA:317,29,0,0
BRDA:317,29,1,0
BRDA:319,30,0,0
BRDA:327,31,0,0
BRDA:327,32,0,0
BRDA:327,32,1,0
BRDA:327,32,2,0
BRDA:343,33,0,0
BRF:56
BRH:0
end_of_record
TN:
SF:controllers\statsController.ts
FN:20,(anonymous_8)
FN:20,(anonymous_9)
FN:84,(anonymous_10)
FN:86,(anonymous_11)
FN:114,(anonymous_12)
FN:114,(anonymous_13)
FN:211,(anonymous_14)
FN:211,(anonymous_15)
FNF:8
FNH:0
FNDA:0,(anonymous_8)
FNDA:0,(anonymous_9)
FNDA:0,(anonymous_10)
FNDA:0,(anonymous_11)
FNDA:0,(anonymous_12)
FNDA:0,(anonymous_13)
FNDA:0,(anonymous_14)
FNDA:0,(anonymous_15)
DA:2,4
DA:3,4
DA:19,4
DA:20,0
DA:21,0
DA:22,0
DA:24,0
DA:25,0
DA:31,0
DA:33,0
DA:34,0
DA:35,0
DA:40,0
DA:55,0
DA:56,0
DA:63,0
DA:84,0
DA:86,0
DA:93,0
DA:106,0
DA:107,0
DA:114,0
DA:115,0
DA:116,0
DA:117,0
DA:119,0
DA:120,0
DA:121,0
DA:136,0
DA:184,0
DA:195,0
DA:196,0
DA:202,0
DA:203,0
DA:204,0
DA:211,0
DA:212,0
DA:213,0
DA:215,0
DA:216,0
DA:222,0
DA:224,0
DA:225,0
DA:226,0
DA:231,0
DA:237,0
DA:255,0
DA:267,0
DA:268,0
DA:276,4
LF:50
LH:4
BRDA:22,0,0,0
BRDA:22,0,1,0
BRDA:22,1,0,0
BRDA:22,1,1,0
BRDA:24,2,0,0
BRDA:31,3,0,0
BRDA:34,4,0,0
BRDA:34,5,0,0
BRDA:34,5,1,0
BRDA:55,6,0,0
BRDA:74,7,0,0
BRDA:74,7,1,0
BRDA:74,8,0,0
BRDA:74,8,1,0
BRDA:117,9,0,0
BRDA:117,9,1,0
BRDA:117,10,0,0
BRDA:117,10,1,0
BRDA:119,11,0,0
BRDA:213,12,0,0
BRDA:213,12,1,0
BRDA:213,13,0,0
BRDA:213,13,1,0
BRDA:215,14,0,0
BRDA:222,15,0,0
BRDA:225,16,0,0
BRDA:225,17,0,0
BRDA:225,17,1,0
BRDA:231,18,0,0
BRDA:231,18,1,0
BRDA:233,19,0,0
BRDA:233,19,1,0
BRDA:239,20,0,0
BRDA:239,20,1,0
BRDA:241,21,0,0
BRDA:241,21,1,0
BRF:36
BRH:0
end_of_record
TN:
SF:controllers\userController.ts
FN:9,(anonymous_8)
FN:63,(anonymous_10)
FN:118,(anonymous_12)
FN:160,(anonymous_14)
FNF:4
FNH:3
FNDA:7,(anonymous_8)
FNDA:4,(anonymous_10)
FNDA:1,(anonymous_12)
FNDA:0,(anonymous_14)
DA:2,4
DA:3,4
DA:4,4
DA:5,4
DA:10,7
DA:11,7
DA:14,7
DA:15,7
DA:16,1
DA:23,6
DA:24,6
DA:27,6
DA:35,6
DA:41,6
DA:55,0
DA:56,0
DA:64,4
DA:65,4
DA:68,4
DA:73,4
DA:74,0
DA:81,4
DA:82,4
DA:83,1
DA:90,3
DA:96,3
DA:110,0
DA:111,0
DA:119,1
DA:120,1
DA:121,1
DA:122,0
DA:129,1
DA:133,1
DA:134,0
DA:140,1
DA:152,0
DA:153,0
DA:161,0
DA:162,0
DA:163,0
DA:164,0
DA:170,0
DA:172,0
DA:173,0
DA:174,0
DA:180,0
DA:185,0
DA:197,0
DA:198,0
DA:206,4
LF:51
LH:30
BRDA:15,0,0,1
BRDA:73,1,0,0
BRDA:82,2,0,1
BRDA:121,3,0,0
BRDA:133,4,0,0
BRDA:163,5,0,0
BRDA:173,6,0,0
BRF:7
BRH:2
end_of_record
TN:
SF:middleware\authMiddleware.ts
FN:14,(anonymous_8)
FN:14,(anonymous_9)
FNF:2
FNH:2
FNDA:2,(anonymous_8)
FNDA:2,(anonymous_9)
DA:2,4
DA:3,4
DA:4,4
DA:14,4
DA:15,2
DA:16,2
DA:18,2
DA:19,1
DA:25,1
DA:26,1
DA:27,0
DA:33,1
DA:34,1
DA:35,1
DA:39,1
DA:40,0
DA:46,1
DA:47,1
DA:49,0
DA:55,0
DA:56,0
DA:63,4
LF:22
LH:17
BRDA:18,0,0,1
BRDA:26,1,0,0
BRDA:39,2,0,0
BRF:3
BRH:1
end_of_record
TN:
SF:middleware\corsMiddleware.ts
FNF:0
FNH:0
DA:1,4
DA:3,4
DA:12,4
DA:14,4
LF:4
LH:4
BRF:0
BRH:0
end_of_record
TN:
SF:middleware\errorMiddleware.ts
FN:7,(anonymous_0)
FNF:1
FNH:0
FNDA:0,(anonymous_0)
DA:7,4
DA:8,0
DA:10,0
DA:16,4
LF:4
LH:2
BRDA:8,0,0,0
BRDA:8,0,1,0
BRDA:12,1,0,0
BRDA:12,1,1,0
BRF:4
BRH:0
end_of_record
TN:
SF:middleware\validationMiddleware.ts
FN:37,(anonymous_7)
FN:37,(anonymous_8)
FN:37,(anonymous_9)
FN:5,(anonymous_10)
FN:6,(anonymous_11)
FN:6,(anonymous_12)
FN:9,(anonymous_13)
FN:19,(anonymous_14)
FNF:8
FNH:6
FNDA:20,(anonymous_7)
FNDA:68,(anonymous_8)
FNDA:0,(anonymous_9)
FNDA:100,(anonymous_10)
FNDA:11,(anonymous_11)
FNDA:11,(anonymous_12)
FNDA:29,(anonymous_13)
FNDA:0,(anonymous_14)
DA:2,4
DA:5,4
DA:6,100
DA:7,11
DA:9,29
DA:11,11
DA:12,11
DA:13,11
DA:17,0
DA:19,0
DA:25,0
DA:37,72
DA:40,4
DA:82,4
DA:110,4
DA:127,4
LF:16
LH:13
BRDA:12,0,0,11
BRDA:20,1,0,0
BRDA:20,1,1,0
BRF:3
BRH:1
end_of_record
TN:
SF:models\Emotion.ts
FN:20,(anonymous_0)
FNF:1
FNH:1
FNDA:4,(anonymous_0)
DA:1,4
DA:13,4
DA:21,4
LF:3
LH:3
BRF:0
BRH:0
end_of_record
TN:
SF:models\EmotionLog.ts
FN:24,(anonymous_0)
FNF:1
FNH:1
FNDA:4,(anonymous_0)
DA:1,4
DA:15,4
DA:25,4
LF:3
LH:3
BRF:0
BRH:0
end_of_record
TN:
SF:models\User.ts
FN:55,(anonymous_7)
FN:160,(anonymous_8)
FN:211,(anonymous_9)
FN:218,(anonymous_10)
FN:224,(anonymous_12)
FN:230,(anonymous_14)
FN:233,(anonymous_16)
FN:234,(anonymous_17)
FNF:8
FNH:1
FNDA:4,(anonymous_7)
FNDA:0,(anonymous_8)
FNDA:0,(anonymous_9)
FNDA:0,(anonymous_10)
FNDA:0,(anonymous_12)
FNDA:0,(anonymous_14)
FNDA:0,(anonymous_16)
FNDA:0,(anonymous_17)
DA:1,4
DA:24,4
DA:56,4
DA:162,0
DA:172,0
DA:182,0
DA:190,0
DA:200,0
DA:212,0
DA:213,0
DA:214,0
DA:219,0
DA:220,0
DA:225,0
DA:226,0
DA:231,0
DA:232,0
DA:233,0
DA:235,0
DA:236,0
DA:239,0
DA:243,4
LF:22
LH:4
BRF:0
BRH:0
end_of_record
TN:
SF:models\index.ts
FN:127,(anonymous_8)
FN:127,(anonymous_9)
FN:127,(anonymous_10)
FN:98,(anonymous_11)
FN:98,(anonymous_12)
FNF:5
FNH:1
FNDA:25,(anonymous_8)
FNDA:0,(anonymous_9)
FNDA:0,(anonymous_10)
FNDA:0,(anonymous_11)
FNDA:0,(anonymous_12)
DA:1,4
DA:2,4
DA:3,4
DA:4,4
DA:5,4
DA:7,4
DA:11,4
DA:13,4
DA:24,4
DA:27,0
DA:36,0
DA:41,0
DA:68,0
DA:72,4
DA:73,4
DA:74,4
DA:77,4
DA:82,4
DA:87,4
DA:92,4
DA:98,4
DA:99,0
DA:100,0
DA:101,0
DA:102,0
DA:104,0
DA:105,0
DA:106,0
DA:107,0
DA:109,0
DA:110,0
DA:112,0
DA:113,0
DA:115,0
DA:119,4
DA:127,29
DA:128,4
LF:37
LH:20
BRDA:7,0,0,4
BRDA:7,0,1,0
BRDA:11,1,0,4
BRDA:11,1,1,0
BRDA:28,2,0,0
BRDA:28,2,1,0
BRDA:29,3,0,0
BRDA:29,3,1,0
BRDA:30,4,0,0
BRDA:30,4,1,0
BRDA:31,5,0,0
BRDA:31,5,1,0
BRDA:32,6,0,0
BRDA:32,6,1,0
BRDA:50,7,0,0
BRDA:50,7,1,0
BRDA:105,8,0,0
BRDA:105,9,0,0
BRDA:105,9,1,0
BRDA:105,10,0,0
BRDA:105,10,1,0
BRDA:109,11,0,0
BRDA:109,12,0,0
BRDA:109,12,1,0
BRDA:109,13,0,0
BRDA:109,13,1,0
BRDA:112,14,0,0
BRDA:112,15,0,0
BRDA:112,15,1,0
BRDA:112,16,0,0
BRDA:112,16,1,0
BRF:31
BRH:2
end_of_record
TN:
SF:routes\challenges.ts
FNF:0
FNH:0
DA:3,4
DA:4,4
DA:5,4
DA:6,4
DA:7,4
DA:9,4
DA:20,4
DA:48,4
DA:79,4
DA:96,4
DA:111,4
LF:11
LH:11
BRF:0
BRH:0
end_of_record
TN:
SF:routes\comfortWall.ts
FN:88,(anonymous_1)
FNF:1
FNH:0
FNDA:0,(anonymous_1)
DA:1,4
DA:2,4
DA:3,4
DA:4,4
DA:5,4
DA:7,4
DA:18,4
DA:44,4
DA:72,4
DA:88,0
DA:91,4
LF:11
LH:10
BRF:0
BRH:0
end_of_record
TN:
SF:routes\emotions.ts
FNF:0
FNH:0
DA:1,4
DA:2,4
DA:3,4
DA:4,4
DA:6,4
DA:9,4
DA:12,4
DA:25,4
DA:34,4
DA:43,4
DA:56,4
DA:61,4
LF:12
LH:12
BRF:0
BRH:0
end_of_record
TN:
SF:routes\index.ts
FN:14,(anonymous_1)
FNF:1
FNH:1
FNDA:1,(anonymous_1)
DA:1,4
DA:2,4
DA:3,4
DA:4,4
DA:5,4
DA:6,4
DA:7,4
DA:8,4
DA:9,4
DA:10,4
DA:12,4
DA:14,4
DA:15,1
DA:21,4
DA:22,4
DA:23,4
DA:24,4
DA:25,4
DA:26,4
DA:27,4
DA:28,4
DA:29,4
DA:31,4
LF:23
LH:23
BRF:0
BRH:0
end_of_record
TN:
SF:routes\myDay.ts
FN:28,(anonymous_1)
FN:49,(anonymous_2)
FN:69,(anonymous_3)
FN:83,(anonymous_4)
FNF:4
FNH:0
FNDA:0,(anonymous_1)
FNDA:0,(anonymous_2)
FNDA:0,(anonymous_3)
FNDA:0,(anonymous_4)
DA:1,4
DA:2,4
DA:3,4
DA:4,4
DA:5,4
DA:7,4
DA:18,4
DA:28,0
DA:40,4
DA:49,0
DA:61,4
DA:69,0
DA:81,4
DA:83,0
DA:86,4
LF:15
LH:11
BRF:0
BRH:0
end_of_record
TN:
SF:routes\notifications.ts
FNF:0
FNH:0
DA:1,4
DA:2,4
DA:3,4
DA:5,4
DA:16,4
DA:27,4
DA:38,4
DA:40,4
LF:8
LH:8
BRF:0
BRH:0
end_of_record
TN:
SF:routes\posts.ts
FNF:0
FNH:0
DA:1,4
DA:2,4
DA:3,4
DA:4,4
DA:32,4
DA:43,4
DA:83,4
DA:116,4
DA:133,4
DA:156,4
DA:166,4
LF:11
LH:11
BRF:0
BRH:0
end_of_record
TN:
SF:routes\someoneDay.ts
FN:30,(anonymous_1)
FN:58,(anonymous_2)
FN:72,(anonymous_3)
FN:92,(anonymous_4)
FNF:4
FNH:0
FNDA:0,(anonymous_1)
FNDA:0,(anonymous_2)
FNDA:0,(anonymous_3)
FNDA:0,(anonymous_4)
DA:1,4
DA:2,4
DA:3,4
DA:4,4
DA:5,4
DA:7,4
DA:18,4
DA:30,0
DA:42,4
DA:58,0
DA:70,4
DA:72,0
DA:84,4
DA:92,0
DA:95,4
LF:15
LH:11
BRF:0
BRH:0
end_of_record
TN:
SF:routes\stats.ts
FNF:0
FNH:0
DA:1,4
DA:2,4
DA:3,4
DA:5,4
DA:16,4
DA:27,4
DA:29,4
LF:7
LH:7
BRF:0
BRH:0
end_of_record
TN:
SF:routes\users.ts
FNF:0
FNH:0
DA:1,4
DA:2,4
DA:3,4
DA:4,4
DA:6,4
DA:9,4
DA:28,4
DA:41,4
DA:44,4
DA:59,4
LF:10
LH:10
BRF:0
BRH:0
end_of_record
